[ 2017-09-02T18:46:04+08:00 ] [ sql ] [ DB ] CONNECT:[ UseTime:0.003000s ] mysql:dbname=location_data;host=127.0.0.1;port=3306;charset=utf8
[ sql ] [ SQL ] SHOW COLUMNS FROM `commager` [ RunTime:0.003000s ]
[ sql ] [ SQL ] SELECT * FROM `commager` WHERE  `loginName` = 'admin'  AND `passwd` = '21232f297a57a5a743894a0e4a801fc3' LIMIT 1 [ RunTime:0.001001s ]

---------------------------------------------------------------
[ 2017-09-02T18:46:04+08:00 ] [ sql ] [ DB ] CONNECT:[ UseTime:0.002001s ] mysql:dbname=location_data;host=127.0.0.1;port=3306;charset=utf8
[ sql ] [ SQL ] SHOW COLUMNS FROM `square` [ RunTime:0.003000s ]
[ sql ] [ SQL ] SELECT COUNT(*) AS tp_count FROM `square` LIMIT 1 [ RunTime:0.000000s ]
[ sql ] [ SQL ] SHOW COLUMNS FROM `building` [ RunTime:0.002000s ]
[ sql ] [ SQL ] SELECT COUNT(*) AS tp_count FROM `building` LIMIT 1 [ RunTime:0.001000s ]
[ sql ] [ SQL ] SHOW COLUMNS FROM `floor` [ RunTime:0.002000s ]
[ sql ] [ SQL ] SELECT COUNT(*) AS tp_count FROM `floor` LIMIT 1 [ RunTime:0.001000s ]
[ sql ] [ SQL ] SHOW COLUMNS FROM `aps` [ RunTime:0.001000s ]
[ sql ] [ SQL ] SELECT COUNT(*) AS tp_count FROM `aps` LIMIT 1 [ RunTime:0.000000s ]

---------------------------------------------------------------
[ 2017-09-02T18:46:10+08:00 ] [ sql ] [ DB ] CONNECT:[ UseTime:0.011001s ] mysql:dbname=location_data;host=127.0.0.1;port=3306;charset=utf8
[ sql ] [ SQL ] SHOW COLUMNS FROM `square` [ RunTime:0.002000s ]
[ sql ] [ SQL ] SELECT * FROM `square` [ RunTime:0.001000s ]
[ sql ] [ DB ] CONNECT:[ UseTime:0.010001s ] mysql:dbname=location_data;host=127.0.0.1;port=3306;charset=utf8
[ sql ] [ SQL ] SHOW COLUMNS FROM `aps` [ RunTime:0.001000s ]
[ sql ] [ DB ] CONNECT:[ UseTime:0.011001s ] mysql:dbname=location_data;host=127.0.0.1;port=3306;charset=utf8
[ sql ] [ SQL ] SHOW COLUMNS FROM `floor` [ RunTime:0.002000s ]
[ sql ] [ SQL ] SELECT COUNT(*) AS tp_count FROM `floor` INNER JOIN `square` `s` ON `s`.`id`=`floor`.`campus_id` INNER JOIN `building` `b` ON `b`.`id`=`floor`.`building_id` INNER JOIN `sys_location_info` `sys_location_info` ON `sys_location_info`.`location_id`=`s`.`location_id` LEFT JOIN ( SELECT count(*) AS `cnt`,`floor_id` FROM `aps` GROUP BY floor_id ) `a` ON `a`.`floor_id`=`floor`.`id` LIMIT 1 [ RunTime:0.020001s ]
[ sql ] [ SQL ] SELECT `s`.`campus_name`,`floor`.`floor_name`,`b`.`building_name`,`floor`.`floor_img_X`,`floor`.`floor_img_Y`,`floor_img_path`,`sys_location_info`.`location_name`,`floor`.`building_id`,`floor`.`campus_id`,`floor`.`id`,`a`.`cnt` FROM `floor` INNER JOIN `square` `s` ON `s`.`id`=`floor`.`campus_id` INNER JOIN `building` `b` ON `b`.`id`=`floor`.`building_id` INNER JOIN `sys_location_info` `sys_location_info` ON `sys_location_info`.`location_id`=`s`.`location_id` LEFT JOIN ( SELECT count(*) AS `cnt`,`floor_id` FROM `aps` GROUP BY floor_id ) `a` ON `a`.`floor_id`=`floor`.`id` LIMIT 0,10 [ RunTime:0.013001s ]

---------------------------------------------------------------
[ 2017-09-02T18:46:11+08:00 ] [ sql ] [ DB ] CONNECT:[ UseTime:0.012001s ] mysql:dbname=location_data;host=127.0.0.1;port=3306;charset=utf8
[ sql ] [ SQL ] SHOW COLUMNS FROM `building` [ RunTime:0.003000s ]
[ sql ] [ SQL ] SELECT * FROM `building` WHERE  (  campusId=1 ) [ RunTime:0.001000s ]

---------------------------------------------------------------
[ 2017-09-02T18:46:11+08:00 ] [ sql ] [ DB ] CONNECT:[ UseTime:0.002000s ] mysql:dbname=location_data;host=127.0.0.1;port=3306;charset=utf8
[ sql ] [ SQL ] SHOW COLUMNS FROM `building` [ RunTime:0.002000s ]
[ sql ] [ SQL ] SELECT * FROM `building` WHERE  (  campusId=1 ) [ RunTime:0.000000s ]

---------------------------------------------------------------
[ 2017-09-02T18:46:14+08:00 ] [ sql ] [ DB ] CONNECT:[ UseTime:0.002001s ] mysql:dbname=location_data;host=127.0.0.1;port=3306;charset=utf8
[ sql ] [ SQL ] SHOW COLUMNS FROM `floor` [ RunTime:0.003000s ]
[ sql ] [ SQL ] SELECT * FROM `floor` WHERE  `floor_id` = 2 LIMIT 1 [ RunTime:0.001000s ]
[ sql ] [ DB ] CONNECT:[ UseTime:0.011000s ] mysql:dbname=location_data;host=127.0.0.1;port=3306;charset=utf8
[ sql ] [ SQL ] SHOW COLUMNS FROM `square` [ RunTime:0.002001s ]
[ sql ] [ SQL ] SELECT `floor`.*,`square`.`campus_name`,`square`.`location_id`,`square`.`campus_address` FROM `square` INNER JOIN `floor` `floor` ON `square`.`id`=`floor`.`campus_id` WHERE  (  floor.id=2 ) LIMIT 1 [ RunTime:0.001000s ]
[ sql ] [ DB ] CONNECT:[ UseTime:0.010000s ] mysql:dbname=location_data;host=127.0.0.1;port=3306;charset=utf8
[ sql ] [ SQL ] SHOW COLUMNS FROM `ibeacon` [ RunTime:0.002000s ]
[ sql ] [ SQL ] SELECT `ibname`,`id`,`mac`,`posX` AS `Xcor`,`posY` AS `Ycor`,`status`,`ip`,`vender`,timestampdiff(minute,up_time,now()) AS `off_minute` FROM `ibeacon` WHERE  `floor_id` = 2 [ RunTime:0.001000s ]
[ sql ] [ SQL ] SELECT `mac`,`ibname`,`ip`,`vender`,`posX`,`posY`,`uuid`,`major`,`minor` FROM `ibeacon` ORDER BY id desc LIMIT 1 [ RunTime:0.000000s ]
[ error ] [2]Division by zero

---------------------------------------------------------------
[ 2017-09-02T18:46:19+08:00 ] [ sql ] [ DB ] CONNECT:[ UseTime:0.002000s ] mysql:dbname=location_data;host=127.0.0.1;port=3306;charset=utf8
[ sql ] [ SQL ] SHOW COLUMNS FROM `square` [ RunTime:0.004001s ]
[ sql ] [ SQL ] SELECT * FROM `square` [ RunTime:0.001000s ]
[ sql ] [ DB ] CONNECT:[ UseTime:0.002000s ] mysql:dbname=location_data;host=127.0.0.1;port=3306;charset=utf8
[ sql ] [ SQL ] SHOW COLUMNS FROM `aps` [ RunTime:0.001000s ]
[ sql ] [ DB ] CONNECT:[ UseTime:0.010001s ] mysql:dbname=location_data;host=127.0.0.1;port=3306;charset=utf8
[ sql ] [ SQL ] SHOW COLUMNS FROM `floor` [ RunTime:0.002000s ]
[ sql ] [ SQL ] SELECT COUNT(*) AS tp_count FROM `floor` INNER JOIN `square` `s` ON `s`.`id`=`floor`.`campus_id` INNER JOIN `building` `b` ON `b`.`id`=`floor`.`building_id` INNER JOIN `sys_location_info` `sys_location_info` ON `sys_location_info`.`location_id`=`s`.`location_id` LEFT JOIN ( SELECT count(*) AS `cnt`,`floor_id` FROM `aps` GROUP BY floor_id ) `a` ON `a`.`floor_id`=`floor`.`id` LIMIT 1 [ RunTime:0.002000s ]
[ sql ] [ SQL ] SELECT `s`.`campus_name`,`floor`.`floor_name`,`b`.`building_name`,`floor`.`floor_img_X`,`floor`.`floor_img_Y`,`floor_img_path`,`sys_location_info`.`location_name`,`floor`.`building_id`,`floor`.`campus_id`,`floor`.`id`,`a`.`cnt` FROM `floor` INNER JOIN `square` `s` ON `s`.`id`=`floor`.`campus_id` INNER JOIN `building` `b` ON `b`.`id`=`floor`.`building_id` INNER JOIN `sys_location_info` `sys_location_info` ON `sys_location_info`.`location_id`=`s`.`location_id` LEFT JOIN ( SELECT count(*) AS `cnt`,`floor_id` FROM `aps` GROUP BY floor_id ) `a` ON `a`.`floor_id`=`floor`.`id` LIMIT 0,10 [ RunTime:0.001000s ]

---------------------------------------------------------------
[ 2017-09-02T18:46:19+08:00 ] [ sql ] [ DB ] CONNECT:[ UseTime:0.012000s ] mysql:dbname=location_data;host=127.0.0.1;port=3306;charset=utf8
[ sql ] [ SQL ] SHOW COLUMNS FROM `building` [ RunTime:0.001000s ]
[ sql ] [ SQL ] SELECT * FROM `building` WHERE  (  campusId=1 ) [ RunTime:0.000000s ]

---------------------------------------------------------------
[ 2017-09-02T18:46:19+08:00 ] [ sql ] [ DB ] CONNECT:[ UseTime:0.002000s ] mysql:dbname=location_data;host=127.0.0.1;port=3306;charset=utf8
[ sql ] [ SQL ] SHOW COLUMNS FROM `building` [ RunTime:0.001000s ]
[ sql ] [ SQL ] SELECT * FROM `building` WHERE  (  campusId=1 ) [ RunTime:0.000000s ]

---------------------------------------------------------------
[ 2017-09-02T18:46:21+08:00 ] [ sql ] [ DB ] CONNECT:[ UseTime:0.003000s ] mysql:dbname=location_data;host=127.0.0.1;port=3306;charset=utf8
[ sql ] [ SQL ] SHOW COLUMNS FROM `floor` [ RunTime:0.001000s ]
[ sql ] [ SQL ] SELECT * FROM `floor` WHERE  `floor_id` = 1 LIMIT 1 [ RunTime:0.001000s ]
[ sql ] [ DB ] CONNECT:[ UseTime:0.001000s ] mysql:dbname=location_data;host=127.0.0.1;port=3306;charset=utf8
[ sql ] [ SQL ] SHOW COLUMNS FROM `square` [ RunTime:0.002001s ]
[ sql ] [ SQL ] SELECT `floor`.*,`square`.`campus_name`,`square`.`location_id`,`square`.`campus_address` FROM `square` INNER JOIN `floor` `floor` ON `square`.`id`=`floor`.`campus_id` WHERE  (  floor.id=1 ) LIMIT 1 [ RunTime:0.002000s ]
[ sql ] [ DB ] CONNECT:[ UseTime:0.001000s ] mysql:dbname=location_data;host=127.0.0.1;port=3306;charset=utf8
[ sql ] [ SQL ] SHOW COLUMNS FROM `ibeacon` [ RunTime:0.001000s ]
[ sql ] [ SQL ] SELECT `ibname`,`id`,`mac`,`posX` AS `Xcor`,`posY` AS `Ycor`,`status`,`ip`,`vender`,timestampdiff(minute,up_time,now()) AS `off_minute` FROM `ibeacon` WHERE  `floor_id` = 1 [ RunTime:0.001000s ]
[ sql ] [ SQL ] SELECT `mac`,`ibname`,`ip`,`vender`,`posX`,`posY`,`uuid`,`major`,`minor` FROM `ibeacon` ORDER BY id desc LIMIT 1 [ RunTime:0.001000s ]

---------------------------------------------------------------
[ 2017-09-02T18:46:29+08:00 ] [ sql ] [ DB ] CONNECT:[ UseTime:0.002000s ] mysql:dbname=location_data;host=127.0.0.1;port=3306;charset=utf8
[ sql ] [ SQL ] SHOW COLUMNS FROM `square` [ RunTime:0.002000s ]
[ sql ] [ SQL ] SELECT * FROM `square` [ RunTime:0.000000s ]
[ sql ] [ DB ] CONNECT:[ UseTime:0.001001s ] mysql:dbname=location_data;host=127.0.0.1;port=3306;charset=utf8
[ sql ] [ SQL ] SHOW COLUMNS FROM `aps` [ RunTime:0.001000s ]
[ sql ] [ DB ] CONNECT:[ UseTime:0.001000s ] mysql:dbname=location_data;host=127.0.0.1;port=3306;charset=utf8
[ sql ] [ SQL ] SHOW COLUMNS FROM `floor` [ RunTime:0.002000s ]
[ sql ] [ SQL ] SELECT COUNT(*) AS tp_count FROM `floor` INNER JOIN `square` `s` ON `s`.`id`=`floor`.`campus_id` INNER JOIN `building` `b` ON `b`.`id`=`floor`.`building_id` INNER JOIN `sys_location_info` `sys_location_info` ON `sys_location_info`.`location_id`=`s`.`location_id` LEFT JOIN ( SELECT count(*) AS `cnt`,`floor_id` FROM `aps` GROUP BY floor_id ) `a` ON `a`.`floor_id`=`floor`.`id` LIMIT 1 [ RunTime:0.001000s ]
[ sql ] [ SQL ] SELECT `s`.`campus_name`,`floor`.`floor_name`,`b`.`building_name`,`floor`.`floor_img_X`,`floor`.`floor_img_Y`,`floor_img_path`,`sys_location_info`.`location_name`,`floor`.`building_id`,`floor`.`campus_id`,`floor`.`id`,`a`.`cnt` FROM `floor` INNER JOIN `square` `s` ON `s`.`id`=`floor`.`campus_id` INNER JOIN `building` `b` ON `b`.`id`=`floor`.`building_id` INNER JOIN `sys_location_info` `sys_location_info` ON `sys_location_info`.`location_id`=`s`.`location_id` LEFT JOIN ( SELECT count(*) AS `cnt`,`floor_id` FROM `aps` GROUP BY floor_id ) `a` ON `a`.`floor_id`=`floor`.`id` LIMIT 0,10 [ RunTime:0.002000s ]

---------------------------------------------------------------
[ 2017-09-02T18:46:29+08:00 ] [ sql ] [ DB ] CONNECT:[ UseTime:0.002000s ] mysql:dbname=location_data;host=127.0.0.1;port=3306;charset=utf8
[ sql ] [ SQL ] SHOW COLUMNS FROM `building` [ RunTime:0.002000s ]
[ sql ] [ SQL ] SELECT * FROM `building` WHERE  (  campusId=1 ) [ RunTime:0.001000s ]

---------------------------------------------------------------
[ 2017-09-02T18:46:29+08:00 ] [ sql ] [ DB ] CONNECT:[ UseTime:0.001000s ] mysql:dbname=location_data;host=127.0.0.1;port=3306;charset=utf8
[ sql ] [ SQL ] SHOW COLUMNS FROM `building` [ RunTime:0.001000s ]
[ sql ] [ SQL ] SELECT * FROM `building` WHERE  (  campusId=1 ) [ RunTime:0.001000s ]

---------------------------------------------------------------
[ 2017-09-02T18:46:31+08:00 ] [ sql ] [ DB ] CONNECT:[ UseTime:0.001000s ] mysql:dbname=location_data;host=127.0.0.1;port=3306;charset=utf8
[ sql ] [ SQL ] SHOW COLUMNS FROM `floor` [ RunTime:0.001000s ]
[ sql ] [ SQL ] SELECT * FROM `floor` WHERE  `floor_id` = 2 LIMIT 1 [ RunTime:0.000000s ]
[ sql ] [ DB ] CONNECT:[ UseTime:0.001000s ] mysql:dbname=location_data;host=127.0.0.1;port=3306;charset=utf8
[ sql ] [ SQL ] SHOW COLUMNS FROM `square` [ RunTime:0.002000s ]
[ sql ] [ SQL ] SELECT `floor`.*,`square`.`campus_name`,`square`.`location_id`,`square`.`campus_address` FROM `square` INNER JOIN `floor` `floor` ON `square`.`id`=`floor`.`campus_id` WHERE  (  floor.id=2 ) LIMIT 1 [ RunTime:0.001000s ]
[ sql ] [ DB ] CONNECT:[ UseTime:0.001001s ] mysql:dbname=location_data;host=127.0.0.1;port=3306;charset=utf8
[ sql ] [ SQL ] SHOW COLUMNS FROM `ibeacon` [ RunTime:0.001000s ]
[ sql ] [ SQL ] SELECT `ibname`,`id`,`mac`,`posX` AS `Xcor`,`posY` AS `Ycor`,`status`,`ip`,`vender`,timestampdiff(minute,up_time,now()) AS `off_minute` FROM `ibeacon` WHERE  `floor_id` = 2 [ RunTime:0.001000s ]
[ sql ] [ SQL ] SELECT `mac`,`ibname`,`ip`,`vender`,`posX`,`posY`,`uuid`,`major`,`minor` FROM `ibeacon` ORDER BY id desc LIMIT 1 [ RunTime:0.001000s ]
[ error ] [2]Division by zero

---------------------------------------------------------------
[ 2017-09-02T18:46:33+08:00 ] [ sql ] [ DB ] CONNECT:[ UseTime:0.001000s ] mysql:dbname=location_data;host=127.0.0.1;port=3306;charset=utf8
[ sql ] [ SQL ] SHOW COLUMNS FROM `square` [ RunTime:0.001000s ]
[ sql ] [ SQL ] SELECT * FROM `square` [ RunTime:0.001000s ]
[ sql ] [ DB ] CONNECT:[ UseTime:0.001000s ] mysql:dbname=location_data;host=127.0.0.1;port=3306;charset=utf8
[ sql ] [ SQL ] SHOW COLUMNS FROM `aps` [ RunTime:0.001000s ]
[ sql ] [ DB ] CONNECT:[ UseTime:0.011001s ] mysql:dbname=location_data;host=127.0.0.1;port=3306;charset=utf8
[ sql ] [ SQL ] SHOW COLUMNS FROM `floor` [ RunTime:0.001000s ]
[ sql ] [ SQL ] SELECT COUNT(*) AS tp_count FROM `floor` INNER JOIN `square` `s` ON `s`.`id`=`floor`.`campus_id` INNER JOIN `building` `b` ON `b`.`id`=`floor`.`building_id` INNER JOIN `sys_location_info` `sys_location_info` ON `sys_location_info`.`location_id`=`s`.`location_id` LEFT JOIN ( SELECT count(*) AS `cnt`,`floor_id` FROM `aps` GROUP BY floor_id ) `a` ON `a`.`floor_id`=`floor`.`id` LIMIT 1 [ RunTime:0.001000s ]
[ sql ] [ SQL ] SELECT `s`.`campus_name`,`floor`.`floor_name`,`b`.`building_name`,`floor`.`floor_img_X`,`floor`.`floor_img_Y`,`floor_img_path`,`sys_location_info`.`location_name`,`floor`.`building_id`,`floor`.`campus_id`,`floor`.`id`,`a`.`cnt` FROM `floor` INNER JOIN `square` `s` ON `s`.`id`=`floor`.`campus_id` INNER JOIN `building` `b` ON `b`.`id`=`floor`.`building_id` INNER JOIN `sys_location_info` `sys_location_info` ON `sys_location_info`.`location_id`=`s`.`location_id` LEFT JOIN ( SELECT count(*) AS `cnt`,`floor_id` FROM `aps` GROUP BY floor_id ) `a` ON `a`.`floor_id`=`floor`.`id` LIMIT 0,10 [ RunTime:0.001000s ]

---------------------------------------------------------------
[ 2017-09-02T18:46:33+08:00 ] [ sql ] [ DB ] CONNECT:[ UseTime:0.012001s ] mysql:dbname=location_data;host=127.0.0.1;port=3306;charset=utf8
[ sql ] [ SQL ] SHOW COLUMNS FROM `building` [ RunTime:0.001000s ]
[ sql ] [ SQL ] SELECT * FROM `building` WHERE  (  campusId=1 ) [ RunTime:0.000000s ]

---------------------------------------------------------------
[ 2017-09-02T18:46:33+08:00 ] [ sql ] [ DB ] CONNECT:[ UseTime:0.001000s ] mysql:dbname=location_data;host=127.0.0.1;port=3306;charset=utf8
[ sql ] [ SQL ] SHOW COLUMNS FROM `building` [ RunTime:0.001000s ]
[ sql ] [ SQL ] SELECT * FROM `building` WHERE  (  campusId=1 ) [ RunTime:0.001000s ]

---------------------------------------------------------------
[ 2017-09-02T18:47:11+08:00 ] ::1 ::1 GET /ib5/index.php/index/place/floor.html
[ log ] localhost/ib5/index.php/index/place/floor.html [运行时间：0.075004s][吞吐率：13.33req/s] [内存消耗：3,553.81kb] [文件加载：59]
[ info ] [ LANG ] G:\wamp64\www\ib5\thinkphp\lang\zh-cn.php
[ info ] [ ROUTE ] array (
  'type' => 'module',
  'module' => 
  array (
    0 => 'index',
    1 => 'place',
    2 => 'floor',
  ),
)
[ info ] [ HEADER ] array (
  'host' => 'localhost',
  'connection' => 'keep-alive',
  'cache-control' => 'max-age=0',
  'upgrade-insecure-requests' => '1',
  'user-agent' => 'Mozilla/5.0 (Windows NT 6.1; WOW64) AppleWebKit/537.36 (KHTML, like Gecko) Chrome/60.0.3112.90 Safari/537.36',
  'accept' => 'text/html,application/xhtml+xml,application/xml;q=0.9,image/webp,image/apng,*/*;q=0.8',
  'referer' => 'http://localhost/ib5/index.php/index/index/index.html',
  'accept-encoding' => 'gzip, deflate, br',
  'accept-language' => 'zh-CN,zh;q=0.8',
  'cookie' => 'a0537_times=3; UM_distinctid=15d02e2e01f6-0f4ab884e85d8a-474b0421-100200-15d02e2e020fe; CNZZDATA1260520261=1135890009-1498991043-%7C1498991043; Hm_lvt_58347d769d009bcf6074e9a0ab7ba05e=1498282664,1499393186,1499415898,1499837253; remember_admin_59ba36addc2b2f9401580f014c7f58ea4e30989d=eyJpdiI6ImVsU2hTcjJMRG80R2J0XC9rNnRubjB3PT0iLCJ2YWx1ZSI6Ikx4RE81a0t5YXdUNmFCZkpOWDNaRm5VemQrV2lTRjZyNzdCZnR3WUpOaCs4ejlGRHFBQmFiemlkK0FNbENlYTJuV2YxME1pTW5Gb2pPemppaUpPVzIzS2wwV2xsXC80Q0E5RkVjNEl3Q1RQND0iLCJtYWMiOiIwZGRjZTgzMGMwMzQyMjVmZTQ4NDFmYjA5NzE4YTk1ODNmOTA1MjJkZGMyOTgxNGQ5MjUyMmFlZjc4MzlhOTJmIn0%3D; userName=admin; userPass=admin; PHPSESSID=b9b026gsujn7n0bhcvgjv90515',
)
[ info ] [ PARAM ] array (
)
[ info ] [ SESSION ] INIT array (
  'id' => '',
  'var_session_id' => '',
  'prefix' => 'think',
  'type' => '',
  'auto_start' => true,
)
[ info ] [ RUN ] app\index\controller\Place->floor[ G:\wamp64\www\ib5\application\index\controller\Place.php ]
[ info ] [ DB ] INIT mysql
[ info ] [ DB ] INIT mysql
[ info ] [ DB ] INIT mysql
[ info ] [ VIEW ] G:\wamp64\www\ib5/application/index\view\place\floor.html [ array (
  0 => 'page',
  1 => 'squarelist',
  2 => 'floorlist',
) ]
[ info ] [ LOG ] INIT File
[ sql ] [ DB ] CONNECT:[ UseTime:0.010001s ] mysql:dbname=location_data;host=127.0.0.1;port=3306;charset=utf8
[ sql ] [ SQL ] SHOW COLUMNS FROM `square` [ RunTime:0.001000s ]
[ sql ] [ SQL ] SELECT * FROM `square` [ RunTime:0.001000s ]
[ sql ] [ DB ] CONNECT:[ UseTime:0.001000s ] mysql:dbname=location_data;host=127.0.0.1;port=3306;charset=utf8
[ sql ] [ SQL ] SHOW COLUMNS FROM `aps` [ RunTime:0.001000s ]
[ sql ] [ DB ] CONNECT:[ UseTime:0.001000s ] mysql:dbname=location_data;host=127.0.0.1;port=3306;charset=utf8
[ sql ] [ SQL ] SHOW COLUMNS FROM `floor` [ RunTime:0.001000s ]
[ sql ] [ SQL ] SELECT COUNT(*) AS tp_count FROM `floor` INNER JOIN `square` `s` ON `s`.`id`=`floor`.`campus_id` INNER JOIN `building` `b` ON `b`.`id`=`floor`.`building_id` INNER JOIN `sys_location_info` `sys_location_info` ON `sys_location_info`.`location_id`=`s`.`location_id` LEFT JOIN ( SELECT count(*) AS `cnt`,`floor_id` FROM `aps` GROUP BY floor_id ) `a` ON `a`.`floor_id`=`floor`.`id` LIMIT 1 [ RunTime:0.002000s ]
[ sql ] [ SQL ] SELECT `s`.`campus_name`,`floor`.`floor_name`,`b`.`building_name`,`floor`.`floor_img_X`,`floor`.`floor_img_Y`,`floor_img_path`,`sys_location_info`.`location_name`,`floor`.`building_id`,`floor`.`campus_id`,`floor`.`id`,`a`.`cnt` FROM `floor` INNER JOIN `square` `s` ON `s`.`id`=`floor`.`campus_id` INNER JOIN `building` `b` ON `b`.`id`=`floor`.`building_id` INNER JOIN `sys_location_info` `sys_location_info` ON `sys_location_info`.`location_id`=`s`.`location_id` LEFT JOIN ( SELECT count(*) AS `cnt`,`floor_id` FROM `aps` GROUP BY floor_id ) `a` ON `a`.`floor_id`=`floor`.`id` LIMIT 0,10 [ RunTime:0.001000s ]

---------------------------------------------------------------
[ 2017-09-02T18:47:11+08:00 ] ::1 ::1 POST /ib5/index.php/index/place/getbuildings.html
[ log ] localhost/ib5/index.php/index/place/getbuildings.html [运行时间：0.044002s][吞吐率：22.73req/s] [内存消耗：3,235.30kb] [文件加载：54]
[ info ] [ LANG ] G:\wamp64\www\ib5\thinkphp\lang\zh-cn.php
[ info ] [ ROUTE ] array (
  'type' => 'module',
  'module' => 
  array (
    0 => 'index',
    1 => 'place',
    2 => 'getbuildings',
  ),
)
[ info ] [ HEADER ] array (
  'host' => 'localhost',
  'connection' => 'keep-alive',
  'content-length' => '4',
  'accept' => 'application/json, text/javascript, */*; q=0.01',
  'origin' => 'http://localhost',
  'x-requested-with' => 'XMLHttpRequest',
  'user-agent' => 'Mozilla/5.0 (Windows NT 6.1; WOW64) AppleWebKit/537.36 (KHTML, like Gecko) Chrome/60.0.3112.90 Safari/537.36',
  'content-type' => 'application/x-www-form-urlencoded; charset=UTF-8',
  'referer' => 'http://localhost/ib5/index.php/index/place/floor.html',
  'accept-encoding' => 'gzip, deflate, br',
  'accept-language' => 'zh-CN,zh;q=0.8',
  'cookie' => 'a0537_times=3; UM_distinctid=15d02e2e01f6-0f4ab884e85d8a-474b0421-100200-15d02e2e020fe; CNZZDATA1260520261=1135890009-1498991043-%7C1498991043; Hm_lvt_58347d769d009bcf6074e9a0ab7ba05e=1498282664,1499393186,1499415898,1499837253; remember_admin_59ba36addc2b2f9401580f014c7f58ea4e30989d=eyJpdiI6ImVsU2hTcjJMRG80R2J0XC9rNnRubjB3PT0iLCJ2YWx1ZSI6Ikx4RE81a0t5YXdUNmFCZkpOWDNaRm5VemQrV2lTRjZyNzdCZnR3WUpOaCs4ejlGRHFBQmFiemlkK0FNbENlYTJuV2YxME1pTW5Gb2pPemppaUpPVzIzS2wwV2xsXC80Q0E5RkVjNEl3Q1RQND0iLCJtYWMiOiIwZGRjZTgzMGMwMzQyMjVmZTQ4NDFmYjA5NzE4YTk1ODNmOTA1MjJkZGMyOTgxNGQ5MjUyMmFlZjc4MzlhOTJmIn0%3D; userName=admin; userPass=admin; PHPSESSID=b9b026gsujn7n0bhcvgjv90515',
)
[ info ] [ PARAM ] array (
  'id' => '1',
)
[ info ] [ SESSION ] INIT array (
  'id' => '',
  'var_session_id' => '',
  'prefix' => 'think',
  'type' => '',
  'auto_start' => true,
)
[ info ] [ RUN ] app\index\controller\Place->getbuildings[ G:\wamp64\www\ib5\application\index\controller\Place.php ]
[ info ] [ DB ] INIT mysql
[ info ] [ LOG ] INIT File
[ sql ] [ DB ] CONNECT:[ UseTime:0.002000s ] mysql:dbname=location_data;host=127.0.0.1;port=3306;charset=utf8
[ sql ] [ SQL ] SHOW COLUMNS FROM `building` [ RunTime:0.002000s ]
[ sql ] [ SQL ] SELECT * FROM `building` WHERE  (  campusId=1 ) [ RunTime:0.001000s ]

---------------------------------------------------------------
[ 2017-09-02T18:47:11+08:00 ] ::1 ::1 POST /ib5/index.php/index/place/getbuilding.html
[ log ] localhost/ib5/index.php/index/place/getbuilding.html [运行时间：0.075004s][吞吐率：13.33req/s] [内存消耗：3,235.30kb] [文件加载：54]
[ info ] [ LANG ] G:\wamp64\www\ib5\thinkphp\lang\zh-cn.php
[ info ] [ ROUTE ] array (
  'type' => 'module',
  'module' => 
  array (
    0 => 'index',
    1 => 'place',
    2 => 'getbuilding',
  ),
)
[ info ] [ HEADER ] array (
  'host' => 'localhost',
  'connection' => 'keep-alive',
  'content-length' => '4',
  'accept' => 'application/json, text/javascript, */*; q=0.01',
  'origin' => 'http://localhost',
  'x-requested-with' => 'XMLHttpRequest',
  'user-agent' => 'Mozilla/5.0 (Windows NT 6.1; WOW64) AppleWebKit/537.36 (KHTML, like Gecko) Chrome/60.0.3112.90 Safari/537.36',
  'content-type' => 'application/x-www-form-urlencoded; charset=UTF-8',
  'referer' => 'http://localhost/ib5/index.php/index/place/floor.html',
  'accept-encoding' => 'gzip, deflate, br',
  'accept-language' => 'zh-CN,zh;q=0.8',
  'cookie' => 'a0537_times=3; UM_distinctid=15d02e2e01f6-0f4ab884e85d8a-474b0421-100200-15d02e2e020fe; CNZZDATA1260520261=1135890009-1498991043-%7C1498991043; Hm_lvt_58347d769d009bcf6074e9a0ab7ba05e=1498282664,1499393186,1499415898,1499837253; remember_admin_59ba36addc2b2f9401580f014c7f58ea4e30989d=eyJpdiI6ImVsU2hTcjJMRG80R2J0XC9rNnRubjB3PT0iLCJ2YWx1ZSI6Ikx4RE81a0t5YXdUNmFCZkpOWDNaRm5VemQrV2lTRjZyNzdCZnR3WUpOaCs4ejlGRHFBQmFiemlkK0FNbENlYTJuV2YxME1pTW5Gb2pPemppaUpPVzIzS2wwV2xsXC80Q0E5RkVjNEl3Q1RQND0iLCJtYWMiOiIwZGRjZTgzMGMwMzQyMjVmZTQ4NDFmYjA5NzE4YTk1ODNmOTA1MjJkZGMyOTgxNGQ5MjUyMmFlZjc4MzlhOTJmIn0%3D; userName=admin; userPass=admin; PHPSESSID=b9b026gsujn7n0bhcvgjv90515',
)
[ info ] [ PARAM ] array (
  'id' => '1',
)
[ info ] [ SESSION ] INIT array (
  'id' => '',
  'var_session_id' => '',
  'prefix' => 'think',
  'type' => '',
  'auto_start' => true,
)
[ info ] [ RUN ] app\index\controller\Place->getbuilding[ G:\wamp64\www\ib5\application\index\controller\Place.php ]
[ info ] [ DB ] INIT mysql
[ info ] [ LOG ] INIT File
[ sql ] [ DB ] CONNECT:[ UseTime:0.002000s ] mysql:dbname=location_data;host=127.0.0.1;port=3306;charset=utf8
[ sql ] [ SQL ] SHOW COLUMNS FROM `building` [ RunTime:0.001000s ]
[ sql ] [ SQL ] SELECT * FROM `building` WHERE  (  campusId=1 ) [ RunTime:0.000000s ]

---------------------------------------------------------------
[ 2017-09-02T18:47:14+08:00 ] ::1 ::1 GET /ib5/index.php/index/ibeacon/position/floor_id/2/campus_id/1.html
[ log ] localhost/ib5/index.php/index/ibeacon/position/floor_id/2/campus_id/1.html [运行时间：0.070004s][吞吐率：14.28req/s] [内存消耗：3,497.92kb] [文件加载：60]
[ info ] [ LANG ] G:\wamp64\www\ib5\thinkphp\lang\zh-cn.php
[ info ] [ ROUTE ] array (
  'type' => 'module',
  'module' => 
  array (
    0 => 'index',
    1 => 'ibeacon',
    2 => 'position',
  ),
)
[ info ] [ HEADER ] array (
  'host' => 'localhost',
  'connection' => 'keep-alive',
  'upgrade-insecure-requests' => '1',
  'user-agent' => 'Mozilla/5.0 (Windows NT 6.1; WOW64) AppleWebKit/537.36 (KHTML, like Gecko) Chrome/60.0.3112.90 Safari/537.36',
  'accept' => 'text/html,application/xhtml+xml,application/xml;q=0.9,image/webp,image/apng,*/*;q=0.8',
  'referer' => 'http://localhost/ib5/index.php/index/place/floor.html',
  'accept-encoding' => 'gzip, deflate, br',
  'accept-language' => 'zh-CN,zh;q=0.8',
  'cookie' => 'a0537_times=3; UM_distinctid=15d02e2e01f6-0f4ab884e85d8a-474b0421-100200-15d02e2e020fe; CNZZDATA1260520261=1135890009-1498991043-%7C1498991043; Hm_lvt_58347d769d009bcf6074e9a0ab7ba05e=1498282664,1499393186,1499415898,1499837253; remember_admin_59ba36addc2b2f9401580f014c7f58ea4e30989d=eyJpdiI6ImVsU2hTcjJMRG80R2J0XC9rNnRubjB3PT0iLCJ2YWx1ZSI6Ikx4RE81a0t5YXdUNmFCZkpOWDNaRm5VemQrV2lTRjZyNzdCZnR3WUpOaCs4ejlGRHFBQmFiemlkK0FNbENlYTJuV2YxME1pTW5Gb2pPemppaUpPVzIzS2wwV2xsXC80Q0E5RkVjNEl3Q1RQND0iLCJtYWMiOiIwZGRjZTgzMGMwMzQyMjVmZTQ4NDFmYjA5NzE4YTk1ODNmOTA1MjJkZGMyOTgxNGQ5MjUyMmFlZjc4MzlhOTJmIn0%3D; userName=admin; userPass=admin; PHPSESSID=b9b026gsujn7n0bhcvgjv90515',
)
[ info ] [ PARAM ] array (
  'floor_id' => '2',
  'campus_id' => '1',
)
[ info ] [ SESSION ] INIT array (
  'id' => '',
  'var_session_id' => '',
  'prefix' => 'think',
  'type' => '',
  'auto_start' => true,
)
[ info ] [ RUN ] app\index\controller\Ibeacon->position[ G:\wamp64\www\ib5\application\index\controller\Ibeacon.php ]
[ info ] [ DB ] INIT mysql
[ info ] [ DB ] INIT mysql
[ info ] [ DB ] INIT mysql
[ info ] [ VIEW ] G:\wamp64\www\ib5/application/index\view\ibeacon\position.html [ array (
  0 => 'aplist',
  1 => 'apinfo',
  2 => 'map',
) ]
[ info ] [ LOG ] INIT File
[ sql ] [ DB ] CONNECT:[ UseTime:0.001000s ] mysql:dbname=location_data;host=127.0.0.1;port=3306;charset=utf8
[ sql ] [ SQL ] SHOW COLUMNS FROM `floor` [ RunTime:0.001000s ]
[ sql ] [ SQL ] SELECT * FROM `floor` WHERE  `floor_id` = 2 LIMIT 1 [ RunTime:0.001000s ]
[ sql ] [ DB ] CONNECT:[ UseTime:0.001000s ] mysql:dbname=location_data;host=127.0.0.1;port=3306;charset=utf8
[ sql ] [ SQL ] SHOW COLUMNS FROM `square` [ RunTime:0.003000s ]
[ sql ] [ SQL ] SELECT `floor`.*,`square`.`campus_name`,`square`.`location_id`,`square`.`campus_address` FROM `square` INNER JOIN `floor` `floor` ON `square`.`id`=`floor`.`campus_id` WHERE  (  floor.id=2 ) LIMIT 1 [ RunTime:0.002000s ]
[ sql ] [ DB ] CONNECT:[ UseTime:0.002000s ] mysql:dbname=location_data;host=127.0.0.1;port=3306;charset=utf8
[ sql ] [ SQL ] SHOW COLUMNS FROM `ibeacon` [ RunTime:0.001000s ]
[ sql ] [ SQL ] SELECT `ibname`,`id`,`mac`,`posX` AS `Xcor`,`posY` AS `Ycor`,`status`,`ip`,`vender`,timestampdiff(minute,up_time,now()) AS `off_minute` FROM `ibeacon` WHERE  `floor_id` = 2 [ RunTime:0.000000s ]
[ sql ] [ SQL ] SELECT `mac`,`ibname`,`ip`,`vender`,`posX`,`posY`,`uuid`,`major`,`minor` FROM `ibeacon` ORDER BY id desc LIMIT 1 [ RunTime:0.000000s ]
[ error ] [2]Division by zero[G:\wamp64\www\ib5\runtime\temp\d17bfdee9f2169542d3a5764c2121cce.php:317]

---------------------------------------------------------------
[ 2017-09-02T18:48:05+08:00 ] ::1 ::1 GET /ib5/index.php/index/place/floor.html
[ log ] localhost/ib5/index.php/index/place/floor.html [运行时间：0.069004s][吞吐率：14.49req/s] [内存消耗：3,553.73kb] [文件加载：59]
[ info ] [ LANG ] G:\wamp64\www\ib5\thinkphp\lang\zh-cn.php
[ info ] [ ROUTE ] array (
  'type' => 'module',
  'module' => 
  array (
    0 => 'index',
    1 => 'place',
    2 => 'floor',
  ),
)
[ info ] [ HEADER ] array (
  'host' => 'localhost',
  'connection' => 'keep-alive',
  'upgrade-insecure-requests' => '1',
  'user-agent' => 'Mozilla/5.0 (Windows NT 6.1; WOW64) AppleWebKit/537.36 (KHTML, like Gecko) Chrome/60.0.3112.90 Safari/537.36',
  'accept' => 'text/html,application/xhtml+xml,application/xml;q=0.9,image/webp,image/apng,*/*;q=0.8',
  'referer' => 'http://localhost/ib5/index.php/index/index/index.html',
  'accept-encoding' => 'gzip, deflate, br',
  'accept-language' => 'zh-CN,zh;q=0.8',
  'cookie' => 'a0537_times=3; UM_distinctid=15d02e2e01f6-0f4ab884e85d8a-474b0421-100200-15d02e2e020fe; CNZZDATA1260520261=1135890009-1498991043-%7C1498991043; Hm_lvt_58347d769d009bcf6074e9a0ab7ba05e=1498282664,1499393186,1499415898,1499837253; remember_admin_59ba36addc2b2f9401580f014c7f58ea4e30989d=eyJpdiI6ImVsU2hTcjJMRG80R2J0XC9rNnRubjB3PT0iLCJ2YWx1ZSI6Ikx4RE81a0t5YXdUNmFCZkpOWDNaRm5VemQrV2lTRjZyNzdCZnR3WUpOaCs4ejlGRHFBQmFiemlkK0FNbENlYTJuV2YxME1pTW5Gb2pPemppaUpPVzIzS2wwV2xsXC80Q0E5RkVjNEl3Q1RQND0iLCJtYWMiOiIwZGRjZTgzMGMwMzQyMjVmZTQ4NDFmYjA5NzE4YTk1ODNmOTA1MjJkZGMyOTgxNGQ5MjUyMmFlZjc4MzlhOTJmIn0%3D; userName=admin; userPass=admin; PHPSESSID=b9b026gsujn7n0bhcvgjv90515',
)
[ info ] [ PARAM ] array (
)
[ info ] [ SESSION ] INIT array (
  'id' => '',
  'var_session_id' => '',
  'prefix' => 'think',
  'type' => '',
  'auto_start' => true,
)
[ info ] [ RUN ] app\index\controller\Place->floor[ G:\wamp64\www\ib5\application\index\controller\Place.php ]
[ info ] [ DB ] INIT mysql
[ info ] [ DB ] INIT mysql
[ info ] [ DB ] INIT mysql
[ info ] [ VIEW ] G:\wamp64\www\ib5/application/index\view\place\floor.html [ array (
  0 => 'page',
  1 => 'squarelist',
  2 => 'floorlist',
) ]
[ info ] [ LOG ] INIT File
[ sql ] [ DB ] CONNECT:[ UseTime:0.001000s ] mysql:dbname=location_data;host=127.0.0.1;port=3306;charset=utf8
[ sql ] [ SQL ] SHOW COLUMNS FROM `square` [ RunTime:0.002000s ]
[ sql ] [ SQL ] SELECT * FROM `square` [ RunTime:0.001000s ]
[ sql ] [ DB ] CONNECT:[ UseTime:0.002000s ] mysql:dbname=location_data;host=127.0.0.1;port=3306;charset=utf8
[ sql ] [ SQL ] SHOW COLUMNS FROM `aps` [ RunTime:0.001000s ]
[ sql ] [ DB ] CONNECT:[ UseTime:0.001000s ] mysql:dbname=location_data;host=127.0.0.1;port=3306;charset=utf8
[ sql ] [ SQL ] SHOW COLUMNS FROM `floor` [ RunTime:0.002000s ]
[ sql ] [ SQL ] SELECT COUNT(*) AS tp_count FROM `floor` INNER JOIN `square` `s` ON `s`.`id`=`floor`.`campus_id` INNER JOIN `building` `b` ON `b`.`id`=`floor`.`building_id` INNER JOIN `sys_location_info` `sys_location_info` ON `sys_location_info`.`location_id`=`s`.`location_id` LEFT JOIN ( SELECT count(*) AS `cnt`,`floor_id` FROM `aps` GROUP BY floor_id ) `a` ON `a`.`floor_id`=`floor`.`id` LIMIT 1 [ RunTime:0.003000s ]
[ sql ] [ SQL ] SELECT `s`.`campus_name`,`floor`.`floor_name`,`b`.`building_name`,`floor`.`floor_img_X`,`floor`.`floor_img_Y`,`floor_img_path`,`sys_location_info`.`location_name`,`floor`.`building_id`,`floor`.`campus_id`,`floor`.`id`,`a`.`cnt` FROM `floor` INNER JOIN `square` `s` ON `s`.`id`=`floor`.`campus_id` INNER JOIN `building` `b` ON `b`.`id`=`floor`.`building_id` INNER JOIN `sys_location_info` `sys_location_info` ON `sys_location_info`.`location_id`=`s`.`location_id` LEFT JOIN ( SELECT count(*) AS `cnt`,`floor_id` FROM `aps` GROUP BY floor_id ) `a` ON `a`.`floor_id`=`floor`.`id` LIMIT 0,10 [ RunTime:0.001001s ]

---------------------------------------------------------------
[ 2017-09-02T18:48:06+08:00 ] ::1 ::1 POST /ib5/index.php/index/place/getbuilding.html
[ log ] localhost/ib5/index.php/index/place/getbuilding.html [运行时间：0.047003s][吞吐率：21.28req/s] [内存消耗：3,235.30kb] [文件加载：54]
[ info ] [ LANG ] G:\wamp64\www\ib5\thinkphp\lang\zh-cn.php
[ info ] [ ROUTE ] array (
  'type' => 'module',
  'module' => 
  array (
    0 => 'index',
    1 => 'place',
    2 => 'getbuilding',
  ),
)
[ info ] [ HEADER ] array (
  'host' => 'localhost',
  'connection' => 'keep-alive',
  'content-length' => '4',
  'accept' => 'application/json, text/javascript, */*; q=0.01',
  'origin' => 'http://localhost',
  'x-requested-with' => 'XMLHttpRequest',
  'user-agent' => 'Mozilla/5.0 (Windows NT 6.1; WOW64) AppleWebKit/537.36 (KHTML, like Gecko) Chrome/60.0.3112.90 Safari/537.36',
  'content-type' => 'application/x-www-form-urlencoded; charset=UTF-8',
  'referer' => 'http://localhost/ib5/index.php/index/place/floor.html',
  'accept-encoding' => 'gzip, deflate, br',
  'accept-language' => 'zh-CN,zh;q=0.8',
  'cookie' => 'a0537_times=3; UM_distinctid=15d02e2e01f6-0f4ab884e85d8a-474b0421-100200-15d02e2e020fe; CNZZDATA1260520261=1135890009-1498991043-%7C1498991043; Hm_lvt_58347d769d009bcf6074e9a0ab7ba05e=1498282664,1499393186,1499415898,1499837253; remember_admin_59ba36addc2b2f9401580f014c7f58ea4e30989d=eyJpdiI6ImVsU2hTcjJMRG80R2J0XC9rNnRubjB3PT0iLCJ2YWx1ZSI6Ikx4RE81a0t5YXdUNmFCZkpOWDNaRm5VemQrV2lTRjZyNzdCZnR3WUpOaCs4ejlGRHFBQmFiemlkK0FNbENlYTJuV2YxME1pTW5Gb2pPemppaUpPVzIzS2wwV2xsXC80Q0E5RkVjNEl3Q1RQND0iLCJtYWMiOiIwZGRjZTgzMGMwMzQyMjVmZTQ4NDFmYjA5NzE4YTk1ODNmOTA1MjJkZGMyOTgxNGQ5MjUyMmFlZjc4MzlhOTJmIn0%3D; userName=admin; userPass=admin; PHPSESSID=b9b026gsujn7n0bhcvgjv90515',
)
[ info ] [ PARAM ] array (
  'id' => '1',
)
[ info ] [ SESSION ] INIT array (
  'id' => '',
  'var_session_id' => '',
  'prefix' => 'think',
  'type' => '',
  'auto_start' => true,
)
[ info ] [ RUN ] app\index\controller\Place->getbuilding[ G:\wamp64\www\ib5\application\index\controller\Place.php ]
[ info ] [ DB ] INIT mysql
[ info ] [ LOG ] INIT File
[ sql ] [ DB ] CONNECT:[ UseTime:0.001000s ] mysql:dbname=location_data;host=127.0.0.1;port=3306;charset=utf8
[ sql ] [ SQL ] SHOW COLUMNS FROM `building` [ RunTime:0.001001s ]
[ sql ] [ SQL ] SELECT * FROM `building` WHERE  (  campusId=1 ) [ RunTime:0.000000s ]

---------------------------------------------------------------
[ 2017-09-02T18:48:06+08:00 ] ::1 ::1 POST /ib5/index.php/index/place/getbuildings.html
[ log ] localhost/ib5/index.php/index/place/getbuildings.html [运行时间：0.075004s][吞吐率：13.33req/s] [内存消耗：3,235.30kb] [文件加载：54]
[ info ] [ LANG ] G:\wamp64\www\ib5\thinkphp\lang\zh-cn.php
[ info ] [ ROUTE ] array (
  'type' => 'module',
  'module' => 
  array (
    0 => 'index',
    1 => 'place',
    2 => 'getbuildings',
  ),
)
[ info ] [ HEADER ] array (
  'host' => 'localhost',
  'connection' => 'keep-alive',
  'content-length' => '4',
  'accept' => 'application/json, text/javascript, */*; q=0.01',
  'origin' => 'http://localhost',
  'x-requested-with' => 'XMLHttpRequest',
  'user-agent' => 'Mozilla/5.0 (Windows NT 6.1; WOW64) AppleWebKit/537.36 (KHTML, like Gecko) Chrome/60.0.3112.90 Safari/537.36',
  'content-type' => 'application/x-www-form-urlencoded; charset=UTF-8',
  'referer' => 'http://localhost/ib5/index.php/index/place/floor.html',
  'accept-encoding' => 'gzip, deflate, br',
  'accept-language' => 'zh-CN,zh;q=0.8',
  'cookie' => 'a0537_times=3; UM_distinctid=15d02e2e01f6-0f4ab884e85d8a-474b0421-100200-15d02e2e020fe; CNZZDATA1260520261=1135890009-1498991043-%7C1498991043; Hm_lvt_58347d769d009bcf6074e9a0ab7ba05e=1498282664,1499393186,1499415898,1499837253; remember_admin_59ba36addc2b2f9401580f014c7f58ea4e30989d=eyJpdiI6ImVsU2hTcjJMRG80R2J0XC9rNnRubjB3PT0iLCJ2YWx1ZSI6Ikx4RE81a0t5YXdUNmFCZkpOWDNaRm5VemQrV2lTRjZyNzdCZnR3WUpOaCs4ejlGRHFBQmFiemlkK0FNbENlYTJuV2YxME1pTW5Gb2pPemppaUpPVzIzS2wwV2xsXC80Q0E5RkVjNEl3Q1RQND0iLCJtYWMiOiIwZGRjZTgzMGMwMzQyMjVmZTQ4NDFmYjA5NzE4YTk1ODNmOTA1MjJkZGMyOTgxNGQ5MjUyMmFlZjc4MzlhOTJmIn0%3D; userName=admin; userPass=admin; PHPSESSID=b9b026gsujn7n0bhcvgjv90515',
)
[ info ] [ PARAM ] array (
  'id' => '1',
)
[ info ] [ SESSION ] INIT array (
  'id' => '',
  'var_session_id' => '',
  'prefix' => 'think',
  'type' => '',
  'auto_start' => true,
)
[ info ] [ RUN ] app\index\controller\Place->getbuildings[ G:\wamp64\www\ib5\application\index\controller\Place.php ]
[ info ] [ DB ] INIT mysql
[ info ] [ LOG ] INIT File
[ sql ] [ DB ] CONNECT:[ UseTime:0.002000s ] mysql:dbname=location_data;host=127.0.0.1;port=3306;charset=utf8
[ sql ] [ SQL ] SHOW COLUMNS FROM `building` [ RunTime:0.002000s ]
[ sql ] [ SQL ] SELECT * FROM `building` WHERE  (  campusId=1 ) [ RunTime:0.000000s ]

---------------------------------------------------------------
[ 2017-09-02T18:48:08+08:00 ] ::1 ::1 GET /ib5/index.php/index/place/floor.html
[ log ] localhost/ib5/index.php/index/place/floor.html [运行时间：0.088005s][吞吐率：11.36req/s] [内存消耗：3,553.81kb] [文件加载：59]
[ info ] [ LANG ] G:\wamp64\www\ib5\thinkphp\lang\zh-cn.php
[ info ] [ ROUTE ] array (
  'type' => 'module',
  'module' => 
  array (
    0 => 'index',
    1 => 'place',
    2 => 'floor',
  ),
)
[ info ] [ HEADER ] array (
  'host' => 'localhost',
  'connection' => 'keep-alive',
  'cache-control' => 'max-age=0',
  'upgrade-insecure-requests' => '1',
  'user-agent' => 'Mozilla/5.0 (Windows NT 6.1; WOW64) AppleWebKit/537.36 (KHTML, like Gecko) Chrome/60.0.3112.90 Safari/537.36',
  'accept' => 'text/html,application/xhtml+xml,application/xml;q=0.9,image/webp,image/apng,*/*;q=0.8',
  'referer' => 'http://localhost/ib5/index.php/index/index/index.html',
  'accept-encoding' => 'gzip, deflate, br',
  'accept-language' => 'zh-CN,zh;q=0.8',
  'cookie' => 'a0537_times=3; UM_distinctid=15d02e2e01f6-0f4ab884e85d8a-474b0421-100200-15d02e2e020fe; CNZZDATA1260520261=1135890009-1498991043-%7C1498991043; Hm_lvt_58347d769d009bcf6074e9a0ab7ba05e=1498282664,1499393186,1499415898,1499837253; remember_admin_59ba36addc2b2f9401580f014c7f58ea4e30989d=eyJpdiI6ImVsU2hTcjJMRG80R2J0XC9rNnRubjB3PT0iLCJ2YWx1ZSI6Ikx4RE81a0t5YXdUNmFCZkpOWDNaRm5VemQrV2lTRjZyNzdCZnR3WUpOaCs4ejlGRHFBQmFiemlkK0FNbENlYTJuV2YxME1pTW5Gb2pPemppaUpPVzIzS2wwV2xsXC80Q0E5RkVjNEl3Q1RQND0iLCJtYWMiOiIwZGRjZTgzMGMwMzQyMjVmZTQ4NDFmYjA5NzE4YTk1ODNmOTA1MjJkZGMyOTgxNGQ5MjUyMmFlZjc4MzlhOTJmIn0%3D; userName=admin; userPass=admin; PHPSESSID=b9b026gsujn7n0bhcvgjv90515',
)
[ info ] [ PARAM ] array (
)
[ info ] [ SESSION ] INIT array (
  'id' => '',
  'var_session_id' => '',
  'prefix' => 'think',
  'type' => '',
  'auto_start' => true,
)
[ info ] [ RUN ] app\index\controller\Place->floor[ G:\wamp64\www\ib5\application\index\controller\Place.php ]
[ info ] [ DB ] INIT mysql
[ info ] [ DB ] INIT mysql
[ info ] [ DB ] INIT mysql
[ info ] [ VIEW ] G:\wamp64\www\ib5/application/index\view\place\floor.html [ array (
  0 => 'page',
  1 => 'squarelist',
  2 => 'floorlist',
) ]
[ info ] [ LOG ] INIT File
[ sql ] [ DB ] CONNECT:[ UseTime:0.011000s ] mysql:dbname=location_data;host=127.0.0.1;port=3306;charset=utf8
[ sql ] [ SQL ] SHOW COLUMNS FROM `square` [ RunTime:0.001000s ]
[ sql ] [ SQL ] SELECT * FROM `square` [ RunTime:0.001001s ]
[ sql ] [ DB ] CONNECT:[ UseTime:0.010000s ] mysql:dbname=location_data;host=127.0.0.1;port=3306;charset=utf8
[ sql ] [ SQL ] SHOW COLUMNS FROM `aps` [ RunTime:0.001000s ]
[ sql ] [ DB ] CONNECT:[ UseTime:0.002000s ] mysql:dbname=location_data;host=127.0.0.1;port=3306;charset=utf8
[ sql ] [ SQL ] SHOW COLUMNS FROM `floor` [ RunTime:0.002001s ]
[ sql ] [ SQL ] SELECT COUNT(*) AS tp_count FROM `floor` INNER JOIN `square` `s` ON `s`.`id`=`floor`.`campus_id` INNER JOIN `building` `b` ON `b`.`id`=`floor`.`building_id` INNER JOIN `sys_location_info` `sys_location_info` ON `sys_location_info`.`location_id`=`s`.`location_id` LEFT JOIN ( SELECT count(*) AS `cnt`,`floor_id` FROM `aps` GROUP BY floor_id ) `a` ON `a`.`floor_id`=`floor`.`id` LIMIT 1 [ RunTime:0.003000s ]
[ sql ] [ SQL ] SELECT `s`.`campus_name`,`floor`.`floor_name`,`b`.`building_name`,`floor`.`floor_img_X`,`floor`.`floor_img_Y`,`floor_img_path`,`sys_location_info`.`location_name`,`floor`.`building_id`,`floor`.`campus_id`,`floor`.`id`,`a`.`cnt` FROM `floor` INNER JOIN `square` `s` ON `s`.`id`=`floor`.`campus_id` INNER JOIN `building` `b` ON `b`.`id`=`floor`.`building_id` INNER JOIN `sys_location_info` `sys_location_info` ON `sys_location_info`.`location_id`=`s`.`location_id` LEFT JOIN ( SELECT count(*) AS `cnt`,`floor_id` FROM `aps` GROUP BY floor_id ) `a` ON `a`.`floor_id`=`floor`.`id` LIMIT 0,10 [ RunTime:0.001000s ]

---------------------------------------------------------------
[ 2017-09-02T18:48:08+08:00 ] ::1 ::1 POST /ib5/index.php/index/place/getbuilding.html
[ log ] localhost/ib5/index.php/index/place/getbuilding.html [运行时间：0.048002s][吞吐率：20.83req/s] [内存消耗：3,235.30kb] [文件加载：54]
[ info ] [ LANG ] G:\wamp64\www\ib5\thinkphp\lang\zh-cn.php
[ info ] [ ROUTE ] array (
  'type' => 'module',
  'module' => 
  array (
    0 => 'index',
    1 => 'place',
    2 => 'getbuilding',
  ),
)
[ info ] [ HEADER ] array (
  'host' => 'localhost',
  'connection' => 'keep-alive',
  'content-length' => '4',
  'accept' => 'application/json, text/javascript, */*; q=0.01',
  'origin' => 'http://localhost',
  'x-requested-with' => 'XMLHttpRequest',
  'user-agent' => 'Mozilla/5.0 (Windows NT 6.1; WOW64) AppleWebKit/537.36 (KHTML, like Gecko) Chrome/60.0.3112.90 Safari/537.36',
  'content-type' => 'application/x-www-form-urlencoded; charset=UTF-8',
  'referer' => 'http://localhost/ib5/index.php/index/place/floor.html',
  'accept-encoding' => 'gzip, deflate, br',
  'accept-language' => 'zh-CN,zh;q=0.8',
  'cookie' => 'a0537_times=3; UM_distinctid=15d02e2e01f6-0f4ab884e85d8a-474b0421-100200-15d02e2e020fe; CNZZDATA1260520261=1135890009-1498991043-%7C1498991043; Hm_lvt_58347d769d009bcf6074e9a0ab7ba05e=1498282664,1499393186,1499415898,1499837253; remember_admin_59ba36addc2b2f9401580f014c7f58ea4e30989d=eyJpdiI6ImVsU2hTcjJMRG80R2J0XC9rNnRubjB3PT0iLCJ2YWx1ZSI6Ikx4RE81a0t5YXdUNmFCZkpOWDNaRm5VemQrV2lTRjZyNzdCZnR3WUpOaCs4ejlGRHFBQmFiemlkK0FNbENlYTJuV2YxME1pTW5Gb2pPemppaUpPVzIzS2wwV2xsXC80Q0E5RkVjNEl3Q1RQND0iLCJtYWMiOiIwZGRjZTgzMGMwMzQyMjVmZTQ4NDFmYjA5NzE4YTk1ODNmOTA1MjJkZGMyOTgxNGQ5MjUyMmFlZjc4MzlhOTJmIn0%3D; userName=admin; userPass=admin; PHPSESSID=b9b026gsujn7n0bhcvgjv90515',
)
[ info ] [ PARAM ] array (
  'id' => '1',
)
[ info ] [ SESSION ] INIT array (
  'id' => '',
  'var_session_id' => '',
  'prefix' => 'think',
  'type' => '',
  'auto_start' => true,
)
[ info ] [ RUN ] app\index\controller\Place->getbuilding[ G:\wamp64\www\ib5\application\index\controller\Place.php ]
[ info ] [ DB ] INIT mysql
[ info ] [ LOG ] INIT File
[ sql ] [ DB ] CONNECT:[ UseTime:0.002000s ] mysql:dbname=location_data;host=127.0.0.1;port=3306;charset=utf8
[ sql ] [ SQL ] SHOW COLUMNS FROM `building` [ RunTime:0.001000s ]
[ sql ] [ SQL ] SELECT * FROM `building` WHERE  (  campusId=1 ) [ RunTime:0.000000s ]

---------------------------------------------------------------
[ 2017-09-02T18:48:08+08:00 ] ::1 ::1 POST /ib5/index.php/index/place/getbuildings.html
[ log ] localhost/ib5/index.php/index/place/getbuildings.html [运行时间：0.066004s][吞吐率：15.15req/s] [内存消耗：3,235.30kb] [文件加载：54]
[ info ] [ LANG ] G:\wamp64\www\ib5\thinkphp\lang\zh-cn.php
[ info ] [ ROUTE ] array (
  'type' => 'module',
  'module' => 
  array (
    0 => 'index',
    1 => 'place',
    2 => 'getbuildings',
  ),
)
[ info ] [ HEADER ] array (
  'host' => 'localhost',
  'connection' => 'keep-alive',
  'content-length' => '4',
  'accept' => 'application/json, text/javascript, */*; q=0.01',
  'origin' => 'http://localhost',
  'x-requested-with' => 'XMLHttpRequest',
  'user-agent' => 'Mozilla/5.0 (Windows NT 6.1; WOW64) AppleWebKit/537.36 (KHTML, like Gecko) Chrome/60.0.3112.90 Safari/537.36',
  'content-type' => 'application/x-www-form-urlencoded; charset=UTF-8',
  'referer' => 'http://localhost/ib5/index.php/index/place/floor.html',
  'accept-encoding' => 'gzip, deflate, br',
  'accept-language' => 'zh-CN,zh;q=0.8',
  'cookie' => 'a0537_times=3; UM_distinctid=15d02e2e01f6-0f4ab884e85d8a-474b0421-100200-15d02e2e020fe; CNZZDATA1260520261=1135890009-1498991043-%7C1498991043; Hm_lvt_58347d769d009bcf6074e9a0ab7ba05e=1498282664,1499393186,1499415898,1499837253; remember_admin_59ba36addc2b2f9401580f014c7f58ea4e30989d=eyJpdiI6ImVsU2hTcjJMRG80R2J0XC9rNnRubjB3PT0iLCJ2YWx1ZSI6Ikx4RE81a0t5YXdUNmFCZkpOWDNaRm5VemQrV2lTRjZyNzdCZnR3WUpOaCs4ejlGRHFBQmFiemlkK0FNbENlYTJuV2YxME1pTW5Gb2pPemppaUpPVzIzS2wwV2xsXC80Q0E5RkVjNEl3Q1RQND0iLCJtYWMiOiIwZGRjZTgzMGMwMzQyMjVmZTQ4NDFmYjA5NzE4YTk1ODNmOTA1MjJkZGMyOTgxNGQ5MjUyMmFlZjc4MzlhOTJmIn0%3D; userName=admin; userPass=admin; PHPSESSID=b9b026gsujn7n0bhcvgjv90515',
)
[ info ] [ PARAM ] array (
  'id' => '1',
)
[ info ] [ SESSION ] INIT array (
  'id' => '',
  'var_session_id' => '',
  'prefix' => 'think',
  'type' => '',
  'auto_start' => true,
)
[ info ] [ RUN ] app\index\controller\Place->getbuildings[ G:\wamp64\www\ib5\application\index\controller\Place.php ]
[ info ] [ DB ] INIT mysql
[ info ] [ LOG ] INIT File
[ sql ] [ DB ] CONNECT:[ UseTime:0.001000s ] mysql:dbname=location_data;host=127.0.0.1;port=3306;charset=utf8
[ sql ] [ SQL ] SHOW COLUMNS FROM `building` [ RunTime:0.002000s ]
[ sql ] [ SQL ] SELECT * FROM `building` WHERE  (  campusId=1 ) [ RunTime:0.001000s ]

---------------------------------------------------------------
[ 2017-09-02T18:48:15+08:00 ] ::1 ::1 GET /ib5/index.php/index/ibeacon/position/floor_id/2/campus_id/1.html
[ log ] localhost/ib5/index.php/index/ibeacon/position/floor_id/2/campus_id/1.html [运行时间：0.071004s][吞吐率：14.08req/s] [内存消耗：3,497.92kb] [文件加载：60]
[ info ] [ LANG ] G:\wamp64\www\ib5\thinkphp\lang\zh-cn.php
[ info ] [ ROUTE ] array (
  'type' => 'module',
  'module' => 
  array (
    0 => 'index',
    1 => 'ibeacon',
    2 => 'position',
  ),
)
[ info ] [ HEADER ] array (
  'host' => 'localhost',
  'connection' => 'keep-alive',
  'upgrade-insecure-requests' => '1',
  'user-agent' => 'Mozilla/5.0 (Windows NT 6.1; WOW64) AppleWebKit/537.36 (KHTML, like Gecko) Chrome/60.0.3112.90 Safari/537.36',
  'accept' => 'text/html,application/xhtml+xml,application/xml;q=0.9,image/webp,image/apng,*/*;q=0.8',
  'referer' => 'http://localhost/ib5/index.php/index/place/floor.html',
  'accept-encoding' => 'gzip, deflate, br',
  'accept-language' => 'zh-CN,zh;q=0.8',
  'cookie' => 'a0537_times=3; UM_distinctid=15d02e2e01f6-0f4ab884e85d8a-474b0421-100200-15d02e2e020fe; CNZZDATA1260520261=1135890009-1498991043-%7C1498991043; Hm_lvt_58347d769d009bcf6074e9a0ab7ba05e=1498282664,1499393186,1499415898,1499837253; remember_admin_59ba36addc2b2f9401580f014c7f58ea4e30989d=eyJpdiI6ImVsU2hTcjJMRG80R2J0XC9rNnRubjB3PT0iLCJ2YWx1ZSI6Ikx4RE81a0t5YXdUNmFCZkpOWDNaRm5VemQrV2lTRjZyNzdCZnR3WUpOaCs4ejlGRHFBQmFiemlkK0FNbENlYTJuV2YxME1pTW5Gb2pPemppaUpPVzIzS2wwV2xsXC80Q0E5RkVjNEl3Q1RQND0iLCJtYWMiOiIwZGRjZTgzMGMwMzQyMjVmZTQ4NDFmYjA5NzE4YTk1ODNmOTA1MjJkZGMyOTgxNGQ5MjUyMmFlZjc4MzlhOTJmIn0%3D; userName=admin; userPass=admin; PHPSESSID=b9b026gsujn7n0bhcvgjv90515',
)
[ info ] [ PARAM ] array (
  'floor_id' => '2',
  'campus_id' => '1',
)
[ info ] [ SESSION ] INIT array (
  'id' => '',
  'var_session_id' => '',
  'prefix' => 'think',
  'type' => '',
  'auto_start' => true,
)
[ info ] [ RUN ] app\index\controller\Ibeacon->position[ G:\wamp64\www\ib5\application\index\controller\Ibeacon.php ]
[ info ] [ DB ] INIT mysql
[ info ] [ DB ] INIT mysql
[ info ] [ DB ] INIT mysql
[ info ] [ VIEW ] G:\wamp64\www\ib5/application/index\view\ibeacon\position.html [ array (
  0 => 'aplist',
  1 => 'apinfo',
  2 => 'map',
) ]
[ info ] [ LOG ] INIT File
[ sql ] [ DB ] CONNECT:[ UseTime:0.001000s ] mysql:dbname=location_data;host=127.0.0.1;port=3306;charset=utf8
[ sql ] [ SQL ] SHOW COLUMNS FROM `floor` [ RunTime:0.001000s ]
[ sql ] [ SQL ] SELECT * FROM `floor` WHERE  `floor_id` = 2 LIMIT 1 [ RunTime:0.001000s ]
[ sql ] [ DB ] CONNECT:[ UseTime:0.001000s ] mysql:dbname=location_data;host=127.0.0.1;port=3306;charset=utf8
[ sql ] [ SQL ] SHOW COLUMNS FROM `square` [ RunTime:0.001000s ]
[ sql ] [ SQL ] SELECT `floor`.*,`square`.`campus_name`,`square`.`location_id`,`square`.`campus_address` FROM `square` INNER JOIN `floor` `floor` ON `square`.`id`=`floor`.`campus_id` WHERE  (  floor.id=2 ) LIMIT 1 [ RunTime:0.001000s ]
[ sql ] [ DB ] CONNECT:[ UseTime:0.001000s ] mysql:dbname=location_data;host=127.0.0.1;port=3306;charset=utf8
[ sql ] [ SQL ] SHOW COLUMNS FROM `ibeacon` [ RunTime:0.002000s ]
[ sql ] [ SQL ] SELECT `ibname`,`id`,`mac`,`posX` AS `Xcor`,`posY` AS `Ycor`,`status`,`ip`,`vender`,timestampdiff(minute,up_time,now()) AS `off_minute` FROM `ibeacon` WHERE  `floor_id` = 2 [ RunTime:0.001000s ]
[ sql ] [ SQL ] SELECT `mac`,`ibname`,`ip`,`vender`,`posX`,`posY`,`uuid`,`major`,`minor` FROM `ibeacon` ORDER BY id desc LIMIT 1 [ RunTime:0.000000s ]
[ error ] [2]Division by zero[G:\wamp64\www\ib5\runtime\temp\d17bfdee9f2169542d3a5764c2121cce.php:317]

---------------------------------------------------------------
[ 2017-09-02T18:48:42+08:00 ] ::1 ::1 GET /ib5/index.php/index/place/floor.html
[ log ] localhost/ib5/index.php/index/place/floor.html [运行时间：0.078005s][吞吐率：12.82req/s] [内存消耗：3,553.73kb] [文件加载：59]
[ info ] [ LANG ] G:\wamp64\www\ib5\thinkphp\lang\zh-cn.php
[ info ] [ ROUTE ] array (
  'type' => 'module',
  'module' => 
  array (
    0 => 'index',
    1 => 'place',
    2 => 'floor',
  ),
)
[ info ] [ HEADER ] array (
  'host' => 'localhost',
  'connection' => 'keep-alive',
  'upgrade-insecure-requests' => '1',
  'user-agent' => 'Mozilla/5.0 (Windows NT 6.1; WOW64) AppleWebKit/537.36 (KHTML, like Gecko) Chrome/60.0.3112.90 Safari/537.36',
  'accept' => 'text/html,application/xhtml+xml,application/xml;q=0.9,image/webp,image/apng,*/*;q=0.8',
  'referer' => 'http://localhost/ib5/index.php/index/index/index.html',
  'accept-encoding' => 'gzip, deflate, br',
  'accept-language' => 'zh-CN,zh;q=0.8',
  'cookie' => 'a0537_times=3; UM_distinctid=15d02e2e01f6-0f4ab884e85d8a-474b0421-100200-15d02e2e020fe; CNZZDATA1260520261=1135890009-1498991043-%7C1498991043; Hm_lvt_58347d769d009bcf6074e9a0ab7ba05e=1498282664,1499393186,1499415898,1499837253; remember_admin_59ba36addc2b2f9401580f014c7f58ea4e30989d=eyJpdiI6ImVsU2hTcjJMRG80R2J0XC9rNnRubjB3PT0iLCJ2YWx1ZSI6Ikx4RE81a0t5YXdUNmFCZkpOWDNaRm5VemQrV2lTRjZyNzdCZnR3WUpOaCs4ejlGRHFBQmFiemlkK0FNbENlYTJuV2YxME1pTW5Gb2pPemppaUpPVzIzS2wwV2xsXC80Q0E5RkVjNEl3Q1RQND0iLCJtYWMiOiIwZGRjZTgzMGMwMzQyMjVmZTQ4NDFmYjA5NzE4YTk1ODNmOTA1MjJkZGMyOTgxNGQ5MjUyMmFlZjc4MzlhOTJmIn0%3D; userName=admin; userPass=admin; PHPSESSID=b9b026gsujn7n0bhcvgjv90515',
)
[ info ] [ PARAM ] array (
)
[ info ] [ SESSION ] INIT array (
  'id' => '',
  'var_session_id' => '',
  'prefix' => 'think',
  'type' => '',
  'auto_start' => true,
)
[ info ] [ RUN ] app\index\controller\Place->floor[ G:\wamp64\www\ib5\application\index\controller\Place.php ]
[ info ] [ DB ] INIT mysql
[ info ] [ DB ] INIT mysql
[ info ] [ DB ] INIT mysql
[ info ] [ VIEW ] G:\wamp64\www\ib5/application/index\view\place\floor.html [ array (
  0 => 'page',
  1 => 'squarelist',
  2 => 'floorlist',
) ]
[ info ] [ LOG ] INIT File
[ sql ] [ DB ] CONNECT:[ UseTime:0.001000s ] mysql:dbname=location_data;host=127.0.0.1;port=3306;charset=utf8
[ sql ] [ SQL ] SHOW COLUMNS FROM `square` [ RunTime:0.002000s ]
[ sql ] [ SQL ] SELECT * FROM `square` [ RunTime:0.000000s ]
[ sql ] [ DB ] CONNECT:[ UseTime:0.001000s ] mysql:dbname=location_data;host=127.0.0.1;port=3306;charset=utf8
[ sql ] [ SQL ] SHOW COLUMNS FROM `aps` [ RunTime:0.001000s ]
[ sql ] [ DB ] CONNECT:[ UseTime:0.001000s ] mysql:dbname=location_data;host=127.0.0.1;port=3306;charset=utf8
[ sql ] [ SQL ] SHOW COLUMNS FROM `floor` [ RunTime:0.002000s ]
[ sql ] [ SQL ] SELECT COUNT(*) AS tp_count FROM `floor` INNER JOIN `square` `s` ON `s`.`id`=`floor`.`campus_id` INNER JOIN `building` `b` ON `b`.`id`=`floor`.`building_id` INNER JOIN `sys_location_info` `sys_location_info` ON `sys_location_info`.`location_id`=`s`.`location_id` LEFT JOIN ( SELECT count(*) AS `cnt`,`floor_id` FROM `aps` GROUP BY floor_id ) `a` ON `a`.`floor_id`=`floor`.`id` LIMIT 1 [ RunTime:0.003000s ]
[ sql ] [ SQL ] SELECT `s`.`campus_name`,`floor`.`floor_name`,`b`.`building_name`,`floor`.`floor_img_X`,`floor`.`floor_img_Y`,`floor_img_path`,`sys_location_info`.`location_name`,`floor`.`building_id`,`floor`.`campus_id`,`floor`.`id`,`a`.`cnt` FROM `floor` INNER JOIN `square` `s` ON `s`.`id`=`floor`.`campus_id` INNER JOIN `building` `b` ON `b`.`id`=`floor`.`building_id` INNER JOIN `sys_location_info` `sys_location_info` ON `sys_location_info`.`location_id`=`s`.`location_id` LEFT JOIN ( SELECT count(*) AS `cnt`,`floor_id` FROM `aps` GROUP BY floor_id ) `a` ON `a`.`floor_id`=`floor`.`id` LIMIT 0,10 [ RunTime:0.002000s ]

---------------------------------------------------------------
[ 2017-09-02T18:48:42+08:00 ] ::1 ::1 POST /ib5/index.php/index/place/getbuilding.html
[ log ] localhost/ib5/index.php/index/place/getbuilding.html [运行时间：0.053003s][吞吐率：18.87req/s] [内存消耗：3,235.30kb] [文件加载：54]
[ info ] [ LANG ] G:\wamp64\www\ib5\thinkphp\lang\zh-cn.php
[ info ] [ ROUTE ] array (
  'type' => 'module',
  'module' => 
  array (
    0 => 'index',
    1 => 'place',
    2 => 'getbuilding',
  ),
)
[ info ] [ HEADER ] array (
  'host' => 'localhost',
  'connection' => 'keep-alive',
  'content-length' => '4',
  'accept' => 'application/json, text/javascript, */*; q=0.01',
  'origin' => 'http://localhost',
  'x-requested-with' => 'XMLHttpRequest',
  'user-agent' => 'Mozilla/5.0 (Windows NT 6.1; WOW64) AppleWebKit/537.36 (KHTML, like Gecko) Chrome/60.0.3112.90 Safari/537.36',
  'content-type' => 'application/x-www-form-urlencoded; charset=UTF-8',
  'referer' => 'http://localhost/ib5/index.php/index/place/floor.html',
  'accept-encoding' => 'gzip, deflate, br',
  'accept-language' => 'zh-CN,zh;q=0.8',
  'cookie' => 'a0537_times=3; UM_distinctid=15d02e2e01f6-0f4ab884e85d8a-474b0421-100200-15d02e2e020fe; CNZZDATA1260520261=1135890009-1498991043-%7C1498991043; Hm_lvt_58347d769d009bcf6074e9a0ab7ba05e=1498282664,1499393186,1499415898,1499837253; remember_admin_59ba36addc2b2f9401580f014c7f58ea4e30989d=eyJpdiI6ImVsU2hTcjJMRG80R2J0XC9rNnRubjB3PT0iLCJ2YWx1ZSI6Ikx4RE81a0t5YXdUNmFCZkpOWDNaRm5VemQrV2lTRjZyNzdCZnR3WUpOaCs4ejlGRHFBQmFiemlkK0FNbENlYTJuV2YxME1pTW5Gb2pPemppaUpPVzIzS2wwV2xsXC80Q0E5RkVjNEl3Q1RQND0iLCJtYWMiOiIwZGRjZTgzMGMwMzQyMjVmZTQ4NDFmYjA5NzE4YTk1ODNmOTA1MjJkZGMyOTgxNGQ5MjUyMmFlZjc4MzlhOTJmIn0%3D; userName=admin; userPass=admin; PHPSESSID=b9b026gsujn7n0bhcvgjv90515',
)
[ info ] [ PARAM ] array (
  'id' => '1',
)
[ info ] [ SESSION ] INIT array (
  'id' => '',
  'var_session_id' => '',
  'prefix' => 'think',
  'type' => '',
  'auto_start' => true,
)
[ info ] [ RUN ] app\index\controller\Place->getbuilding[ G:\wamp64\www\ib5\application\index\controller\Place.php ]
[ info ] [ DB ] INIT mysql
[ info ] [ LOG ] INIT File
[ sql ] [ DB ] CONNECT:[ UseTime:0.001000s ] mysql:dbname=location_data;host=127.0.0.1;port=3306;charset=utf8
[ sql ] [ SQL ] SHOW COLUMNS FROM `building` [ RunTime:0.001000s ]
[ sql ] [ SQL ] SELECT * FROM `building` WHERE  (  campusId=1 ) [ RunTime:0.000000s ]

---------------------------------------------------------------
[ 2017-09-02T18:48:42+08:00 ] ::1 ::1 POST /ib5/index.php/index/place/getbuildings.html
[ log ] localhost/ib5/index.php/index/place/getbuildings.html [运行时间：0.083005s][吞吐率：12.05req/s] [内存消耗：3,235.30kb] [文件加载：54]
[ info ] [ LANG ] G:\wamp64\www\ib5\thinkphp\lang\zh-cn.php
[ info ] [ ROUTE ] array (
  'type' => 'module',
  'module' => 
  array (
    0 => 'index',
    1 => 'place',
    2 => 'getbuildings',
  ),
)
[ info ] [ HEADER ] array (
  'host' => 'localhost',
  'connection' => 'keep-alive',
  'content-length' => '4',
  'accept' => 'application/json, text/javascript, */*; q=0.01',
  'origin' => 'http://localhost',
  'x-requested-with' => 'XMLHttpRequest',
  'user-agent' => 'Mozilla/5.0 (Windows NT 6.1; WOW64) AppleWebKit/537.36 (KHTML, like Gecko) Chrome/60.0.3112.90 Safari/537.36',
  'content-type' => 'application/x-www-form-urlencoded; charset=UTF-8',
  'referer' => 'http://localhost/ib5/index.php/index/place/floor.html',
  'accept-encoding' => 'gzip, deflate, br',
  'accept-language' => 'zh-CN,zh;q=0.8',
  'cookie' => 'a0537_times=3; UM_distinctid=15d02e2e01f6-0f4ab884e85d8a-474b0421-100200-15d02e2e020fe; CNZZDATA1260520261=1135890009-1498991043-%7C1498991043; Hm_lvt_58347d769d009bcf6074e9a0ab7ba05e=1498282664,1499393186,1499415898,1499837253; remember_admin_59ba36addc2b2f9401580f014c7f58ea4e30989d=eyJpdiI6ImVsU2hTcjJMRG80R2J0XC9rNnRubjB3PT0iLCJ2YWx1ZSI6Ikx4RE81a0t5YXdUNmFCZkpOWDNaRm5VemQrV2lTRjZyNzdCZnR3WUpOaCs4ejlGRHFBQmFiemlkK0FNbENlYTJuV2YxME1pTW5Gb2pPemppaUpPVzIzS2wwV2xsXC80Q0E5RkVjNEl3Q1RQND0iLCJtYWMiOiIwZGRjZTgzMGMwMzQyMjVmZTQ4NDFmYjA5NzE4YTk1ODNmOTA1MjJkZGMyOTgxNGQ5MjUyMmFlZjc4MzlhOTJmIn0%3D; userName=admin; userPass=admin; PHPSESSID=b9b026gsujn7n0bhcvgjv90515',
)
[ info ] [ PARAM ] array (
  'id' => '1',
)
[ info ] [ SESSION ] INIT array (
  'id' => '',
  'var_session_id' => '',
  'prefix' => 'think',
  'type' => '',
  'auto_start' => true,
)
[ info ] [ RUN ] app\index\controller\Place->getbuildings[ G:\wamp64\www\ib5\application\index\controller\Place.php ]
[ info ] [ DB ] INIT mysql
[ info ] [ LOG ] INIT File
[ sql ] [ DB ] CONNECT:[ UseTime:0.002000s ] mysql:dbname=location_data;host=127.0.0.1;port=3306;charset=utf8
[ sql ] [ SQL ] SHOW COLUMNS FROM `building` [ RunTime:0.003000s ]
[ sql ] [ SQL ] SELECT * FROM `building` WHERE  (  campusId=1 ) [ RunTime:0.001000s ]

---------------------------------------------------------------
[ 2017-09-02T18:49:02+08:00 ] ::1 ::1 POST /ib5/index.php/index/place/upload.html
[ log ] localhost/ib5/index.php/index/place/upload.html [运行时间：0.323019s][吞吐率：3.10req/s] [内存消耗：3,614.95kb] [文件加载：63]
[ info ] [ LANG ] G:\wamp64\www\ib5\thinkphp\lang\zh-cn.php
[ info ] [ ROUTE ] array (
  'type' => 'module',
  'module' => 
  array (
    0 => 'index',
    1 => 'place',
    2 => 'upload',
  ),
)
[ info ] [ HEADER ] array (
  'host' => 'localhost',
  'connection' => 'keep-alive',
  'content-length' => '45798',
  'cache-control' => 'max-age=0',
  'origin' => 'http://localhost',
  'upgrade-insecure-requests' => '1',
  'user-agent' => 'Mozilla/5.0 (Windows NT 6.1; WOW64) AppleWebKit/537.36 (KHTML, like Gecko) Chrome/60.0.3112.90 Safari/537.36',
  'content-type' => 'multipart/form-data; boundary=----WebKitFormBoundarytYgKDgUA3pttzf7R',
  'accept' => 'text/html,application/xhtml+xml,application/xml;q=0.9,image/webp,image/apng,*/*;q=0.8',
  'referer' => 'http://localhost/ib5/index.php/index/place/floor.html',
  'accept-encoding' => 'gzip, deflate, br',
  'accept-language' => 'zh-CN,zh;q=0.8',
  'cookie' => 'a0537_times=3; UM_distinctid=15d02e2e01f6-0f4ab884e85d8a-474b0421-100200-15d02e2e020fe; CNZZDATA1260520261=1135890009-1498991043-%7C1498991043; Hm_lvt_58347d769d009bcf6074e9a0ab7ba05e=1498282664,1499393186,1499415898,1499837253; remember_admin_59ba36addc2b2f9401580f014c7f58ea4e30989d=eyJpdiI6ImVsU2hTcjJMRG80R2J0XC9rNnRubjB3PT0iLCJ2YWx1ZSI6Ikx4RE81a0t5YXdUNmFCZkpOWDNaRm5VemQrV2lTRjZyNzdCZnR3WUpOaCs4ejlGRHFBQmFiemlkK0FNbENlYTJuV2YxME1pTW5Gb2pPemppaUpPVzIzS2wwV2xsXC80Q0E5RkVjNEl3Q1RQND0iLCJtYWMiOiIwZGRjZTgzMGMwMzQyMjVmZTQ4NDFmYjA5NzE4YTk1ODNmOTA1MjJkZGMyOTgxNGQ5MjUyMmFlZjc4MzlhOTJmIn0%3D; userName=admin; userPass=admin; PHPSESSID=b9b026gsujn7n0bhcvgjv90515',
)
[ info ] [ PARAM ] array (
  'building_id_up' => '1',
  'floor_id_up' => '2',
  'campus_id_up' => '1',
  'page' => '1',
  'floorXSize' => '',
  'floorYSize' => '',
)
[ info ] [ SESSION ] INIT array (
  'id' => '',
  'var_session_id' => '',
  'prefix' => 'think',
  'type' => '',
  'auto_start' => true,
)
[ info ] [ RUN ] app\index\controller\Place->upload[ G:\wamp64\www\ib5\application\index\controller\Place.php ]
[ info ] [ DB ] INIT mysql
[ info ] [ CACHE ] INIT File
[ info ] [ VIEW ] G:\wamp64\www\ib5\thinkphp\tpl\dispatch_jump.tpl [ array (
  0 => 'code',
  1 => 'msg',
  2 => 'data',
  3 => 'url',
  4 => 'wait',
) ]
[ info ] [ LOG ] INIT File
[ sql ] [ DB ] CONNECT:[ UseTime:0.010000s ] mysql:dbname=location_data;host=127.0.0.1;port=3306;charset=utf8
[ sql ] [ SQL ] SHOW COLUMNS FROM `floor` [ RunTime:0.001000s ]
[ sql ] [ SQL ] UPDATE `floor`  SET `floor_img_X`=0,`floor_img_Y`=0,`PhysicalSizeX`=0,`PhysicalSizeY`=0,`floor_img_path`='map/1_1_2.jpg'  WHERE  `id` = 2 [ RunTime:0.065003s ]
[ sql ] [ SQL ] UPDATE `floor`  SET `floor_img_X`=712,`floor_img_Y`=966  WHERE  `id` = 2 [ RunTime:0.072004s ]

---------------------------------------------------------------
[ 2017-09-02T18:49:05+08:00 ] ::1 ::1 GET /ib5/index.php/index/place/floor/page/1.html
[ log ] localhost/ib5/index.php/index/place/floor/page/1.html [运行时间：0.078004s][吞吐率：12.82req/s] [内存消耗：3,554.46kb] [文件加载：59]
[ info ] [ LANG ] G:\wamp64\www\ib5\thinkphp\lang\zh-cn.php
[ info ] [ ROUTE ] array (
  'type' => 'module',
  'module' => 
  array (
    0 => 'index',
    1 => 'place',
    2 => 'floor',
  ),
)
[ info ] [ HEADER ] array (
  'host' => 'localhost',
  'connection' => 'keep-alive',
  'upgrade-insecure-requests' => '1',
  'user-agent' => 'Mozilla/5.0 (Windows NT 6.1; WOW64) AppleWebKit/537.36 (KHTML, like Gecko) Chrome/60.0.3112.90 Safari/537.36',
  'accept' => 'text/html,application/xhtml+xml,application/xml;q=0.9,image/webp,image/apng,*/*;q=0.8',
  'referer' => 'http://localhost/ib5/index.php/index/place/upload.html',
  'accept-encoding' => 'gzip, deflate, br',
  'accept-language' => 'zh-CN,zh;q=0.8',
  'cookie' => 'a0537_times=3; UM_distinctid=15d02e2e01f6-0f4ab884e85d8a-474b0421-100200-15d02e2e020fe; CNZZDATA1260520261=1135890009-1498991043-%7C1498991043; Hm_lvt_58347d769d009bcf6074e9a0ab7ba05e=1498282664,1499393186,1499415898,1499837253; remember_admin_59ba36addc2b2f9401580f014c7f58ea4e30989d=eyJpdiI6ImVsU2hTcjJMRG80R2J0XC9rNnRubjB3PT0iLCJ2YWx1ZSI6Ikx4RE81a0t5YXdUNmFCZkpOWDNaRm5VemQrV2lTRjZyNzdCZnR3WUpOaCs4ejlGRHFBQmFiemlkK0FNbENlYTJuV2YxME1pTW5Gb2pPemppaUpPVzIzS2wwV2xsXC80Q0E5RkVjNEl3Q1RQND0iLCJtYWMiOiIwZGRjZTgzMGMwMzQyMjVmZTQ4NDFmYjA5NzE4YTk1ODNmOTA1MjJkZGMyOTgxNGQ5MjUyMmFlZjc4MzlhOTJmIn0%3D; userName=admin; userPass=admin; PHPSESSID=b9b026gsujn7n0bhcvgjv90515',
)
[ info ] [ PARAM ] array (
  'page' => '1',
)
[ info ] [ SESSION ] INIT array (
  'id' => '',
  'var_session_id' => '',
  'prefix' => 'think',
  'type' => '',
  'auto_start' => true,
)
[ info ] [ RUN ] app\index\controller\Place->floor[ G:\wamp64\www\ib5\application\index\controller\Place.php ]
[ info ] [ DB ] INIT mysql
[ info ] [ DB ] INIT mysql
[ info ] [ DB ] INIT mysql
[ info ] [ VIEW ] G:\wamp64\www\ib5/application/index\view\place\floor.html [ array (
  0 => 'page',
  1 => 'squarelist',
  2 => 'floorlist',
) ]
[ info ] [ LOG ] INIT File
[ sql ] [ DB ] CONNECT:[ UseTime:0.011001s ] mysql:dbname=location_data;host=127.0.0.1;port=3306;charset=utf8
[ sql ] [ SQL ] SHOW COLUMNS FROM `square` [ RunTime:0.001000s ]
[ sql ] [ SQL ] SELECT * FROM `square` [ RunTime:0.000000s ]
[ sql ] [ DB ] CONNECT:[ UseTime:0.001000s ] mysql:dbname=location_data;host=127.0.0.1;port=3306;charset=utf8
[ sql ] [ SQL ] SHOW COLUMNS FROM `aps` [ RunTime:0.002000s ]
[ sql ] [ DB ] CONNECT:[ UseTime:0.002000s ] mysql:dbname=location_data;host=127.0.0.1;port=3306;charset=utf8
[ sql ] [ SQL ] SHOW COLUMNS FROM `floor` [ RunTime:0.001000s ]
[ sql ] [ SQL ] SELECT COUNT(*) AS tp_count FROM `floor` INNER JOIN `square` `s` ON `s`.`id`=`floor`.`campus_id` INNER JOIN `building` `b` ON `b`.`id`=`floor`.`building_id` INNER JOIN `sys_location_info` `sys_location_info` ON `sys_location_info`.`location_id`=`s`.`location_id` LEFT JOIN ( SELECT count(*) AS `cnt`,`floor_id` FROM `aps` GROUP BY floor_id ) `a` ON `a`.`floor_id`=`floor`.`id` LIMIT 1 [ RunTime:0.001000s ]
[ sql ] [ SQL ] SELECT `s`.`campus_name`,`floor`.`floor_name`,`b`.`building_name`,`floor`.`floor_img_X`,`floor`.`floor_img_Y`,`floor_img_path`,`sys_location_info`.`location_name`,`floor`.`building_id`,`floor`.`campus_id`,`floor`.`id`,`a`.`cnt` FROM `floor` INNER JOIN `square` `s` ON `s`.`id`=`floor`.`campus_id` INNER JOIN `building` `b` ON `b`.`id`=`floor`.`building_id` INNER JOIN `sys_location_info` `sys_location_info` ON `sys_location_info`.`location_id`=`s`.`location_id` LEFT JOIN ( SELECT count(*) AS `cnt`,`floor_id` FROM `aps` GROUP BY floor_id ) `a` ON `a`.`floor_id`=`floor`.`id` LIMIT 0,10 [ RunTime:0.001000s ]

---------------------------------------------------------------
[ 2017-09-02T18:49:05+08:00 ] ::1 ::1 POST /ib5/index.php/index/place/getbuildings.html
[ log ] localhost/ib5/index.php/index/place/getbuildings.html [运行时间：0.057003s][吞吐率：17.54req/s] [内存消耗：3,235.31kb] [文件加载：54]
[ info ] [ LANG ] G:\wamp64\www\ib5\thinkphp\lang\zh-cn.php
[ info ] [ ROUTE ] array (
  'type' => 'module',
  'module' => 
  array (
    0 => 'index',
    1 => 'place',
    2 => 'getbuildings',
  ),
)
[ info ] [ HEADER ] array (
  'host' => 'localhost',
  'connection' => 'keep-alive',
  'content-length' => '4',
  'accept' => 'application/json, text/javascript, */*; q=0.01',
  'origin' => 'http://localhost',
  'x-requested-with' => 'XMLHttpRequest',
  'user-agent' => 'Mozilla/5.0 (Windows NT 6.1; WOW64) AppleWebKit/537.36 (KHTML, like Gecko) Chrome/60.0.3112.90 Safari/537.36',
  'content-type' => 'application/x-www-form-urlencoded; charset=UTF-8',
  'referer' => 'http://localhost/ib5/index.php/index/place/floor/page/1.html',
  'accept-encoding' => 'gzip, deflate, br',
  'accept-language' => 'zh-CN,zh;q=0.8',
  'cookie' => 'a0537_times=3; UM_distinctid=15d02e2e01f6-0f4ab884e85d8a-474b0421-100200-15d02e2e020fe; CNZZDATA1260520261=1135890009-1498991043-%7C1498991043; Hm_lvt_58347d769d009bcf6074e9a0ab7ba05e=1498282664,1499393186,1499415898,1499837253; remember_admin_59ba36addc2b2f9401580f014c7f58ea4e30989d=eyJpdiI6ImVsU2hTcjJMRG80R2J0XC9rNnRubjB3PT0iLCJ2YWx1ZSI6Ikx4RE81a0t5YXdUNmFCZkpOWDNaRm5VemQrV2lTRjZyNzdCZnR3WUpOaCs4ejlGRHFBQmFiemlkK0FNbENlYTJuV2YxME1pTW5Gb2pPemppaUpPVzIzS2wwV2xsXC80Q0E5RkVjNEl3Q1RQND0iLCJtYWMiOiIwZGRjZTgzMGMwMzQyMjVmZTQ4NDFmYjA5NzE4YTk1ODNmOTA1MjJkZGMyOTgxNGQ5MjUyMmFlZjc4MzlhOTJmIn0%3D; userName=admin; userPass=admin; PHPSESSID=b9b026gsujn7n0bhcvgjv90515',
)
[ info ] [ PARAM ] array (
  'id' => '1',
)
[ info ] [ SESSION ] INIT array (
  'id' => '',
  'var_session_id' => '',
  'prefix' => 'think',
  'type' => '',
  'auto_start' => true,
)
[ info ] [ RUN ] app\index\controller\Place->getbuildings[ G:\wamp64\www\ib5\application\index\controller\Place.php ]
[ info ] [ DB ] INIT mysql
[ info ] [ LOG ] INIT File
[ sql ] [ DB ] CONNECT:[ UseTime:0.001000s ] mysql:dbname=location_data;host=127.0.0.1;port=3306;charset=utf8
[ sql ] [ SQL ] SHOW COLUMNS FROM `building` [ RunTime:0.002000s ]
[ sql ] [ SQL ] SELECT * FROM `building` WHERE  (  campusId=1 ) [ RunTime:0.001000s ]

---------------------------------------------------------------
[ 2017-09-02T18:49:05+08:00 ] ::1 ::1 POST /ib5/index.php/index/place/getbuilding.html
[ log ] localhost/ib5/index.php/index/place/getbuilding.html [运行时间：0.069004s][吞吐率：14.49req/s] [内存消耗：3,235.31kb] [文件加载：54]
[ info ] [ LANG ] G:\wamp64\www\ib5\thinkphp\lang\zh-cn.php
[ info ] [ ROUTE ] array (
  'type' => 'module',
  'module' => 
  array (
    0 => 'index',
    1 => 'place',
    2 => 'getbuilding',
  ),
)
[ info ] [ HEADER ] array (
  'host' => 'localhost',
  'connection' => 'keep-alive',
  'content-length' => '4',
  'accept' => 'application/json, text/javascript, */*; q=0.01',
  'origin' => 'http://localhost',
  'x-requested-with' => 'XMLHttpRequest',
  'user-agent' => 'Mozilla/5.0 (Windows NT 6.1; WOW64) AppleWebKit/537.36 (KHTML, like Gecko) Chrome/60.0.3112.90 Safari/537.36',
  'content-type' => 'application/x-www-form-urlencoded; charset=UTF-8',
  'referer' => 'http://localhost/ib5/index.php/index/place/floor/page/1.html',
  'accept-encoding' => 'gzip, deflate, br',
  'accept-language' => 'zh-CN,zh;q=0.8',
  'cookie' => 'a0537_times=3; UM_distinctid=15d02e2e01f6-0f4ab884e85d8a-474b0421-100200-15d02e2e020fe; CNZZDATA1260520261=1135890009-1498991043-%7C1498991043; Hm_lvt_58347d769d009bcf6074e9a0ab7ba05e=1498282664,1499393186,1499415898,1499837253; remember_admin_59ba36addc2b2f9401580f014c7f58ea4e30989d=eyJpdiI6ImVsU2hTcjJMRG80R2J0XC9rNnRubjB3PT0iLCJ2YWx1ZSI6Ikx4RE81a0t5YXdUNmFCZkpOWDNaRm5VemQrV2lTRjZyNzdCZnR3WUpOaCs4ejlGRHFBQmFiemlkK0FNbENlYTJuV2YxME1pTW5Gb2pPemppaUpPVzIzS2wwV2xsXC80Q0E5RkVjNEl3Q1RQND0iLCJtYWMiOiIwZGRjZTgzMGMwMzQyMjVmZTQ4NDFmYjA5NzE4YTk1ODNmOTA1MjJkZGMyOTgxNGQ5MjUyMmFlZjc4MzlhOTJmIn0%3D; userName=admin; userPass=admin; PHPSESSID=b9b026gsujn7n0bhcvgjv90515',
)
[ info ] [ PARAM ] array (
  'id' => '1',
)
[ info ] [ SESSION ] INIT array (
  'id' => '',
  'var_session_id' => '',
  'prefix' => 'think',
  'type' => '',
  'auto_start' => true,
)
[ info ] [ RUN ] app\index\controller\Place->getbuilding[ G:\wamp64\www\ib5\application\index\controller\Place.php ]
[ info ] [ DB ] INIT mysql
[ info ] [ LOG ] INIT File
[ sql ] [ DB ] CONNECT:[ UseTime:0.001000s ] mysql:dbname=location_data;host=127.0.0.1;port=3306;charset=utf8
[ sql ] [ SQL ] SHOW COLUMNS FROM `building` [ RunTime:0.002000s ]
[ sql ] [ SQL ] SELECT * FROM `building` WHERE  (  campusId=1 ) [ RunTime:0.001000s ]

---------------------------------------------------------------
[ 2017-09-02T18:49:07+08:00 ] ::1 ::1 GET /ib5/index.php/index/ibeacon/position/floor_id/2/campus_id/1.html
[ log ] localhost/ib5/index.php/index/ibeacon/position/floor_id/2/campus_id/1.html [运行时间：0.055003s][吞吐率：18.18req/s] [内存消耗：3,464.08kb] [文件加载：56]
[ info ] [ LANG ] G:\wamp64\www\ib5\thinkphp\lang\zh-cn.php
[ info ] [ ROUTE ] array (
  'type' => 'module',
  'module' => 
  array (
    0 => 'index',
    1 => 'ibeacon',
    2 => 'position',
  ),
)
[ info ] [ HEADER ] array (
  'host' => 'localhost',
  'connection' => 'keep-alive',
  'upgrade-insecure-requests' => '1',
  'user-agent' => 'Mozilla/5.0 (Windows NT 6.1; WOW64) AppleWebKit/537.36 (KHTML, like Gecko) Chrome/60.0.3112.90 Safari/537.36',
  'accept' => 'text/html,application/xhtml+xml,application/xml;q=0.9,image/webp,image/apng,*/*;q=0.8',
  'referer' => 'http://localhost/ib5/index.php/index/place/floor/page/1.html',
  'accept-encoding' => 'gzip, deflate, br',
  'accept-language' => 'zh-CN,zh;q=0.8',
  'cookie' => 'a0537_times=3; UM_distinctid=15d02e2e01f6-0f4ab884e85d8a-474b0421-100200-15d02e2e020fe; CNZZDATA1260520261=1135890009-1498991043-%7C1498991043; Hm_lvt_58347d769d009bcf6074e9a0ab7ba05e=1498282664,1499393186,1499415898,1499837253; remember_admin_59ba36addc2b2f9401580f014c7f58ea4e30989d=eyJpdiI6ImVsU2hTcjJMRG80R2J0XC9rNnRubjB3PT0iLCJ2YWx1ZSI6Ikx4RE81a0t5YXdUNmFCZkpOWDNaRm5VemQrV2lTRjZyNzdCZnR3WUpOaCs4ejlGRHFBQmFiemlkK0FNbENlYTJuV2YxME1pTW5Gb2pPemppaUpPVzIzS2wwV2xsXC80Q0E5RkVjNEl3Q1RQND0iLCJtYWMiOiIwZGRjZTgzMGMwMzQyMjVmZTQ4NDFmYjA5NzE4YTk1ODNmOTA1MjJkZGMyOTgxNGQ5MjUyMmFlZjc4MzlhOTJmIn0%3D; userName=admin; userPass=admin; PHPSESSID=b9b026gsujn7n0bhcvgjv90515',
)
[ info ] [ PARAM ] array (
  'floor_id' => '2',
  'campus_id' => '1',
)
[ info ] [ SESSION ] INIT array (
  'id' => '',
  'var_session_id' => '',
  'prefix' => 'think',
  'type' => '',
  'auto_start' => true,
)
[ info ] [ RUN ] app\index\controller\Ibeacon->position[ G:\wamp64\www\ib5\application\index\controller\Ibeacon.php ]
[ info ] [ DB ] INIT mysql
[ info ] [ DB ] INIT mysql
[ info ] [ DB ] INIT mysql
[ info ] [ VIEW ] G:\wamp64\www\ib5/application/index\view\ibeacon\position.html [ array (
  0 => 'aplist',
  1 => 'apinfo',
  2 => 'map',
) ]
[ info ] [ LOG ] INIT File
[ sql ] [ DB ] CONNECT:[ UseTime:0.001000s ] mysql:dbname=location_data;host=127.0.0.1;port=3306;charset=utf8
[ sql ] [ SQL ] SHOW COLUMNS FROM `floor` [ RunTime:0.001000s ]
[ sql ] [ SQL ] SELECT * FROM `floor` WHERE  `floor_id` = 2 LIMIT 1 [ RunTime:0.001001s ]
[ sql ] [ DB ] CONNECT:[ UseTime:0.001000s ] mysql:dbname=location_data;host=127.0.0.1;port=3306;charset=utf8
[ sql ] [ SQL ] SHOW COLUMNS FROM `square` [ RunTime:0.001000s ]
[ sql ] [ SQL ] SELECT `floor`.*,`square`.`campus_name`,`square`.`location_id`,`square`.`campus_address` FROM `square` INNER JOIN `floor` `floor` ON `square`.`id`=`floor`.`campus_id` WHERE  (  floor.id=2 ) LIMIT 1 [ RunTime:0.000000s ]
[ sql ] [ DB ] CONNECT:[ UseTime:0.001000s ] mysql:dbname=location_data;host=127.0.0.1;port=3306;charset=utf8
[ sql ] [ SQL ] SHOW COLUMNS FROM `ibeacon` [ RunTime:0.001000s ]
[ sql ] [ SQL ] SELECT `ibname`,`id`,`mac`,`posX` AS `Xcor`,`posY` AS `Ycor`,`status`,`ip`,`vender`,timestampdiff(minute,up_time,now()) AS `off_minute` FROM `ibeacon` WHERE  `floor_id` = 2 [ RunTime:0.001000s ]
[ sql ] [ SQL ] SELECT `mac`,`ibname`,`ip`,`vender`,`posX`,`posY`,`uuid`,`major`,`minor` FROM `ibeacon` ORDER BY id desc LIMIT 1 [ RunTime:0.001000s ]

---------------------------------------------------------------
