[ 2017-09-08T11:45:36+08:00 ] ::1 ::1 GET /ib5/
[ log ] localhost/ib5/ [运行时间：0.459026s][吞吐率：2.18req/s] [内存消耗：2,382.43kb] [文件加载：53]
[ info ] [ LANG ] G:\wamp64\www\ib5\thinkphp\lang\zh-cn.php
[ info ] [ ROUTE ] array (
  'type' => 'module',
  'module' => 
  array (
    0 => '',
    1 => NULL,
    2 => NULL,
  ),
)
[ info ] [ HEADER ] array (
  'host' => 'localhost',
  'user-agent' => 'Mozilla/5.0 (Windows NT 6.1; WOW64; rv:55.0) Gecko/20100101 Firefox/55.0',
  'accept' => 'text/html,application/xhtml+xml,application/xml;q=0.9,*/*;q=0.8',
  'accept-language' => 'zh-CN,zh;q=0.8,en-US;q=0.5,en;q=0.3',
  'accept-encoding' => 'gzip, deflate',
  'cookie' => 'pgv_pvi=1689448448; a0537_times=1; WSTMART_history_goods=think%3A%5B%224%22%5D; Hm_lvt_58347d769d009bcf6074e9a0ab7ba05e=1496366597,1496465456,1496491827,1496998328; userName=root; userPass=root; PHPSESSID=a2j4l7hhk6redvq546bfed9p72',
  'connection' => 'keep-alive',
  'upgrade-insecure-requests' => '1',
)
[ info ] [ PARAM ] array (
)
[ info ] [ RUN ] app\index\controller\Login->index[ G:\wamp64\www\ib5\application\index\controller\Login.php ]
[ info ] [ VIEW ] G:\wamp64\www\ib5/application/index\view\login\index.html [ array (
) ]
[ info ] [ LOG ] INIT File

---------------------------------------------------------------
[ 2017-09-08T11:45:38+08:00 ] ::1 ::1 POST /ib5/index.php/index/login/dologin.html
[ log ] localhost/ib5/index.php/index/login/dologin.html [运行时间：0.227013s][吞吐率：4.41req/s] [内存消耗：3,266.25kb] [文件加载：57]
[ info ] [ LANG ] G:\wamp64\www\ib5\thinkphp\lang\zh-cn.php
[ info ] [ ROUTE ] array (
  'type' => 'module',
  'module' => 
  array (
    0 => 'index',
    1 => 'login',
    2 => 'dologin',
  ),
)
[ info ] [ HEADER ] array (
  'host' => 'localhost',
  'user-agent' => 'Mozilla/5.0 (Windows NT 6.1; WOW64; rv:55.0) Gecko/20100101 Firefox/55.0',
  'accept' => 'text/html,application/xhtml+xml,application/xml;q=0.9,*/*;q=0.8',
  'accept-language' => 'zh-CN,zh;q=0.8,en-US;q=0.5,en;q=0.3',
  'accept-encoding' => 'gzip, deflate',
  'content-type' => 'application/x-www-form-urlencoded',
  'content-length' => '54',
  'referer' => 'http://localhost/ib5/',
  'cookie' => 'thinkphp_show_page_trace=0|0; pgv_pvi=1689448448; a0537_times=1; WSTMART_history_goods=think%3A%5B%224%22%5D; Hm_lvt_58347d769d009bcf6074e9a0ab7ba05e=1496366597,1496465456,1496491827,1496998328; userName=root; userPass=root; PHPSESSID=a2j4l7hhk6redvq546bfed9p72',
  'connection' => 'keep-alive',
  'upgrade-insecure-requests' => '1',
)
[ info ] [ PARAM ] array (
  'usernamefld' => 'root',
  'passwordfld' => 'root',
  'remember' => 'Remember Me',
)
[ info ] [ RUN ] app\index\controller\Login->dologin[ G:\wamp64\www\ib5\application\index\controller\Login.php ]
[ info ] [ DB ] INIT mysql
[ info ] [ SESSION ] INIT array (
  'id' => '',
  'var_session_id' => '',
  'prefix' => 'think',
  'type' => '',
  'auto_start' => true,
)
[ info ] [ LOG ] INIT File
[ sql ] [ DB ] CONNECT:[ UseTime:0.002000s ] mysql:dbname=location_data;host=127.0.0.1;port=3306;charset=utf8
[ sql ] [ SQL ] SHOW COLUMNS FROM `commager` [ RunTime:0.001000s ]
[ sql ] [ SQL ] SELECT * FROM `commager` WHERE  `loginName` = 'root'  AND `passwd` = '63a9f0ea7bb98050796b649e85481845' LIMIT 1 [ RunTime:0.001000s ]

---------------------------------------------------------------
[ 2017-09-08T11:45:39+08:00 ] ::1 ::1 GET /ib5/index.php/index/index/index.html
[ log ] localhost/ib5/index.php/index/index/index.html [运行时间：0.158009s][吞吐率：6.33req/s] [内存消耗：3,310.80kb] [文件加载：59]
[ info ] [ LANG ] G:\wamp64\www\ib5\thinkphp\lang\zh-cn.php
[ info ] [ ROUTE ] array (
  'type' => 'module',
  'module' => 
  array (
    0 => 'index',
    1 => 'index',
    2 => 'index',
  ),
)
[ info ] [ HEADER ] array (
  'host' => 'localhost',
  'user-agent' => 'Mozilla/5.0 (Windows NT 6.1; WOW64; rv:55.0) Gecko/20100101 Firefox/55.0',
  'accept' => 'text/html,application/xhtml+xml,application/xml;q=0.9,*/*;q=0.8',
  'accept-language' => 'zh-CN,zh;q=0.8,en-US;q=0.5,en;q=0.3',
  'accept-encoding' => 'gzip, deflate',
  'referer' => 'http://localhost/ib5/',
  'cookie' => 'thinkphp_show_page_trace=0|0; pgv_pvi=1689448448; a0537_times=1; WSTMART_history_goods=think%3A%5B%224%22%5D; Hm_lvt_58347d769d009bcf6074e9a0ab7ba05e=1496366597,1496465456,1496491827,1496998328; userName=root; userPass=root; PHPSESSID=a2j4l7hhk6redvq546bfed9p72',
  'connection' => 'keep-alive',
  'upgrade-insecure-requests' => '1',
)
[ info ] [ PARAM ] array (
)
[ info ] [ SESSION ] INIT array (
  'id' => '',
  'var_session_id' => '',
  'prefix' => 'think',
  'type' => '',
  'auto_start' => true,
)
[ info ] [ RUN ] app\index\controller\Index->index[ G:\wamp64\www\ib5\application\index\controller\Index.php ]
[ info ] [ DB ] INIT mysql
[ info ] [ VIEW ] G:\wamp64\www\ib5/application/index\view\index\index.html [ array (
  0 => 'squarecount',
  1 => 'buildingcount',
  2 => 'floorcount',
  3 => 'apcount',
) ]
[ info ] [ LOG ] INIT File
[ sql ] [ DB ] CONNECT:[ UseTime:0.001000s ] mysql:dbname=location_data;host=127.0.0.1;port=3306;charset=utf8
[ sql ] [ SQL ] SHOW COLUMNS FROM `square` [ RunTime:0.001000s ]
[ sql ] [ SQL ] SELECT COUNT(*) AS tp_count FROM `square` LIMIT 1 [ RunTime:0.000000s ]
[ sql ] [ SQL ] SHOW COLUMNS FROM `building` [ RunTime:0.001000s ]
[ sql ] [ SQL ] SELECT COUNT(*) AS tp_count FROM `building` LIMIT 1 [ RunTime:0.000000s ]
[ sql ] [ SQL ] SHOW COLUMNS FROM `floor` [ RunTime:0.001000s ]
[ sql ] [ SQL ] SELECT COUNT(*) AS tp_count FROM `floor` LIMIT 1 [ RunTime:0.001000s ]
[ sql ] [ SQL ] SHOW COLUMNS FROM `aps` [ RunTime:0.001000s ]
[ sql ] [ SQL ] SELECT COUNT(*) AS tp_count FROM `aps` LIMIT 1 [ RunTime:0.000000s ]

---------------------------------------------------------------
[ 2017-09-08T11:45:45+08:00 ] ::1 ::1 GET /ib5/index.php/index/login/loginout.html
[ log ] localhost/ib5/index.php/index/login/loginout.html [运行时间：0.092005s][吞吐率：10.87req/s] [内存消耗：2,335.28kb] [文件加载：51]
[ info ] [ LANG ] G:\wamp64\www\ib5\thinkphp\lang\zh-cn.php
[ info ] [ ROUTE ] array (
  'type' => 'module',
  'module' => 
  array (
    0 => 'index',
    1 => 'login',
    2 => 'loginout',
  ),
)
[ info ] [ HEADER ] array (
  'host' => 'localhost',
  'user-agent' => 'Mozilla/5.0 (Windows NT 6.1; WOW64; rv:55.0) Gecko/20100101 Firefox/55.0',
  'accept' => 'text/html,application/xhtml+xml,application/xml;q=0.9,*/*;q=0.8',
  'accept-language' => 'zh-CN,zh;q=0.8,en-US;q=0.5,en;q=0.3',
  'accept-encoding' => 'gzip, deflate',
  'referer' => 'http://localhost/ib5/index.php/index/index/index.html',
  'cookie' => 'thinkphp_show_page_trace=0|0; pgv_pvi=1689448448; a0537_times=1; WSTMART_history_goods=think%3A%5B%224%22%5D; Hm_lvt_58347d769d009bcf6074e9a0ab7ba05e=1496366597,1496465456,1496491827,1496998328; userName=root; userPass=root; PHPSESSID=a2j4l7hhk6redvq546bfed9p72',
  'connection' => 'keep-alive',
  'upgrade-insecure-requests' => '1',
)
[ info ] [ PARAM ] array (
)
[ info ] [ RUN ] app\index\controller\Login->loginOut[ G:\wamp64\www\ib5\application\index\controller\Login.php ]
[ info ] [ SESSION ] INIT array (
  'id' => '',
  'var_session_id' => '',
  'prefix' => 'think',
  'type' => '',
  'auto_start' => true,
)
[ info ] [ LOG ] INIT File

---------------------------------------------------------------
[ 2017-09-08T11:45:45+08:00 ] ::1 ::1 GET /ib5/index.php/index/login/index.html
[ log ] localhost/ib5/index.php/index/login/index.html [运行时间：0.103006s][吞吐率：9.71req/s] [内存消耗：2,383.07kb] [文件加载：53]
[ info ] [ LANG ] G:\wamp64\www\ib5\thinkphp\lang\zh-cn.php
[ info ] [ ROUTE ] array (
  'type' => 'module',
  'module' => 
  array (
    0 => 'index',
    1 => 'login',
    2 => 'index',
  ),
)
[ info ] [ HEADER ] array (
  'host' => 'localhost',
  'user-agent' => 'Mozilla/5.0 (Windows NT 6.1; WOW64; rv:55.0) Gecko/20100101 Firefox/55.0',
  'accept' => 'text/html,application/xhtml+xml,application/xml;q=0.9,*/*;q=0.8',
  'accept-language' => 'zh-CN,zh;q=0.8,en-US;q=0.5,en;q=0.3',
  'accept-encoding' => 'gzip, deflate',
  'referer' => 'http://localhost/ib5/index.php/index/index/index.html',
  'cookie' => 'thinkphp_show_page_trace=0|0; pgv_pvi=1689448448; a0537_times=1; WSTMART_history_goods=think%3A%5B%224%22%5D; Hm_lvt_58347d769d009bcf6074e9a0ab7ba05e=1496366597,1496465456,1496491827,1496998328; userName=root; userPass=root; PHPSESSID=a2j4l7hhk6redvq546bfed9p72',
  'connection' => 'keep-alive',
  'upgrade-insecure-requests' => '1',
)
[ info ] [ PARAM ] array (
)
[ info ] [ RUN ] app\index\controller\Login->index[ G:\wamp64\www\ib5\application\index\controller\Login.php ]
[ info ] [ VIEW ] G:\wamp64\www\ib5/application/index\view\login\index.html [ array (
) ]
[ info ] [ LOG ] INIT File

---------------------------------------------------------------
[ 2017-09-08T11:45:46+08:00 ] ::1 ::1 GET /ib5/index.php/index/login/public/dist/js/sb-admin-2.js
[ log ] localhost/ib5/index.php/index/login/public/dist/js/sb-admin-2.js [运行时间：0.150009s][吞吐率：6.67req/s] [内存消耗：2,336.91kb] [文件加载：54]
[ info ] [ LANG ] G:\wamp64\www\ib5\thinkphp\lang\zh-cn.php
[ info ] [ ROUTE ] array (
  'type' => 'module',
  'module' => 
  array (
    0 => 'index',
    1 => 'login',
    2 => 'public',
  ),
)
[ info ] [ HEADER ] array (
  'host' => 'localhost',
  'user-agent' => 'Mozilla/5.0 (Windows NT 6.1; WOW64; rv:55.0) Gecko/20100101 Firefox/55.0',
  'accept' => '*/*',
  'accept-language' => 'zh-CN,zh;q=0.8,en-US;q=0.5,en;q=0.3',
  'accept-encoding' => 'gzip, deflate',
  'referer' => 'http://localhost/ib5/index.php/index/login/index.html',
  'cookie' => 'thinkphp_show_page_trace=0|0; pgv_pvi=1689448448; a0537_times=1; WSTMART_history_goods=think%3A%5B%224%22%5D; Hm_lvt_58347d769d009bcf6074e9a0ab7ba05e=1496366597,1496465456,1496491827,1496998328; userName=root; userPass=root; PHPSESSID=a2j4l7hhk6redvq546bfed9p72',
  'connection' => 'keep-alive',
)
[ info ] [ PARAM ] array (
  'dist' => 'js',
)
[ info ] [ LOG ] INIT File

---------------------------------------------------------------
[ 2017-09-08T11:45:46+08:00 ] ::1 ::1 GET /ib5/index.php/index/login/public/bower_components/metisMenu/dist/metisMenu.min.js
[ log ] localhost/ib5/index.php/index/login/public/bower_components/metisMenu/dist/metisMenu.min.js [运行时间：0.169010s][吞吐率：5.92req/s] [内存消耗：2,337.13kb] [文件加载：54]
[ info ] [ LANG ] G:\wamp64\www\ib5\thinkphp\lang\zh-cn.php
[ info ] [ ROUTE ] array (
  'type' => 'module',
  'module' => 
  array (
    0 => 'index',
    1 => 'login',
    2 => 'public',
  ),
)
[ info ] [ HEADER ] array (
  'host' => 'localhost',
  'user-agent' => 'Mozilla/5.0 (Windows NT 6.1; WOW64; rv:55.0) Gecko/20100101 Firefox/55.0',
  'accept' => '*/*',
  'accept-language' => 'zh-CN,zh;q=0.8,en-US;q=0.5,en;q=0.3',
  'accept-encoding' => 'gzip, deflate',
  'referer' => 'http://localhost/ib5/index.php/index/login/index.html',
  'cookie' => 'thinkphp_show_page_trace=0|0; pgv_pvi=1689448448; a0537_times=1; WSTMART_history_goods=think%3A%5B%224%22%5D; Hm_lvt_58347d769d009bcf6074e9a0ab7ba05e=1496366597,1496465456,1496491827,1496998328; userName=root; userPass=root; PHPSESSID=a2j4l7hhk6redvq546bfed9p72',
  'connection' => 'keep-alive',
)
[ info ] [ PARAM ] array (
  'bower_components' => 'metisMenu',
  'dist' => 'metisMenu.min.js',
)
[ info ] [ LOG ] INIT File

---------------------------------------------------------------
[ 2017-09-08T11:45:46+08:00 ] ::1 ::1 GET /ib5/index.php/index/login/public/bower_components/bootstrap/dist/js/bootstrap.min.js
[ log ] localhost/ib5/index.php/index/login/public/bower_components/bootstrap/dist/js/bootstrap.min.js [运行时间：0.251015s][吞吐率：3.98req/s] [内存消耗：2,337.09kb] [文件加载：54]
[ info ] [ LANG ] G:\wamp64\www\ib5\thinkphp\lang\zh-cn.php
[ info ] [ ROUTE ] array (
  'type' => 'module',
  'module' => 
  array (
    0 => 'index',
    1 => 'login',
    2 => 'public',
  ),
)
[ info ] [ HEADER ] array (
  'host' => 'localhost',
  'user-agent' => 'Mozilla/5.0 (Windows NT 6.1; WOW64; rv:55.0) Gecko/20100101 Firefox/55.0',
  'accept' => '*/*',
  'accept-language' => 'zh-CN,zh;q=0.8,en-US;q=0.5,en;q=0.3',
  'accept-encoding' => 'gzip, deflate',
  'referer' => 'http://localhost/ib5/index.php/index/login/index.html',
  'cookie' => 'thinkphp_show_page_trace=0|0; pgv_pvi=1689448448; a0537_times=1; WSTMART_history_goods=think%3A%5B%224%22%5D; Hm_lvt_58347d769d009bcf6074e9a0ab7ba05e=1496366597,1496465456,1496491827,1496998328; userName=root; userPass=root; PHPSESSID=a2j4l7hhk6redvq546bfed9p72',
  'connection' => 'keep-alive',
)
[ info ] [ PARAM ] array (
  'bower_components' => 'bootstrap',
  'dist' => 'js',
)
[ info ] [ LOG ] INIT File

---------------------------------------------------------------
[ 2017-09-08T11:45:46+08:00 ] ::1 ::1 GET /ib5/index.php/index/login/public/bower_components/jquery/dist/jquery.min.js
[ log ] localhost/ib5/index.php/index/login/public/bower_components/jquery/dist/jquery.min.js [运行时间：0.236014s][吞吐率：4.24req/s] [内存消耗：2,337.08kb] [文件加载：54]
[ info ] [ LANG ] G:\wamp64\www\ib5\thinkphp\lang\zh-cn.php
[ info ] [ ROUTE ] array (
  'type' => 'module',
  'module' => 
  array (
    0 => 'index',
    1 => 'login',
    2 => 'public',
  ),
)
[ info ] [ HEADER ] array (
  'host' => 'localhost',
  'user-agent' => 'Mozilla/5.0 (Windows NT 6.1; WOW64; rv:55.0) Gecko/20100101 Firefox/55.0',
  'accept' => '*/*',
  'accept-language' => 'zh-CN,zh;q=0.8,en-US;q=0.5,en;q=0.3',
  'accept-encoding' => 'gzip, deflate',
  'referer' => 'http://localhost/ib5/index.php/index/login/index.html',
  'cookie' => 'thinkphp_show_page_trace=0|0; pgv_pvi=1689448448; a0537_times=1; WSTMART_history_goods=think%3A%5B%224%22%5D; Hm_lvt_58347d769d009bcf6074e9a0ab7ba05e=1496366597,1496465456,1496491827,1496998328; userName=root; userPass=root; PHPSESSID=a2j4l7hhk6redvq546bfed9p72',
  'connection' => 'keep-alive',
)
[ info ] [ PARAM ] array (
  'bower_components' => 'jquery',
  'dist' => 'jquery.min.js',
)
[ info ] [ LOG ] INIT File

---------------------------------------------------------------
[ 2017-09-08T11:45:46+08:00 ] ::1 ::1 GET /ib5/index.php/index/login/public/bower_components/bootstrap/dist/js/bootstrap.min.js
[ log ] localhost/ib5/index.php/index/login/public/bower_components/bootstrap/dist/js/bootstrap.min.js [运行时间：0.054003s][吞吐率：18.52req/s] [内存消耗：2,337.09kb] [文件加载：54]
[ info ] [ LANG ] G:\wamp64\www\ib5\thinkphp\lang\zh-cn.php
[ info ] [ ROUTE ] array (
  'type' => 'module',
  'module' => 
  array (
    0 => 'index',
    1 => 'login',
    2 => 'public',
  ),
)
[ info ] [ HEADER ] array (
  'host' => 'localhost',
  'user-agent' => 'Mozilla/5.0 (Windows NT 6.1; WOW64; rv:55.0) Gecko/20100101 Firefox/55.0',
  'accept' => '*/*',
  'accept-language' => 'zh-CN,zh;q=0.8,en-US;q=0.5,en;q=0.3',
  'accept-encoding' => 'gzip, deflate',
  'referer' => 'http://localhost/ib5/index.php/index/login/index.html',
  'cookie' => 'thinkphp_show_page_trace=0|0; pgv_pvi=1689448448; a0537_times=1; WSTMART_history_goods=think%3A%5B%224%22%5D; Hm_lvt_58347d769d009bcf6074e9a0ab7ba05e=1496366597,1496465456,1496491827,1496998328; userName=root; userPass=root; PHPSESSID=a2j4l7hhk6redvq546bfed9p72',
  'connection' => 'keep-alive',
)
[ info ] [ PARAM ] array (
  'bower_components' => 'bootstrap',
  'dist' => 'js',
)
[ info ] [ LOG ] INIT File

---------------------------------------------------------------
[ 2017-09-08T11:45:46+08:00 ] ::1 ::1 GET /ib5/index.php/index/login/public/bower_components/metisMenu/dist/metisMenu.min.js
[ log ] localhost/ib5/index.php/index/login/public/bower_components/metisMenu/dist/metisMenu.min.js [运行时间：0.055003s][吞吐率：18.18req/s] [内存消耗：2,337.13kb] [文件加载：54]
[ info ] [ LANG ] G:\wamp64\www\ib5\thinkphp\lang\zh-cn.php
[ info ] [ ROUTE ] array (
  'type' => 'module',
  'module' => 
  array (
    0 => 'index',
    1 => 'login',
    2 => 'public',
  ),
)
[ info ] [ HEADER ] array (
  'host' => 'localhost',
  'user-agent' => 'Mozilla/5.0 (Windows NT 6.1; WOW64; rv:55.0) Gecko/20100101 Firefox/55.0',
  'accept' => '*/*',
  'accept-language' => 'zh-CN,zh;q=0.8,en-US;q=0.5,en;q=0.3',
  'accept-encoding' => 'gzip, deflate',
  'referer' => 'http://localhost/ib5/index.php/index/login/index.html',
  'cookie' => 'thinkphp_show_page_trace=0|0; pgv_pvi=1689448448; a0537_times=1; WSTMART_history_goods=think%3A%5B%224%22%5D; Hm_lvt_58347d769d009bcf6074e9a0ab7ba05e=1496366597,1496465456,1496491827,1496998328; userName=root; userPass=root; PHPSESSID=a2j4l7hhk6redvq546bfed9p72',
  'connection' => 'keep-alive',
)
[ info ] [ PARAM ] array (
  'bower_components' => 'metisMenu',
  'dist' => 'metisMenu.min.js',
)
[ info ] [ LOG ] INIT File

---------------------------------------------------------------
[ 2017-09-08T11:45:46+08:00 ] ::1 ::1 GET /ib5/index.php/index/login/public/dist/js/sb-admin-2.js
[ log ] localhost/ib5/index.php/index/login/public/dist/js/sb-admin-2.js [运行时间：0.056003s][吞吐率：17.86req/s] [内存消耗：2,336.91kb] [文件加载：54]
[ info ] [ LANG ] G:\wamp64\www\ib5\thinkphp\lang\zh-cn.php
[ info ] [ ROUTE ] array (
  'type' => 'module',
  'module' => 
  array (
    0 => 'index',
    1 => 'login',
    2 => 'public',
  ),
)
[ info ] [ HEADER ] array (
  'host' => 'localhost',
  'user-agent' => 'Mozilla/5.0 (Windows NT 6.1; WOW64; rv:55.0) Gecko/20100101 Firefox/55.0',
  'accept' => '*/*',
  'accept-language' => 'zh-CN,zh;q=0.8,en-US;q=0.5,en;q=0.3',
  'accept-encoding' => 'gzip, deflate',
  'referer' => 'http://localhost/ib5/index.php/index/login/index.html',
  'cookie' => 'thinkphp_show_page_trace=0|0; pgv_pvi=1689448448; a0537_times=1; WSTMART_history_goods=think%3A%5B%224%22%5D; Hm_lvt_58347d769d009bcf6074e9a0ab7ba05e=1496366597,1496465456,1496491827,1496998328; userName=root; userPass=root; PHPSESSID=a2j4l7hhk6redvq546bfed9p72',
  'connection' => 'keep-alive',
)
[ info ] [ PARAM ] array (
  'dist' => 'js',
)
[ info ] [ LOG ] INIT File

---------------------------------------------------------------
[ 2017-09-08T11:45:50+08:00 ] ::1 ::1 POST /ib5/index.php/index/login/dologin.html
[ log ] localhost/ib5/index.php/index/login/dologin.html [运行时间：0.167010s][吞吐率：5.99req/s] [内存消耗：3,296.63kb] [文件加载：59]
[ info ] [ LANG ] G:\wamp64\www\ib5\thinkphp\lang\zh-cn.php
[ info ] [ ROUTE ] array (
  'type' => 'module',
  'module' => 
  array (
    0 => 'index',
    1 => 'login',
    2 => 'dologin',
  ),
)
[ info ] [ HEADER ] array (
  'host' => 'localhost',
  'user-agent' => 'Mozilla/5.0 (Windows NT 6.1; WOW64; rv:55.0) Gecko/20100101 Firefox/55.0',
  'accept' => 'text/html,application/xhtml+xml,application/xml;q=0.9,*/*;q=0.8',
  'accept-language' => 'zh-CN,zh;q=0.8,en-US;q=0.5,en;q=0.3',
  'accept-encoding' => 'gzip, deflate',
  'content-type' => 'application/x-www-form-urlencoded',
  'content-length' => '61',
  'referer' => 'http://localhost/ib5/index.php/index/login/index.html',
  'cookie' => 'thinkphp_show_page_trace=0|0; thinkphp_show_page_trace=0|0; pgv_pvi=1689448448; a0537_times=1; WSTMART_history_goods=think%3A%5B%224%22%5D; Hm_lvt_58347d769d009bcf6074e9a0ab7ba05e=1496366597,1496465456,1496491827,1496998328; userName=admin; userPass=adminadmin; PHPSESSID=a2j4l7hhk6redvq546bfed9p72',
  'connection' => 'keep-alive',
  'upgrade-insecure-requests' => '1',
)
[ info ] [ PARAM ] array (
  'usernamefld' => 'admin',
  'passwordfld' => 'adminadmin',
  'remember' => 'Remember Me',
)
[ info ] [ RUN ] app\index\controller\Login->dologin[ G:\wamp64\www\ib5\application\index\controller\Login.php ]
[ info ] [ DB ] INIT mysql
[ info ] [ VIEW ] G:\wamp64\www\ib5\thinkphp\tpl\dispatch_jump.tpl [ array (
  0 => 'code',
  1 => 'msg',
  2 => 'data',
  3 => 'url',
  4 => 'wait',
) ]
[ info ] [ LOG ] INIT File
[ sql ] [ DB ] CONNECT:[ UseTime:0.002000s ] mysql:dbname=location_data;host=127.0.0.1;port=3306;charset=utf8
[ sql ] [ SQL ] SHOW COLUMNS FROM `commager` [ RunTime:0.002000s ]
[ sql ] [ SQL ] SELECT * FROM `commager` WHERE  `loginName` = 'admin'  AND `passwd` = 'f6fdffe48c908deb0f4c3bd36c032e72' LIMIT 1 [ RunTime:0.001000s ]

---------------------------------------------------------------
[ 2017-09-08T11:45:53+08:00 ] ::1 ::1 GET /ib5/index.php/index/login/index.html
[ log ] localhost/ib5/index.php/index/login/index.html [运行时间：0.053003s][吞吐率：18.87req/s] [内存消耗：2,383.26kb] [文件加载：53]
[ info ] [ LANG ] G:\wamp64\www\ib5\thinkphp\lang\zh-cn.php
[ info ] [ ROUTE ] array (
  'type' => 'module',
  'module' => 
  array (
    0 => 'index',
    1 => 'login',
    2 => 'index',
  ),
)
[ info ] [ HEADER ] array (
  'host' => 'localhost',
  'user-agent' => 'Mozilla/5.0 (Windows NT 6.1; WOW64; rv:55.0) Gecko/20100101 Firefox/55.0',
  'accept' => 'text/html,application/xhtml+xml,application/xml;q=0.9,*/*;q=0.8',
  'accept-language' => 'zh-CN,zh;q=0.8,en-US;q=0.5,en;q=0.3',
  'accept-encoding' => 'gzip, deflate',
  'referer' => 'http://localhost/ib5/index.php/index/login/dologin.html',
  'cookie' => 'thinkphp_show_page_trace=0|0; thinkphp_show_page_trace=0|0; pgv_pvi=1689448448; a0537_times=1; WSTMART_history_goods=think%3A%5B%224%22%5D; Hm_lvt_58347d769d009bcf6074e9a0ab7ba05e=1496366597,1496465456,1496491827,1496998328; userName=admin; userPass=adminadmin; PHPSESSID=a2j4l7hhk6redvq546bfed9p72',
  'connection' => 'keep-alive',
  'upgrade-insecure-requests' => '1',
)
[ info ] [ PARAM ] array (
)
[ info ] [ RUN ] app\index\controller\Login->index[ G:\wamp64\www\ib5\application\index\controller\Login.php ]
[ info ] [ VIEW ] G:\wamp64\www\ib5/application/index\view\login\index.html [ array (
) ]
[ info ] [ LOG ] INIT File

---------------------------------------------------------------
[ 2017-09-08T11:45:53+08:00 ] ::1 ::1 GET /ib5/index.php/index/login/public/bower_components/jquery/dist/jquery.min.js
[ log ] localhost/ib5/index.php/index/login/public/bower_components/jquery/dist/jquery.min.js [运行时间：0.084004s][吞吐率：11.90req/s] [内存消耗：2,337.14kb] [文件加载：54]
[ info ] [ LANG ] G:\wamp64\www\ib5\thinkphp\lang\zh-cn.php
[ info ] [ ROUTE ] array (
  'type' => 'module',
  'module' => 
  array (
    0 => 'index',
    1 => 'login',
    2 => 'public',
  ),
)
[ info ] [ HEADER ] array (
  'host' => 'localhost',
  'user-agent' => 'Mozilla/5.0 (Windows NT 6.1; WOW64; rv:55.0) Gecko/20100101 Firefox/55.0',
  'accept' => '*/*',
  'accept-language' => 'zh-CN,zh;q=0.8,en-US;q=0.5,en;q=0.3',
  'accept-encoding' => 'gzip, deflate',
  'referer' => 'http://localhost/ib5/index.php/index/login/index.html',
  'cookie' => 'thinkphp_show_page_trace=0|0; thinkphp_show_page_trace=0|0; pgv_pvi=1689448448; a0537_times=1; WSTMART_history_goods=think%3A%5B%224%22%5D; Hm_lvt_58347d769d009bcf6074e9a0ab7ba05e=1496366597,1496465456,1496491827,1496998328; userName=admin; userPass=adminadmin; PHPSESSID=a2j4l7hhk6redvq546bfed9p72',
  'connection' => 'keep-alive',
)
[ info ] [ PARAM ] array (
  'bower_components' => 'jquery',
  'dist' => 'jquery.min.js',
)
[ info ] [ LOG ] INIT File

---------------------------------------------------------------
[ 2017-09-08T11:45:53+08:00 ] ::1 ::1 GET /ib5/index.php/index/login/public/bower_components/bootstrap/dist/js/bootstrap.min.js
[ log ] localhost/ib5/index.php/index/login/public/bower_components/bootstrap/dist/js/bootstrap.min.js [运行时间：0.109006s][吞吐率：9.17req/s] [内存消耗：2,337.16kb] [文件加载：54]
[ info ] [ LANG ] G:\wamp64\www\ib5\thinkphp\lang\zh-cn.php
[ info ] [ ROUTE ] array (
  'type' => 'module',
  'module' => 
  array (
    0 => 'index',
    1 => 'login',
    2 => 'public',
  ),
)
[ info ] [ HEADER ] array (
  'host' => 'localhost',
  'user-agent' => 'Mozilla/5.0 (Windows NT 6.1; WOW64; rv:55.0) Gecko/20100101 Firefox/55.0',
  'accept' => '*/*',
  'accept-language' => 'zh-CN,zh;q=0.8,en-US;q=0.5,en;q=0.3',
  'accept-encoding' => 'gzip, deflate',
  'referer' => 'http://localhost/ib5/index.php/index/login/index.html',
  'cookie' => 'thinkphp_show_page_trace=0|0; thinkphp_show_page_trace=0|0; pgv_pvi=1689448448; a0537_times=1; WSTMART_history_goods=think%3A%5B%224%22%5D; Hm_lvt_58347d769d009bcf6074e9a0ab7ba05e=1496366597,1496465456,1496491827,1496998328; userName=admin; userPass=adminadmin; PHPSESSID=a2j4l7hhk6redvq546bfed9p72',
  'connection' => 'keep-alive',
)
[ info ] [ PARAM ] array (
  'bower_components' => 'bootstrap',
  'dist' => 'js',
)
[ info ] [ LOG ] INIT File

---------------------------------------------------------------
[ 2017-09-08T11:45:53+08:00 ] ::1 ::1 GET /ib5/index.php/index/login/public/dist/js/sb-admin-2.js
[ log ] localhost/ib5/index.php/index/login/public/dist/js/sb-admin-2.js [运行时间：0.110006s][吞吐率：9.09req/s] [内存消耗：2,336.98kb] [文件加载：54]
[ info ] [ LANG ] G:\wamp64\www\ib5\thinkphp\lang\zh-cn.php
[ info ] [ ROUTE ] array (
  'type' => 'module',
  'module' => 
  array (
    0 => 'index',
    1 => 'login',
    2 => 'public',
  ),
)
[ info ] [ HEADER ] array (
  'host' => 'localhost',
  'user-agent' => 'Mozilla/5.0 (Windows NT 6.1; WOW64; rv:55.0) Gecko/20100101 Firefox/55.0',
  'accept' => '*/*',
  'accept-language' => 'zh-CN,zh;q=0.8,en-US;q=0.5,en;q=0.3',
  'accept-encoding' => 'gzip, deflate',
  'referer' => 'http://localhost/ib5/index.php/index/login/index.html',
  'cookie' => 'thinkphp_show_page_trace=0|0; thinkphp_show_page_trace=0|0; pgv_pvi=1689448448; a0537_times=1; WSTMART_history_goods=think%3A%5B%224%22%5D; Hm_lvt_58347d769d009bcf6074e9a0ab7ba05e=1496366597,1496465456,1496491827,1496998328; userName=admin; userPass=adminadmin; PHPSESSID=a2j4l7hhk6redvq546bfed9p72',
  'connection' => 'keep-alive',
)
[ info ] [ PARAM ] array (
  'dist' => 'js',
)
[ info ] [ LOG ] INIT File

---------------------------------------------------------------
[ 2017-09-08T11:45:53+08:00 ] ::1 ::1 GET /ib5/index.php/index/login/public/bower_components/metisMenu/dist/metisMenu.min.js
[ log ] localhost/ib5/index.php/index/login/public/bower_components/metisMenu/dist/metisMenu.min.js [运行时间：0.190011s][吞吐率：5.26req/s] [内存消耗：2,337.19kb] [文件加载：54]
[ info ] [ LANG ] G:\wamp64\www\ib5\thinkphp\lang\zh-cn.php
[ info ] [ ROUTE ] array (
  'type' => 'module',
  'module' => 
  array (
    0 => 'index',
    1 => 'login',
    2 => 'public',
  ),
)
[ info ] [ HEADER ] array (
  'host' => 'localhost',
  'user-agent' => 'Mozilla/5.0 (Windows NT 6.1; WOW64; rv:55.0) Gecko/20100101 Firefox/55.0',
  'accept' => '*/*',
  'accept-language' => 'zh-CN,zh;q=0.8,en-US;q=0.5,en;q=0.3',
  'accept-encoding' => 'gzip, deflate',
  'referer' => 'http://localhost/ib5/index.php/index/login/index.html',
  'cookie' => 'thinkphp_show_page_trace=0|0; thinkphp_show_page_trace=0|0; pgv_pvi=1689448448; a0537_times=1; WSTMART_history_goods=think%3A%5B%224%22%5D; Hm_lvt_58347d769d009bcf6074e9a0ab7ba05e=1496366597,1496465456,1496491827,1496998328; userName=admin; userPass=adminadmin; PHPSESSID=a2j4l7hhk6redvq546bfed9p72',
  'connection' => 'keep-alive',
)
[ info ] [ PARAM ] array (
  'bower_components' => 'metisMenu',
  'dist' => 'metisMenu.min.js',
)
[ info ] [ LOG ] INIT File

---------------------------------------------------------------
[ 2017-09-08T11:45:53+08:00 ] ::1 ::1 GET /ib5/index.php/index/login/public/bower_components/jquery/dist/jquery.min.js
[ log ] localhost/ib5/index.php/index/login/public/bower_components/jquery/dist/jquery.min.js [运行时间：0.091005s][吞吐率：10.99req/s] [内存消耗：2,337.14kb] [文件加载：54]
[ info ] [ LANG ] G:\wamp64\www\ib5\thinkphp\lang\zh-cn.php
[ info ] [ ROUTE ] array (
  'type' => 'module',
  'module' => 
  array (
    0 => 'index',
    1 => 'login',
    2 => 'public',
  ),
)
[ info ] [ HEADER ] array (
  'host' => 'localhost',
  'user-agent' => 'Mozilla/5.0 (Windows NT 6.1; WOW64; rv:55.0) Gecko/20100101 Firefox/55.0',
  'accept' => '*/*',
  'accept-language' => 'zh-CN,zh;q=0.8,en-US;q=0.5,en;q=0.3',
  'accept-encoding' => 'gzip, deflate',
  'referer' => 'http://localhost/ib5/index.php/index/login/index.html',
  'cookie' => 'thinkphp_show_page_trace=0|0; thinkphp_show_page_trace=0|0; pgv_pvi=1689448448; a0537_times=1; WSTMART_history_goods=think%3A%5B%224%22%5D; Hm_lvt_58347d769d009bcf6074e9a0ab7ba05e=1496366597,1496465456,1496491827,1496998328; userName=admin; userPass=adminadmin; PHPSESSID=a2j4l7hhk6redvq546bfed9p72',
  'connection' => 'keep-alive',
)
[ info ] [ PARAM ] array (
  'bower_components' => 'jquery',
  'dist' => 'jquery.min.js',
)
[ info ] [ LOG ] INIT File

---------------------------------------------------------------
[ 2017-09-08T11:45:53+08:00 ] ::1 ::1 GET /ib5/index.php/index/login/public/bower_components/bootstrap/dist/js/bootstrap.min.js
[ log ] localhost/ib5/index.php/index/login/public/bower_components/bootstrap/dist/js/bootstrap.min.js [运行时间：0.062003s][吞吐率：16.13req/s] [内存消耗：2,337.16kb] [文件加载：54]
[ info ] [ LANG ] G:\wamp64\www\ib5\thinkphp\lang\zh-cn.php
[ info ] [ ROUTE ] array (
  'type' => 'module',
  'module' => 
  array (
    0 => 'index',
    1 => 'login',
    2 => 'public',
  ),
)
[ info ] [ HEADER ] array (
  'host' => 'localhost',
  'user-agent' => 'Mozilla/5.0 (Windows NT 6.1; WOW64; rv:55.0) Gecko/20100101 Firefox/55.0',
  'accept' => '*/*',
  'accept-language' => 'zh-CN,zh;q=0.8,en-US;q=0.5,en;q=0.3',
  'accept-encoding' => 'gzip, deflate',
  'referer' => 'http://localhost/ib5/index.php/index/login/index.html',
  'cookie' => 'thinkphp_show_page_trace=0|0; thinkphp_show_page_trace=0|0; pgv_pvi=1689448448; a0537_times=1; WSTMART_history_goods=think%3A%5B%224%22%5D; Hm_lvt_58347d769d009bcf6074e9a0ab7ba05e=1496366597,1496465456,1496491827,1496998328; userName=admin; userPass=adminadmin; PHPSESSID=a2j4l7hhk6redvq546bfed9p72',
  'connection' => 'keep-alive',
)
[ info ] [ PARAM ] array (
  'bower_components' => 'bootstrap',
  'dist' => 'js',
)
[ info ] [ LOG ] INIT File

---------------------------------------------------------------
[ 2017-09-08T11:45:54+08:00 ] ::1 ::1 GET /ib5/index.php/index/login/public/bower_components/metisMenu/dist/metisMenu.min.js
[ log ] localhost/ib5/index.php/index/login/public/bower_components/metisMenu/dist/metisMenu.min.js [运行时间：0.060003s][吞吐率：16.67req/s] [内存消耗：2,337.19kb] [文件加载：54]
[ info ] [ LANG ] G:\wamp64\www\ib5\thinkphp\lang\zh-cn.php
[ info ] [ ROUTE ] array (
  'type' => 'module',
  'module' => 
  array (
    0 => 'index',
    1 => 'login',
    2 => 'public',
  ),
)
[ info ] [ HEADER ] array (
  'host' => 'localhost',
  'user-agent' => 'Mozilla/5.0 (Windows NT 6.1; WOW64; rv:55.0) Gecko/20100101 Firefox/55.0',
  'accept' => '*/*',
  'accept-language' => 'zh-CN,zh;q=0.8,en-US;q=0.5,en;q=0.3',
  'accept-encoding' => 'gzip, deflate',
  'referer' => 'http://localhost/ib5/index.php/index/login/index.html',
  'cookie' => 'thinkphp_show_page_trace=0|0; thinkphp_show_page_trace=0|0; pgv_pvi=1689448448; a0537_times=1; WSTMART_history_goods=think%3A%5B%224%22%5D; Hm_lvt_58347d769d009bcf6074e9a0ab7ba05e=1496366597,1496465456,1496491827,1496998328; userName=admin; userPass=adminadmin; PHPSESSID=a2j4l7hhk6redvq546bfed9p72',
  'connection' => 'keep-alive',
)
[ info ] [ PARAM ] array (
  'bower_components' => 'metisMenu',
  'dist' => 'metisMenu.min.js',
)
[ info ] [ LOG ] INIT File

---------------------------------------------------------------
[ 2017-09-08T11:45:54+08:00 ] ::1 ::1 GET /ib5/index.php/index/login/public/dist/js/sb-admin-2.js
[ log ] localhost/ib5/index.php/index/login/public/dist/js/sb-admin-2.js [运行时间：0.060003s][吞吐率：16.67req/s] [内存消耗：2,336.98kb] [文件加载：54]
[ info ] [ LANG ] G:\wamp64\www\ib5\thinkphp\lang\zh-cn.php
[ info ] [ ROUTE ] array (
  'type' => 'module',
  'module' => 
  array (
    0 => 'index',
    1 => 'login',
    2 => 'public',
  ),
)
[ info ] [ HEADER ] array (
  'host' => 'localhost',
  'user-agent' => 'Mozilla/5.0 (Windows NT 6.1; WOW64; rv:55.0) Gecko/20100101 Firefox/55.0',
  'accept' => '*/*',
  'accept-language' => 'zh-CN,zh;q=0.8,en-US;q=0.5,en;q=0.3',
  'accept-encoding' => 'gzip, deflate',
  'referer' => 'http://localhost/ib5/index.php/index/login/index.html',
  'cookie' => 'thinkphp_show_page_trace=0|0; thinkphp_show_page_trace=0|0; pgv_pvi=1689448448; a0537_times=1; WSTMART_history_goods=think%3A%5B%224%22%5D; Hm_lvt_58347d769d009bcf6074e9a0ab7ba05e=1496366597,1496465456,1496491827,1496998328; userName=admin; userPass=adminadmin; PHPSESSID=a2j4l7hhk6redvq546bfed9p72',
  'connection' => 'keep-alive',
)
[ info ] [ PARAM ] array (
  'dist' => 'js',
)
[ info ] [ LOG ] INIT File

---------------------------------------------------------------
[ 2017-09-08T11:45:56+08:00 ] ::1 ::1 POST /ib5/index.php/index/login/dologin.html
[ log ] localhost/ib5/index.php/index/login/dologin.html [运行时间：0.059003s][吞吐率：16.95req/s] [内存消耗：3,266.13kb] [文件加载：57]
[ info ] [ LANG ] G:\wamp64\www\ib5\thinkphp\lang\zh-cn.php
[ info ] [ ROUTE ] array (
  'type' => 'module',
  'module' => 
  array (
    0 => 'index',
    1 => 'login',
    2 => 'dologin',
  ),
)
[ info ] [ HEADER ] array (
  'host' => 'localhost',
  'user-agent' => 'Mozilla/5.0 (Windows NT 6.1; WOW64; rv:55.0) Gecko/20100101 Firefox/55.0',
  'accept' => 'text/html,application/xhtml+xml,application/xml;q=0.9,*/*;q=0.8',
  'accept-language' => 'zh-CN,zh;q=0.8,en-US;q=0.5,en;q=0.3',
  'accept-encoding' => 'gzip, deflate',
  'content-type' => 'application/x-www-form-urlencoded',
  'content-length' => '56',
  'referer' => 'http://localhost/ib5/index.php/index/login/index.html',
  'cookie' => 'thinkphp_show_page_trace=0|0; thinkphp_show_page_trace=0|0; pgv_pvi=1689448448; a0537_times=1; WSTMART_history_goods=think%3A%5B%224%22%5D; Hm_lvt_58347d769d009bcf6074e9a0ab7ba05e=1496366597,1496465456,1496491827,1496998328; userName=admin; userPass=admin; PHPSESSID=a2j4l7hhk6redvq546bfed9p72',
  'connection' => 'keep-alive',
  'upgrade-insecure-requests' => '1',
)
[ info ] [ PARAM ] array (
  'usernamefld' => 'admin',
  'passwordfld' => 'admin',
  'remember' => 'Remember Me',
)
[ info ] [ RUN ] app\index\controller\Login->dologin[ G:\wamp64\www\ib5\application\index\controller\Login.php ]
[ info ] [ DB ] INIT mysql
[ info ] [ SESSION ] INIT array (
  'id' => '',
  'var_session_id' => '',
  'prefix' => 'think',
  'type' => '',
  'auto_start' => true,
)
[ info ] [ LOG ] INIT File
[ sql ] [ DB ] CONNECT:[ UseTime:0.001000s ] mysql:dbname=location_data;host=127.0.0.1;port=3306;charset=utf8
[ sql ] [ SQL ] SHOW COLUMNS FROM `commager` [ RunTime:0.002000s ]
[ sql ] [ SQL ] SELECT * FROM `commager` WHERE  `loginName` = 'admin'  AND `passwd` = '21232f297a57a5a743894a0e4a801fc3' LIMIT 1 [ RunTime:0.001000s ]

---------------------------------------------------------------
[ 2017-09-08T11:45:56+08:00 ] ::1 ::1 GET /ib5/index.php/index/index/index.html
[ log ] localhost/ib5/index.php/index/index/index.html [运行时间：0.086005s][吞吐率：11.63req/s] [内存消耗：3,310.93kb] [文件加载：59]
[ info ] [ LANG ] G:\wamp64\www\ib5\thinkphp\lang\zh-cn.php
[ info ] [ ROUTE ] array (
  'type' => 'module',
  'module' => 
  array (
    0 => 'index',
    1 => 'index',
    2 => 'index',
  ),
)
[ info ] [ HEADER ] array (
  'host' => 'localhost',
  'user-agent' => 'Mozilla/5.0 (Windows NT 6.1; WOW64; rv:55.0) Gecko/20100101 Firefox/55.0',
  'accept' => 'text/html,application/xhtml+xml,application/xml;q=0.9,*/*;q=0.8',
  'accept-language' => 'zh-CN,zh;q=0.8,en-US;q=0.5,en;q=0.3',
  'accept-encoding' => 'gzip, deflate',
  'referer' => 'http://localhost/ib5/index.php/index/login/index.html',
  'cookie' => 'thinkphp_show_page_trace=0|0; thinkphp_show_page_trace=0|0; pgv_pvi=1689448448; a0537_times=1; WSTMART_history_goods=think%3A%5B%224%22%5D; Hm_lvt_58347d769d009bcf6074e9a0ab7ba05e=1496366597,1496465456,1496491827,1496998328; userName=admin; userPass=admin; PHPSESSID=a2j4l7hhk6redvq546bfed9p72',
  'connection' => 'keep-alive',
  'upgrade-insecure-requests' => '1',
)
[ info ] [ PARAM ] array (
)
[ info ] [ SESSION ] INIT array (
  'id' => '',
  'var_session_id' => '',
  'prefix' => 'think',
  'type' => '',
  'auto_start' => true,
)
[ info ] [ RUN ] app\index\controller\Index->index[ G:\wamp64\www\ib5\application\index\controller\Index.php ]
[ info ] [ DB ] INIT mysql
[ info ] [ VIEW ] G:\wamp64\www\ib5/application/index\view\index\index.html [ array (
  0 => 'squarecount',
  1 => 'buildingcount',
  2 => 'floorcount',
  3 => 'apcount',
) ]
[ info ] [ LOG ] INIT File
[ sql ] [ DB ] CONNECT:[ UseTime:0.011001s ] mysql:dbname=location_data;host=127.0.0.1;port=3306;charset=utf8
[ sql ] [ SQL ] SHOW COLUMNS FROM `square` [ RunTime:0.001000s ]
[ sql ] [ SQL ] SELECT COUNT(*) AS tp_count FROM `square` LIMIT 1 [ RunTime:0.000000s ]
[ sql ] [ SQL ] SHOW COLUMNS FROM `building` [ RunTime:0.001000s ]
[ sql ] [ SQL ] SELECT COUNT(*) AS tp_count FROM `building` LIMIT 1 [ RunTime:0.000000s ]
[ sql ] [ SQL ] SHOW COLUMNS FROM `floor` [ RunTime:0.001000s ]
[ sql ] [ SQL ] SELECT COUNT(*) AS tp_count FROM `floor` LIMIT 1 [ RunTime:0.001000s ]
[ sql ] [ SQL ] SHOW COLUMNS FROM `aps` [ RunTime:0.001001s ]
[ sql ] [ SQL ] SELECT COUNT(*) AS tp_count FROM `aps` LIMIT 1 [ RunTime:0.001000s ]

---------------------------------------------------------------
[ 2017-09-08T11:46:02+08:00 ] ::1 ::1 GET /ib5/index.php/index/account/member.html
[ log ] localhost/ib5/index.php/index/account/member.html [运行时间：0.139008s][吞吐率：7.19req/s] [内存消耗：2,411.58kb] [文件加载：54]
[ info ] [ LANG ] G:\wamp64\www\ib5\thinkphp\lang\zh-cn.php
[ info ] [ ROUTE ] array (
  'type' => 'module',
  'module' => 
  array (
    0 => 'index',
    1 => 'account',
    2 => 'member',
  ),
)
[ info ] [ HEADER ] array (
  'host' => 'localhost',
  'user-agent' => 'Mozilla/5.0 (Windows NT 6.1; WOW64; rv:55.0) Gecko/20100101 Firefox/55.0',
  'accept' => 'text/html,application/xhtml+xml,application/xml;q=0.9,*/*;q=0.8',
  'accept-language' => 'zh-CN,zh;q=0.8,en-US;q=0.5,en;q=0.3',
  'accept-encoding' => 'gzip, deflate',
  'referer' => 'http://localhost/ib5/index.php/index/index/index.html',
  'cookie' => 'thinkphp_show_page_trace=0|0; pgv_pvi=1689448448; a0537_times=1; WSTMART_history_goods=think%3A%5B%224%22%5D; Hm_lvt_58347d769d009bcf6074e9a0ab7ba05e=1496366597,1496465456,1496491827,1496998328; userName=admin; userPass=admin; PHPSESSID=a2j4l7hhk6redvq546bfed9p72',
  'connection' => 'keep-alive',
  'upgrade-insecure-requests' => '1',
)
[ info ] [ PARAM ] array (
)
[ info ] [ SESSION ] INIT array (
  'id' => '',
  'var_session_id' => '',
  'prefix' => 'think',
  'type' => '',
  'auto_start' => true,
)
[ info ] [ RUN ] app\index\controller\Account->member[ G:\wamp64\www\ib5\application\index\controller\Account.php ]
[ info ] [ VIEW ] G:\wamp64\www\ib5/application/index\view\account\member.html [ array (
) ]
[ info ] [ LOG ] INIT File

---------------------------------------------------------------
[ 2017-09-08T11:46:03+08:00 ] ::1 ::1 GET /ib5/index.php/index/account/memberlist.html
[ log ] localhost/ib5/index.php/index/account/memberlist.html [运行时间：0.150009s][吞吐率：6.67req/s] [内存消耗：3,435.73kb] [文件加载：62]
[ info ] [ LANG ] G:\wamp64\www\ib5\thinkphp\lang\zh-cn.php
[ info ] [ ROUTE ] array (
  'type' => 'module',
  'module' => 
  array (
    0 => 'index',
    1 => 'account',
    2 => 'memberlist',
  ),
)
[ info ] [ HEADER ] array (
  'host' => 'localhost',
  'user-agent' => 'Mozilla/5.0 (Windows NT 6.1; WOW64; rv:55.0) Gecko/20100101 Firefox/55.0',
  'accept' => 'text/html,application/xhtml+xml,application/xml;q=0.9,*/*;q=0.8',
  'accept-language' => 'zh-CN,zh;q=0.8,en-US;q=0.5,en;q=0.3',
  'accept-encoding' => 'gzip, deflate',
  'referer' => 'http://localhost/ib5/index.php/index/account/member.html',
  'cookie' => 'thinkphp_show_page_trace=0|0; thinkphp_show_page_trace=0|0; pgv_pvi=1689448448; a0537_times=1; WSTMART_history_goods=think%3A%5B%224%22%5D; Hm_lvt_58347d769d009bcf6074e9a0ab7ba05e=1496366597,1496465456,1496491827,1496998328; userName=admin; userPass=admin; PHPSESSID=a2j4l7hhk6redvq546bfed9p72',
  'connection' => 'keep-alive',
  'upgrade-insecure-requests' => '1',
)
[ info ] [ PARAM ] array (
)
[ info ] [ SESSION ] INIT array (
  'id' => '',
  'var_session_id' => '',
  'prefix' => 'think',
  'type' => '',
  'auto_start' => true,
)
[ info ] [ RUN ] app\index\controller\Account->memberlist[ G:\wamp64\www\ib5\application\index\controller\Account.php ]
[ info ] [ DB ] INIT mysql
[ info ] [ VIEW ] G:\wamp64\www\ib5/application/index\view\account\members.html [ array (
  0 => 'lists',
) ]
[ info ] [ LOG ] INIT File
[ sql ] [ DB ] CONNECT:[ UseTime:0.002001s ] mysql:dbname=location_data;host=127.0.0.1;port=3306;charset=utf8
[ sql ] [ SQL ] SHOW COLUMNS FROM `commager` [ RunTime:0.003000s ]
[ sql ] [ SQL ] SELECT COUNT(*) AS tp_count FROM `commager` LIMIT 1 [ RunTime:0.001000s ]
[ sql ] [ SQL ] SELECT * FROM `commager` LIMIT 0,10 [ RunTime:0.000000s ]

---------------------------------------------------------------
[ 2017-09-08T11:46:04+08:00 ] ::1 ::1 GET /ib5/public/js/jquery-min.js
[ log ] localhost/ib5/public/js/jquery-min.js [运行时间：0.049002s][吞吐率：20.41req/s] [内存消耗：1,966.25kb] [文件加载：45]
[ info ] [ LANG ] G:\wamp64\www\ib5\thinkphp\lang\zh-cn.php
[ info ] [ ROUTE ] array (
  'type' => 'module',
  'module' => 
  array (
    0 => 'js',
    1 => 'jquery-min.js',
    2 => NULL,
  ),
)
[ info ] [ HEADER ] array (
  'host' => 'localhost',
  'user-agent' => 'Mozilla/5.0 (Windows NT 6.1; WOW64; rv:55.0) Gecko/20100101 Firefox/55.0',
  'accept' => '*/*',
  'accept-language' => 'zh-CN,zh;q=0.8,en-US;q=0.5,en;q=0.3',
  'accept-encoding' => 'gzip, deflate',
  'referer' => 'http://localhost/ib5/index.php/index/account/memberlist.html',
  'cookie' => 'thinkphp_show_page_trace=0|0; pgv_pvi=1689448448; a0537_times=1; WSTMART_history_goods=think%3A%5B%224%22%5D; Hm_lvt_58347d769d009bcf6074e9a0ab7ba05e=1496366597,1496465456,1496491827,1496998328; userName=admin; userPass=admin; PHPSESSID=a2j4l7hhk6redvq546bfed9p72',
  'connection' => 'keep-alive',
)
[ info ] [ PARAM ] array (
)
[ info ] [ LOG ] INIT File

---------------------------------------------------------------
[ 2017-09-08T11:46:37+08:00 ] ::1 ::1 GET /ib5/index.php/index/account/memberlist.html
[ log ] localhost/ib5/index.php/index/account/memberlist.html [运行时间：0.158009s][吞吐率：6.33req/s] [内存消耗：3,624.36kb] [文件加载：64]
[ info ] [ LANG ] G:\wamp64\www\ib5\thinkphp\lang\zh-cn.php
[ info ] [ ROUTE ] array (
  'type' => 'module',
  'module' => 
  array (
    0 => 'index',
    1 => 'account',
    2 => 'memberlist',
  ),
)
[ info ] [ HEADER ] array (
  'host' => 'localhost',
  'user-agent' => 'Mozilla/5.0 (Windows NT 6.1; WOW64; rv:55.0) Gecko/20100101 Firefox/55.0',
  'accept' => 'text/html,application/xhtml+xml,application/xml;q=0.9,*/*;q=0.8',
  'accept-language' => 'zh-CN,zh;q=0.8,en-US;q=0.5,en;q=0.3',
  'accept-encoding' => 'gzip, deflate',
  'referer' => 'http://localhost/ib5/index.php/index/account/member.html',
  'cookie' => 'thinkphp_show_page_trace=0|0; thinkphp_show_page_trace=0|0; pgv_pvi=1689448448; a0537_times=1; WSTMART_history_goods=think%3A%5B%224%22%5D; Hm_lvt_58347d769d009bcf6074e9a0ab7ba05e=1496366597,1496465456,1496491827,1496998328; userName=admin; userPass=admin; PHPSESSID=a2j4l7hhk6redvq546bfed9p72',
  'connection' => 'keep-alive',
  'upgrade-insecure-requests' => '1',
  'cache-control' => 'max-age=0',
)
[ info ] [ PARAM ] array (
)
[ info ] [ SESSION ] INIT array (
  'id' => '',
  'var_session_id' => '',
  'prefix' => 'think',
  'type' => '',
  'auto_start' => true,
)
[ info ] [ RUN ] app\index\controller\Account->memberlist[ G:\wamp64\www\ib5\application\index\controller\Account.php ]
[ info ] [ DB ] INIT mysql
[ info ] [ VIEW ] G:\wamp64\www\ib5/application/index\view\account\members.html [ array (
  0 => 'lists',
) ]
[ info ] [ LOG ] INIT File
[ sql ] [ DB ] CONNECT:[ UseTime:0.001000s ] mysql:dbname=location_data;host=127.0.0.1;port=3306;charset=utf8
[ sql ] [ SQL ] SHOW COLUMNS FROM `commager` [ RunTime:0.001000s ]
[ sql ] [ SQL ] SELECT COUNT(*) AS tp_count FROM `commager` LIMIT 1 [ RunTime:0.000000s ]
[ sql ] [ SQL ] SELECT * FROM `commager` LIMIT 0,10 [ RunTime:0.001000s ]

---------------------------------------------------------------
[ 2017-09-08T11:46:51+08:00 ] ::1 ::1 GET /ib5/index.php/index/account/rules.html?id=2
[ log ] localhost/ib5/index.php/index/account/rules.html?id=2 [运行时间：0.167010s][吞吐率：5.99req/s] [内存消耗：3,397.28kb] [文件加载：59]
[ info ] [ LANG ] G:\wamp64\www\ib5\thinkphp\lang\zh-cn.php
[ info ] [ ROUTE ] array (
  'type' => 'module',
  'module' => 
  array (
    0 => 'index',
    1 => 'account',
    2 => 'rules',
  ),
)
[ info ] [ HEADER ] array (
  'host' => 'localhost',
  'user-agent' => 'Mozilla/5.0 (Windows NT 6.1; WOW64; rv:55.0) Gecko/20100101 Firefox/55.0',
  'accept' => 'text/html,application/xhtml+xml,application/xml;q=0.9,*/*;q=0.8',
  'accept-language' => 'zh-CN,zh;q=0.8,en-US;q=0.5,en;q=0.3',
  'accept-encoding' => 'gzip, deflate',
  'referer' => 'http://localhost/ib5/index.php/index/account/memberlist.html',
  'cookie' => 'thinkphp_show_page_trace=0|0; thinkphp_show_page_trace=0|0; pgv_pvi=1689448448; a0537_times=1; WSTMART_history_goods=think%3A%5B%224%22%5D; Hm_lvt_58347d769d009bcf6074e9a0ab7ba05e=1496366597,1496465456,1496491827,1496998328; userName=admin; userPass=admin; PHPSESSID=a2j4l7hhk6redvq546bfed9p72',
  'connection' => 'keep-alive',
  'upgrade-insecure-requests' => '1',
)
[ info ] [ PARAM ] array (
  'id' => '2',
)
[ info ] [ SESSION ] INIT array (
  'id' => '',
  'var_session_id' => '',
  'prefix' => 'think',
  'type' => '',
  'auto_start' => true,
)
[ info ] [ RUN ] app\index\controller\Account->rules[ G:\wamp64\www\ib5\application\index\controller\Account.php ]
[ info ] [ DB ] INIT mysql
[ info ] [ DB ] INIT mysql
[ info ] [ VIEW ] G:\wamp64\www\ib5/application/index\view\account\rules.html [ array (
  0 => 'lists',
) ]
[ info ] [ LOG ] INIT File
[ sql ] [ DB ] CONNECT:[ UseTime:0.011000s ] mysql:dbname=location_data;host=127.0.0.1;port=3306;charset=utf8
[ sql ] [ SQL ] SHOW COLUMNS FROM `commager` [ RunTime:0.001001s ]
[ sql ] [ SQL ] SELECT * FROM `commager` WHERE  `id` = 2 LIMIT 1 [ RunTime:0.001000s ]
[ sql ] [ DB ] CONNECT:[ UseTime:0.010000s ] mysql:dbname=location_data;host=127.0.0.1;port=3306;charset=utf8
[ sql ] [ SQL ] SHOW COLUMNS FROM `square` [ RunTime:0.001000s ]
[ sql ] [ SQL ] SELECT `id`,`campus_name` FROM `square` [ RunTime:0.000000s ]

---------------------------------------------------------------
[ 2017-09-08T11:46:55+08:00 ] ::1 ::1 GET /ib5/index.php/index/account/memberlist.html
[ log ] localhost/ib5/index.php/index/account/memberlist.html [运行时间：0.095005s][吞吐率：10.53req/s] [内存消耗：3,435.73kb] [文件加载：62]
[ info ] [ LANG ] G:\wamp64\www\ib5\thinkphp\lang\zh-cn.php
[ info ] [ ROUTE ] array (
  'type' => 'module',
  'module' => 
  array (
    0 => 'index',
    1 => 'account',
    2 => 'memberlist',
  ),
)
[ info ] [ HEADER ] array (
  'host' => 'localhost',
  'user-agent' => 'Mozilla/5.0 (Windows NT 6.1; WOW64; rv:55.0) Gecko/20100101 Firefox/55.0',
  'accept' => 'text/html,application/xhtml+xml,application/xml;q=0.9,*/*;q=0.8',
  'accept-language' => 'zh-CN,zh;q=0.8,en-US;q=0.5,en;q=0.3',
  'accept-encoding' => 'gzip, deflate',
  'referer' => 'http://localhost/ib5/index.php/index/account/member.html',
  'cookie' => 'thinkphp_show_page_trace=0|0; thinkphp_show_page_trace=0|0; pgv_pvi=1689448448; a0537_times=1; WSTMART_history_goods=think%3A%5B%224%22%5D; Hm_lvt_58347d769d009bcf6074e9a0ab7ba05e=1496366597,1496465456,1496491827,1496998328; userName=admin; userPass=admin; PHPSESSID=a2j4l7hhk6redvq546bfed9p72',
  'connection' => 'keep-alive',
  'upgrade-insecure-requests' => '1',
)
[ info ] [ PARAM ] array (
)
[ info ] [ SESSION ] INIT array (
  'id' => '',
  'var_session_id' => '',
  'prefix' => 'think',
  'type' => '',
  'auto_start' => true,
)
[ info ] [ RUN ] app\index\controller\Account->memberlist[ G:\wamp64\www\ib5\application\index\controller\Account.php ]
[ info ] [ DB ] INIT mysql
[ info ] [ VIEW ] G:\wamp64\www\ib5/application/index\view\account\members.html [ array (
  0 => 'lists',
) ]
[ info ] [ LOG ] INIT File
[ sql ] [ DB ] CONNECT:[ UseTime:0.011001s ] mysql:dbname=location_data;host=127.0.0.1;port=3306;charset=utf8
[ sql ] [ SQL ] SHOW COLUMNS FROM `commager` [ RunTime:0.002000s ]
[ sql ] [ SQL ] SELECT COUNT(*) AS tp_count FROM `commager` LIMIT 1 [ RunTime:0.001000s ]
[ sql ] [ SQL ] SELECT * FROM `commager` LIMIT 0,10 [ RunTime:0.002000s ]

---------------------------------------------------------------
[ 2017-09-08T11:47:09+08:00 ] ::1 ::1 GET /ib5/index.php/index/place/square.html
[ log ] localhost/ib5/index.php/index/place/square.html [运行时间：0.112007s][吞吐率：8.93req/s] [内存消耗：3,554.10kb] [文件加载：62]
[ info ] [ LANG ] G:\wamp64\www\ib5\thinkphp\lang\zh-cn.php
[ info ] [ ROUTE ] array (
  'type' => 'module',
  'module' => 
  array (
    0 => 'index',
    1 => 'place',
    2 => 'square',
  ),
)
[ info ] [ HEADER ] array (
  'host' => 'localhost',
  'user-agent' => 'Mozilla/5.0 (Windows NT 6.1; WOW64; rv:55.0) Gecko/20100101 Firefox/55.0',
  'accept' => 'text/html,application/xhtml+xml,application/xml;q=0.9,*/*;q=0.8',
  'accept-language' => 'zh-CN,zh;q=0.8,en-US;q=0.5,en;q=0.3',
  'accept-encoding' => 'gzip, deflate',
  'referer' => 'http://localhost/ib5/index.php/index/account/memberlist.html',
  'cookie' => 'thinkphp_show_page_trace=0|0; pgv_pvi=1689448448; a0537_times=1; WSTMART_history_goods=think%3A%5B%224%22%5D; Hm_lvt_58347d769d009bcf6074e9a0ab7ba05e=1496366597,1496465456,1496491827,1496998328; userName=admin; userPass=admin; PHPSESSID=a2j4l7hhk6redvq546bfed9p72',
  'connection' => 'keep-alive',
  'upgrade-insecure-requests' => '1',
)
[ info ] [ PARAM ] array (
)
[ info ] [ SESSION ] INIT array (
  'id' => '',
  'var_session_id' => '',
  'prefix' => 'think',
  'type' => '',
  'auto_start' => true,
)
[ info ] [ RUN ] app\index\controller\Place->square[ G:\wamp64\www\ib5\application\index\controller\Place.php ]
[ info ] [ DB ] INIT mysql
[ info ] [ VIEW ] G:\wamp64\www\ib5/application/index\view\place\square.html [ array (
  0 => 'list',
  1 => 'pro',
) ]
[ info ] [ LOG ] INIT File
[ sql ] [ DB ] CONNECT:[ UseTime:0.001000s ] mysql:dbname=location_data;host=127.0.0.1;port=3306;charset=utf8
[ sql ] [ SQL ] SHOW COLUMNS FROM `aps` [ RunTime:0.001000s ]
[ sql ] [ SQL ] SHOW COLUMNS FROM `square` [ RunTime:0.002000s ]
[ sql ] [ SQL ] SELECT COUNT(*) AS tp_count FROM `square` INNER JOIN `sys_location_info` `sys_location_info` ON `square`.`location_id`=`sys_location_info`.`location_id` LEFT JOIN ( SELECT count(*) AS `cnt`,`campus_id` FROM `aps` GROUP BY campus_id ) `a` ON `a`.`campus_id`=`square`.`id` LIMIT 1 [ RunTime:0.001000s ]
[ sql ] [ SQL ] SELECT * FROM `square` INNER JOIN `sys_location_info` `sys_location_info` ON `square`.`location_id`=`sys_location_info`.`location_id` LEFT JOIN ( SELECT count(*) AS `cnt`,`campus_id` FROM `aps` GROUP BY campus_id ) `a` ON `a`.`campus_id`=`square`.`id` LIMIT 0,10 [ RunTime:0.001000s ]
[ sql ] [ SQL ] SHOW COLUMNS FROM `sys_location_info` [ RunTime:0.001000s ]
[ sql ] [ SQL ] SELECT * FROM `sys_location_info` WHERE  (  parent_location_id=0 ) [ RunTime:0.001000s ]

---------------------------------------------------------------
[ 2017-09-08T11:47:10+08:00 ] ::1 ::1 POST /ib5/index.php/index/place/ajaxgetareasbycityid.html
[ log ] localhost/ib5/index.php/index/place/ajaxgetareasbycityid.html [运行时间：0.052003s][吞吐率：19.23req/s] [内存消耗：3,268.63kb] [文件加载：55]
[ info ] [ LANG ] G:\wamp64\www\ib5\thinkphp\lang\zh-cn.php
[ info ] [ ROUTE ] array (
  'type' => 'module',
  'module' => 
  array (
    0 => 'index',
    1 => 'place',
    2 => 'ajaxgetareasbycityid',
  ),
)
[ info ] [ HEADER ] array (
  'host' => 'localhost',
  'user-agent' => 'Mozilla/5.0 (Windows NT 6.1; WOW64; rv:55.0) Gecko/20100101 Firefox/55.0',
  'accept' => 'application/json, text/javascript, */*; q=0.01',
  'accept-language' => 'zh-CN,zh;q=0.8,en-US;q=0.5,en;q=0.3',
  'accept-encoding' => 'gzip, deflate',
  'content-type' => 'application/x-www-form-urlencoded; charset=UTF-8',
  'x-requested-with' => 'XMLHttpRequest',
  'referer' => 'http://localhost/ib5/index.php/index/place/square.html',
  'content-length' => '13',
  'cookie' => 'thinkphp_show_page_trace=0|0; thinkphp_show_page_trace=0|0; pgv_pvi=1689448448; a0537_times=1; WSTMART_history_goods=think%3A%5B%224%22%5D; Hm_lvt_58347d769d009bcf6074e9a0ab7ba05e=1496366597,1496465456,1496491827,1496998328; userName=admin; userPass=admin; PHPSESSID=a2j4l7hhk6redvq546bfed9p72',
  'connection' => 'keep-alive',
)
[ info ] [ PARAM ] array (
  'location_id' => '1',
)
[ info ] [ SESSION ] INIT array (
  'id' => '',
  'var_session_id' => '',
  'prefix' => 'think',
  'type' => '',
  'auto_start' => true,
)
[ info ] [ RUN ] app\index\controller\Place->ajaxGetAreasByCityId[ G:\wamp64\www\ib5\application\index\controller\Place.php ]
[ info ] [ DB ] INIT mysql
[ info ] [ LOG ] INIT File
[ sql ] [ DB ] CONNECT:[ UseTime:0.002000s ] mysql:dbname=location_data;host=127.0.0.1;port=3306;charset=utf8
[ sql ] [ SQL ] SHOW COLUMNS FROM `sys_location_info` [ RunTime:0.001000s ]
[ sql ] [ SQL ] SELECT * FROM `sys_location_info` WHERE  (  parent_location_id=1 ) [ RunTime:0.000000s ]

---------------------------------------------------------------
