[ 2017-07-24T09:49:43+08:00 ] ::1 ::1 GET /ib5/
[ log ] localhost/ib5/ [运行时间：0.715041s][吞吐率：1.40req/s] [内存消耗：3,294.39kb] [文件加载：50]
[ info ] [ LANG ] G:\wamp64\www\ib5\thinkphp\lang\zh-cn.php
[ info ] [ ROUTE ] array (
  'type' => 'module',
  'module' => 
  array (
    0 => '',
    1 => NULL,
    2 => NULL,
  ),
)
[ info ] [ HEADER ] array (
  'host' => 'localhost',
  'connection' => 'keep-alive',
  'upgrade-insecure-requests' => '1',
  'user-agent' => 'Mozilla/5.0 (Windows NT 6.1; WOW64) AppleWebKit/537.36 (KHTML, like Gecko) Chrome/59.0.3071.104 Safari/537.36',
  'accept' => 'text/html,application/xhtml+xml,application/xml;q=0.9,image/webp,image/apng,*/*;q=0.8',
  'referer' => 'http://localhost/',
  'accept-encoding' => 'gzip, deflate, br',
  'accept-language' => 'zh-CN,zh;q=0.8',
  'cookie' => 'a0537_times=3; UM_distinctid=15d02e2e01f6-0f4ab884e85d8a-474b0421-100200-15d02e2e020fe; CNZZDATA1260520261=1135890009-1498991043-%7C1498991043; Hm_lvt_58347d769d009bcf6074e9a0ab7ba05e=1498282664,1499393186,1499415898,1499837253; auth=c863588c1c0e9a14c4ad1c4697100848',
)
[ info ] [ PARAM ] array (
)
[ info ] [ RUN ] app\index\controller\Login->index[ G:\wamp64\www\ib5\application\index\controller\Login.php ]
[ info ] [ VIEW ] G:\wamp64\www\ib5/application/index\view\login\index.html [ array (
) ]
[ info ] [ LOG ] INIT File

---------------------------------------------------------------
[ 2017-07-24T09:49:53+08:00 ] ::1 ::1 POST /ib5/index.php/index/login/dologin.html
[ log ] localhost/ib5/index.php/index/login/dologin.html [运行时间：0.598034s][吞吐率：1.67req/s] [内存消耗：4,343.27kb] [文件加载：56]
[ info ] [ LANG ] G:\wamp64\www\ib5\thinkphp\lang\zh-cn.php
[ info ] [ ROUTE ] array (
  'type' => 'module',
  'module' => 
  array (
    0 => 'index',
    1 => 'login',
    2 => 'dologin',
  ),
)
[ info ] [ HEADER ] array (
  'host' => 'localhost',
  'connection' => 'keep-alive',
  'content-length' => '56',
  'cache-control' => 'max-age=0',
  'origin' => 'http://localhost',
  'upgrade-insecure-requests' => '1',
  'user-agent' => 'Mozilla/5.0 (Windows NT 6.1; WOW64) AppleWebKit/537.36 (KHTML, like Gecko) Chrome/59.0.3071.104 Safari/537.36',
  'content-type' => 'application/x-www-form-urlencoded',
  'accept' => 'text/html,application/xhtml+xml,application/xml;q=0.9,image/webp,image/apng,*/*;q=0.8',
  'referer' => 'http://localhost/ib5/',
  'accept-encoding' => 'gzip, deflate, br',
  'accept-language' => 'zh-CN,zh;q=0.8',
  'cookie' => 'a0537_times=3; UM_distinctid=15d02e2e01f6-0f4ab884e85d8a-474b0421-100200-15d02e2e020fe; CNZZDATA1260520261=1135890009-1498991043-%7C1498991043; Hm_lvt_58347d769d009bcf6074e9a0ab7ba05e=1498282664,1499393186,1499415898,1499837253; auth=c863588c1c0e9a14c4ad1c4697100848; userName=admin; userPass=admin',
)
[ info ] [ PARAM ] array (
  'usernamefld' => 'admin',
  'passwordfld' => 'admin',
  'remember' => 'Remember Me',
)
[ info ] [ RUN ] app\index\controller\Login->dologin[ G:\wamp64\www\ib5\application\index\controller\Login.php ]
[ info ] [ DB ] INIT mysql
[ info ] [ SESSION ] INIT array (
  'id' => '',
  'var_session_id' => '',
  'prefix' => 'think',
  'type' => '',
  'auto_start' => true,
)
[ info ] [ LOG ] INIT File
[ sql ] [ DB ] CONNECT:[ UseTime:0.048002s ] mysql:dbname=location_data;host=127.0.0.1;port=3306;charset=utf8
[ sql ] [ SQL ] SHOW COLUMNS FROM `commager` [ RunTime:0.205012s ]
[ sql ] [ SQL ] SELECT * FROM `commager` WHERE  `loginName` = 'admin'  AND `passwd` = '21232f297a57a5a743894a0e4a801fc3' LIMIT 1 [ RunTime:0.043002s ]

---------------------------------------------------------------
[ 2017-07-24T09:49:53+08:00 ] ::1 ::1 GET /ib5/index.php/index/index/index.html
[ log ] localhost/ib5/index.php/index/index/index.html [运行时间：0.364021s][吞吐率：2.75req/s] [内存消耗：4,628.05kb] [文件加载：58]
[ info ] [ LANG ] G:\wamp64\www\ib5\thinkphp\lang\zh-cn.php
[ info ] [ ROUTE ] array (
  'type' => 'module',
  'module' => 
  array (
    0 => 'index',
    1 => 'index',
    2 => 'index',
  ),
)
[ info ] [ HEADER ] array (
  'host' => 'localhost',
  'connection' => 'keep-alive',
  'cache-control' => 'max-age=0',
  'upgrade-insecure-requests' => '1',
  'user-agent' => 'Mozilla/5.0 (Windows NT 6.1; WOW64) AppleWebKit/537.36 (KHTML, like Gecko) Chrome/59.0.3071.104 Safari/537.36',
  'accept' => 'text/html,application/xhtml+xml,application/xml;q=0.9,image/webp,image/apng,*/*;q=0.8',
  'referer' => 'http://localhost/ib5/',
  'accept-encoding' => 'gzip, deflate, br',
  'accept-language' => 'zh-CN,zh;q=0.8',
  'cookie' => 'a0537_times=3; UM_distinctid=15d02e2e01f6-0f4ab884e85d8a-474b0421-100200-15d02e2e020fe; CNZZDATA1260520261=1135890009-1498991043-%7C1498991043; Hm_lvt_58347d769d009bcf6074e9a0ab7ba05e=1498282664,1499393186,1499415898,1499837253; auth=c863588c1c0e9a14c4ad1c4697100848; userName=admin; userPass=admin; PHPSESSID=69mbtbol6orp1jg2mc58llsui3',
)
[ info ] [ PARAM ] array (
)
[ info ] [ SESSION ] INIT array (
  'id' => '',
  'var_session_id' => '',
  'prefix' => 'think',
  'type' => '',
  'auto_start' => true,
)
[ info ] [ RUN ] app\index\controller\Index->index[ G:\wamp64\www\ib5\application\index\controller\Index.php ]
[ info ] [ DB ] INIT mysql
[ info ] [ VIEW ] G:\wamp64\www\ib5/application/index\view\index\index.html [ array (
  0 => 'squarecount',
  1 => 'buildingcount',
  2 => 'floorcount',
  3 => 'apcount',
) ]
[ info ] [ LOG ] INIT File
[ sql ] [ DB ] CONNECT:[ UseTime:0.002000s ] mysql:dbname=location_data;host=127.0.0.1;port=3306;charset=utf8
[ sql ] [ SQL ] SHOW COLUMNS FROM `square` [ RunTime:0.017001s ]
[ sql ] [ SQL ] SELECT COUNT(*) AS tp_count FROM `square` LIMIT 1 [ RunTime:0.039002s ]
[ sql ] [ SQL ] SHOW COLUMNS FROM `building` [ RunTime:0.055003s ]
[ sql ] [ SQL ] SELECT COUNT(*) AS tp_count FROM `building` LIMIT 1 [ RunTime:0.001000s ]
[ sql ] [ SQL ] SHOW COLUMNS FROM `floor` [ RunTime:0.013000s ]
[ sql ] [ SQL ] SELECT COUNT(*) AS tp_count FROM `floor` LIMIT 1 [ RunTime:0.001000s ]
[ sql ] [ SQL ] SHOW COLUMNS FROM `aps` [ RunTime:0.026001s ]
[ sql ] [ SQL ] SELECT COUNT(*) AS tp_count FROM `aps` LIMIT 1 [ RunTime:0.001000s ]

---------------------------------------------------------------
[ 2017-07-24T13:23:47+08:00 ] ::1 ::1 GET /ib5/index.php/index/place/square.html
[ log ] localhost/ib5/index.php/index/place/square.html [运行时间：0.378022s][吞吐率：2.65req/s] [内存消耗：5,012.18kb] [文件加载：61]
[ info ] [ LANG ] G:\wamp64\www\ib5\thinkphp\lang\zh-cn.php
[ info ] [ ROUTE ] array (
  'type' => 'module',
  'module' => 
  array (
    0 => 'index',
    1 => 'place',
    2 => 'square',
  ),
)
[ info ] [ HEADER ] array (
  'host' => 'localhost',
  'connection' => 'keep-alive',
  'upgrade-insecure-requests' => '1',
  'user-agent' => 'Mozilla/5.0 (Windows NT 6.1; WOW64) AppleWebKit/537.36 (KHTML, like Gecko) Chrome/59.0.3071.104 Safari/537.36',
  'accept' => 'text/html,application/xhtml+xml,application/xml;q=0.9,image/webp,image/apng,*/*;q=0.8',
  'referer' => 'http://localhost/ib5/index.php/index/index/index.html',
  'accept-encoding' => 'gzip, deflate, br',
  'accept-language' => 'zh-CN,zh;q=0.8',
  'cookie' => 'a0537_times=3; UM_distinctid=15d02e2e01f6-0f4ab884e85d8a-474b0421-100200-15d02e2e020fe; CNZZDATA1260520261=1135890009-1498991043-%7C1498991043; Hm_lvt_58347d769d009bcf6074e9a0ab7ba05e=1498282664,1499393186,1499415898,1499837253; auth=c863588c1c0e9a14c4ad1c4697100848; userName=admin; userPass=admin; PHPSESSID=69mbtbol6orp1jg2mc58llsui3',
)
[ info ] [ PARAM ] array (
)
[ info ] [ SESSION ] INIT array (
  'id' => '',
  'var_session_id' => '',
  'prefix' => 'think',
  'type' => '',
  'auto_start' => true,
)
[ info ] [ RUN ] app\index\controller\Place->square[ G:\wamp64\www\ib5\application\index\controller\Place.php ]
[ info ] [ DB ] INIT mysql
[ info ] [ VIEW ] G:\wamp64\www\ib5/application/index\view\place\square.html [ array (
  0 => 'list',
  1 => 'pro',
) ]
[ info ] [ LOG ] INIT File
[ sql ] [ DB ] CONNECT:[ UseTime:0.002000s ] mysql:dbname=location_data;host=127.0.0.1;port=3306;charset=utf8
[ sql ] [ SQL ] SHOW COLUMNS FROM `aps` [ RunTime:0.003000s ]
[ sql ] [ SQL ] SHOW COLUMNS FROM `square` [ RunTime:0.004001s ]
[ sql ] [ SQL ] SELECT COUNT(*) AS tp_count FROM `square` INNER JOIN `sys_location_info` `sys_location_info` ON `square`.`location_id`=`sys_location_info`.`location_id` LEFT JOIN ( SELECT count(*) AS `cnt`,`campus_id` FROM `aps` GROUP BY campus_id ) `a` ON `a`.`campus_id`=`square`.`id` LIMIT 1 [ RunTime:0.035002s ]
[ sql ] [ SQL ] SELECT * FROM `square` INNER JOIN `sys_location_info` `sys_location_info` ON `square`.`location_id`=`sys_location_info`.`location_id` LEFT JOIN ( SELECT count(*) AS `cnt`,`campus_id` FROM `aps` GROUP BY campus_id ) `a` ON `a`.`campus_id`=`square`.`id` LIMIT 0,10 [ RunTime:0.023001s ]
[ sql ] [ SQL ] SHOW COLUMNS FROM `sys_location_info` [ RunTime:0.003000s ]
[ sql ] [ SQL ] SELECT * FROM `sys_location_info` WHERE  (  parent_location_id=0 ) [ RunTime:0.016001s ]

---------------------------------------------------------------
[ 2017-07-24T13:23:48+08:00 ] ::1 ::1 POST /ib5/index.php/index/place/ajaxgetareasbycityid.html
[ log ] localhost/ib5/index.php/index/place/ajaxgetareasbycityid.html [运行时间：0.152008s][吞吐率：6.58req/s] [内存消耗：4,325.17kb] [文件加载：54]
[ info ] [ LANG ] G:\wamp64\www\ib5\thinkphp\lang\zh-cn.php
[ info ] [ ROUTE ] array (
  'type' => 'module',
  'module' => 
  array (
    0 => 'index',
    1 => 'place',
    2 => 'ajaxgetareasbycityid',
  ),
)
[ info ] [ HEADER ] array (
  'host' => 'localhost',
  'connection' => 'keep-alive',
  'content-length' => '13',
  'accept' => 'application/json, text/javascript, */*; q=0.01',
  'origin' => 'http://localhost',
  'x-requested-with' => 'XMLHttpRequest',
  'user-agent' => 'Mozilla/5.0 (Windows NT 6.1; WOW64) AppleWebKit/537.36 (KHTML, like Gecko) Chrome/59.0.3071.104 Safari/537.36',
  'content-type' => 'application/x-www-form-urlencoded; charset=UTF-8',
  'referer' => 'http://localhost/ib5/index.php/index/place/square.html',
  'accept-encoding' => 'gzip, deflate, br',
  'accept-language' => 'zh-CN,zh;q=0.8',
  'cookie' => 'a0537_times=3; UM_distinctid=15d02e2e01f6-0f4ab884e85d8a-474b0421-100200-15d02e2e020fe; CNZZDATA1260520261=1135890009-1498991043-%7C1498991043; Hm_lvt_58347d769d009bcf6074e9a0ab7ba05e=1498282664,1499393186,1499415898,1499837253; auth=c863588c1c0e9a14c4ad1c4697100848; userName=admin; userPass=admin; PHPSESSID=69mbtbol6orp1jg2mc58llsui3',
)
[ info ] [ PARAM ] array (
  'location_id' => '1',
)
[ info ] [ SESSION ] INIT array (
  'id' => '',
  'var_session_id' => '',
  'prefix' => 'think',
  'type' => '',
  'auto_start' => true,
)
[ info ] [ RUN ] app\index\controller\Place->ajaxGetAreasByCityId[ G:\wamp64\www\ib5\application\index\controller\Place.php ]
[ info ] [ DB ] INIT mysql
[ info ] [ LOG ] INIT File
[ sql ] [ DB ] CONNECT:[ UseTime:0.010001s ] mysql:dbname=location_data;host=127.0.0.1;port=3306;charset=utf8
[ sql ] [ SQL ] SHOW COLUMNS FROM `sys_location_info` [ RunTime:0.004000s ]
[ sql ] [ SQL ] SELECT * FROM `sys_location_info` WHERE  (  parent_location_id=1 ) [ RunTime:0.001000s ]

---------------------------------------------------------------
[ 2017-07-24T13:23:49+08:00 ] ::1 ::1 GET /ib5/index.php/index/place/floor.html
[ log ] localhost/ib5/index.php/index/place/floor.html [运行时间：0.267015s][吞吐率：3.75req/s] [内存消耗：5,034.80kb] [文件加载：61]
[ info ] [ LANG ] G:\wamp64\www\ib5\thinkphp\lang\zh-cn.php
[ info ] [ ROUTE ] array (
  'type' => 'module',
  'module' => 
  array (
    0 => 'index',
    1 => 'place',
    2 => 'floor',
  ),
)
[ info ] [ HEADER ] array (
  'host' => 'localhost',
  'connection' => 'keep-alive',
  'upgrade-insecure-requests' => '1',
  'user-agent' => 'Mozilla/5.0 (Windows NT 6.1; WOW64) AppleWebKit/537.36 (KHTML, like Gecko) Chrome/59.0.3071.104 Safari/537.36',
  'accept' => 'text/html,application/xhtml+xml,application/xml;q=0.9,image/webp,image/apng,*/*;q=0.8',
  'referer' => 'http://localhost/ib5/index.php/index/place/square.html',
  'accept-encoding' => 'gzip, deflate, br',
  'accept-language' => 'zh-CN,zh;q=0.8',
  'cookie' => 'a0537_times=3; UM_distinctid=15d02e2e01f6-0f4ab884e85d8a-474b0421-100200-15d02e2e020fe; CNZZDATA1260520261=1135890009-1498991043-%7C1498991043; Hm_lvt_58347d769d009bcf6074e9a0ab7ba05e=1498282664,1499393186,1499415898,1499837253; auth=c863588c1c0e9a14c4ad1c4697100848; userName=admin; userPass=admin; PHPSESSID=69mbtbol6orp1jg2mc58llsui3',
)
[ info ] [ PARAM ] array (
)
[ info ] [ SESSION ] INIT array (
  'id' => '',
  'var_session_id' => '',
  'prefix' => 'think',
  'type' => '',
  'auto_start' => true,
)
[ info ] [ RUN ] app\index\controller\Place->floor[ G:\wamp64\www\ib5\application\index\controller\Place.php ]
[ info ] [ DB ] INIT mysql
[ info ] [ DB ] INIT mysql
[ info ] [ DB ] INIT mysql
[ info ] [ VIEW ] G:\wamp64\www\ib5/application/index\view\place\floor.html [ array (
  0 => 'page',
  1 => 'squarelist',
  2 => 'floorlist',
) ]
[ info ] [ LOG ] INIT File
[ sql ] [ DB ] CONNECT:[ UseTime:0.002000s ] mysql:dbname=location_data;host=127.0.0.1;port=3306;charset=utf8
[ sql ] [ SQL ] SHOW COLUMNS FROM `square` [ RunTime:0.005000s ]
[ sql ] [ SQL ] SELECT * FROM `square` [ RunTime:0.001000s ]
[ sql ] [ DB ] CONNECT:[ UseTime:0.003001s ] mysql:dbname=location_data;host=127.0.0.1;port=3306;charset=utf8
[ sql ] [ SQL ] SHOW COLUMNS FROM `aps` [ RunTime:0.003000s ]
[ sql ] [ DB ] CONNECT:[ UseTime:0.002000s ] mysql:dbname=location_data;host=127.0.0.1;port=3306;charset=utf8
[ sql ] [ SQL ] SHOW COLUMNS FROM `floor` [ RunTime:0.006000s ]
[ sql ] [ SQL ] SELECT COUNT(*) AS tp_count FROM `floor` INNER JOIN `square` `s` ON `s`.`id`=`floor`.`campus_id` INNER JOIN `building` `b` ON `b`.`id`=`floor`.`building_id` INNER JOIN `sys_location_info` `sys_location_info` ON `sys_location_info`.`location_id`=`s`.`location_id` LEFT JOIN ( SELECT count(*) AS `cnt`,`floor_id` FROM `aps` GROUP BY floor_id ) `a` ON `a`.`floor_id`=`floor`.`id` LIMIT 1 [ RunTime:0.008001s ]
[ sql ] [ SQL ] SELECT `s`.`campus_name`,`floor`.`floor_name`,`b`.`building_name`,`floor`.`floor_img_X`,`floor`.`floor_img_Y`,`floor_img_path`,`sys_location_info`.`location_name`,`floor`.`building_id`,`floor`.`campus_id`,`floor`.`id`,`a`.`cnt` FROM `floor` INNER JOIN `square` `s` ON `s`.`id`=`floor`.`campus_id` INNER JOIN `building` `b` ON `b`.`id`=`floor`.`building_id` INNER JOIN `sys_location_info` `sys_location_info` ON `sys_location_info`.`location_id`=`s`.`location_id` LEFT JOIN ( SELECT count(*) AS `cnt`,`floor_id` FROM `aps` GROUP BY floor_id ) `a` ON `a`.`floor_id`=`floor`.`id` LIMIT 0,10 [ RunTime:0.002000s ]

---------------------------------------------------------------
[ 2017-07-24T13:23:50+08:00 ] ::1 ::1 POST /ib5/index.php/index/place/getbuildings.html
[ log ] localhost/ib5/index.php/index/place/getbuildings.html [运行时间：0.150009s][吞吐率：6.67req/s] [内存消耗：4,323.50kb] [文件加载：54]
[ info ] [ LANG ] G:\wamp64\www\ib5\thinkphp\lang\zh-cn.php
[ info ] [ ROUTE ] array (
  'type' => 'module',
  'module' => 
  array (
    0 => 'index',
    1 => 'place',
    2 => 'getbuildings',
  ),
)
[ info ] [ HEADER ] array (
  'host' => 'localhost',
  'connection' => 'keep-alive',
  'content-length' => '4',
  'accept' => 'application/json, text/javascript, */*; q=0.01',
  'origin' => 'http://localhost',
  'x-requested-with' => 'XMLHttpRequest',
  'user-agent' => 'Mozilla/5.0 (Windows NT 6.1; WOW64) AppleWebKit/537.36 (KHTML, like Gecko) Chrome/59.0.3071.104 Safari/537.36',
  'content-type' => 'application/x-www-form-urlencoded; charset=UTF-8',
  'referer' => 'http://localhost/ib5/index.php/index/place/floor.html',
  'accept-encoding' => 'gzip, deflate, br',
  'accept-language' => 'zh-CN,zh;q=0.8',
  'cookie' => 'a0537_times=3; UM_distinctid=15d02e2e01f6-0f4ab884e85d8a-474b0421-100200-15d02e2e020fe; CNZZDATA1260520261=1135890009-1498991043-%7C1498991043; Hm_lvt_58347d769d009bcf6074e9a0ab7ba05e=1498282664,1499393186,1499415898,1499837253; auth=c863588c1c0e9a14c4ad1c4697100848; userName=admin; userPass=admin; PHPSESSID=69mbtbol6orp1jg2mc58llsui3',
)
[ info ] [ PARAM ] array (
  'id' => '1',
)
[ info ] [ SESSION ] INIT array (
  'id' => '',
  'var_session_id' => '',
  'prefix' => 'think',
  'type' => '',
  'auto_start' => true,
)
[ info ] [ RUN ] app\index\controller\Place->getbuildings[ G:\wamp64\www\ib5\application\index\controller\Place.php ]
[ info ] [ DB ] INIT mysql
[ info ] [ LOG ] INIT File
[ sql ] [ DB ] CONNECT:[ UseTime:0.002000s ] mysql:dbname=location_data;host=127.0.0.1;port=3306;charset=utf8
[ sql ] [ SQL ] SHOW COLUMNS FROM `building` [ RunTime:0.002000s ]
[ sql ] [ SQL ] SELECT * FROM `building` WHERE  (  campusId=1 ) [ RunTime:0.001001s ]

---------------------------------------------------------------
[ 2017-07-24T13:23:50+08:00 ] ::1 ::1 POST /ib5/index.php/index/place/getbuilding.html
[ log ] localhost/ib5/index.php/index/place/getbuilding.html [运行时间：0.193011s][吞吐率：5.18req/s] [内存消耗：4,323.46kb] [文件加载：54]
[ info ] [ LANG ] G:\wamp64\www\ib5\thinkphp\lang\zh-cn.php
[ info ] [ ROUTE ] array (
  'type' => 'module',
  'module' => 
  array (
    0 => 'index',
    1 => 'place',
    2 => 'getbuilding',
  ),
)
[ info ] [ HEADER ] array (
  'host' => 'localhost',
  'connection' => 'keep-alive',
  'content-length' => '4',
  'accept' => 'application/json, text/javascript, */*; q=0.01',
  'origin' => 'http://localhost',
  'x-requested-with' => 'XMLHttpRequest',
  'user-agent' => 'Mozilla/5.0 (Windows NT 6.1; WOW64) AppleWebKit/537.36 (KHTML, like Gecko) Chrome/59.0.3071.104 Safari/537.36',
  'content-type' => 'application/x-www-form-urlencoded; charset=UTF-8',
  'referer' => 'http://localhost/ib5/index.php/index/place/floor.html',
  'accept-encoding' => 'gzip, deflate, br',
  'accept-language' => 'zh-CN,zh;q=0.8',
  'cookie' => 'a0537_times=3; UM_distinctid=15d02e2e01f6-0f4ab884e85d8a-474b0421-100200-15d02e2e020fe; CNZZDATA1260520261=1135890009-1498991043-%7C1498991043; Hm_lvt_58347d769d009bcf6074e9a0ab7ba05e=1498282664,1499393186,1499415898,1499837253; auth=c863588c1c0e9a14c4ad1c4697100848; userName=admin; userPass=admin; PHPSESSID=69mbtbol6orp1jg2mc58llsui3',
)
[ info ] [ PARAM ] array (
  'id' => '1',
)
[ info ] [ SESSION ] INIT array (
  'id' => '',
  'var_session_id' => '',
  'prefix' => 'think',
  'type' => '',
  'auto_start' => true,
)
[ info ] [ RUN ] app\index\controller\Place->getbuilding[ G:\wamp64\www\ib5\application\index\controller\Place.php ]
[ info ] [ DB ] INIT mysql
[ info ] [ LOG ] INIT File
[ sql ] [ DB ] CONNECT:[ UseTime:0.010001s ] mysql:dbname=location_data;host=127.0.0.1;port=3306;charset=utf8
[ sql ] [ SQL ] SHOW COLUMNS FROM `building` [ RunTime:0.002000s ]
[ sql ] [ SQL ] SELECT * FROM `building` WHERE  (  campusId=1 ) [ RunTime:0.001000s ]

---------------------------------------------------------------
[ 2017-07-24T13:24:30+08:00 ] ::1 ::1 GET /ib5/index.php/index/apposition/position.html?floor_id=1
[ log ] localhost/ib5/index.php/index/apposition/position.html?floor_id=1 [运行时间：0.316018s][吞吐率：3.16req/s] [内存消耗：4,815.08kb] [文件加载：58]
[ info ] [ LANG ] G:\wamp64\www\ib5\thinkphp\lang\zh-cn.php
[ info ] [ ROUTE ] array (
  'type' => 'module',
  'module' => 
  array (
    0 => 'index',
    1 => 'apposition',
    2 => 'position',
  ),
)
[ info ] [ HEADER ] array (
  'host' => 'localhost',
  'connection' => 'keep-alive',
  'upgrade-insecure-requests' => '1',
  'user-agent' => 'Mozilla/5.0 (Windows NT 6.1; WOW64) AppleWebKit/537.36 (KHTML, like Gecko) Chrome/59.0.3071.104 Safari/537.36',
  'accept' => 'text/html,application/xhtml+xml,application/xml;q=0.9,image/webp,image/apng,*/*;q=0.8',
  'referer' => 'http://localhost/ib5/index.php/index/place/floor.html',
  'accept-encoding' => 'gzip, deflate, br',
  'accept-language' => 'zh-CN,zh;q=0.8',
  'cookie' => 'a0537_times=3; UM_distinctid=15d02e2e01f6-0f4ab884e85d8a-474b0421-100200-15d02e2e020fe; CNZZDATA1260520261=1135890009-1498991043-%7C1498991043; Hm_lvt_58347d769d009bcf6074e9a0ab7ba05e=1498282664,1499393186,1499415898,1499837253; auth=c863588c1c0e9a14c4ad1c4697100848; userName=admin; userPass=admin; PHPSESSID=69mbtbol6orp1jg2mc58llsui3',
)
[ info ] [ PARAM ] array (
  'floor_id' => '1',
)
[ info ] [ SESSION ] INIT array (
  'id' => '',
  'var_session_id' => '',
  'prefix' => 'think',
  'type' => '',
  'auto_start' => true,
)
[ info ] [ RUN ] app\index\controller\Apposition->position[ G:\wamp64\www\ib5\application\index\controller\Apposition.php ]
[ info ] [ DB ] INIT mysql
[ info ] [ DB ] INIT mysql
[ info ] [ DB ] INIT mysql
[ info ] [ VIEW ] G:\wamp64\www\ib5/application/index\view\apposition\position.html [ array (
  0 => 'aplist',
  1 => 'apinfo',
  2 => 'map',
) ]
[ info ] [ LOG ] INIT File
[ sql ] [ DB ] CONNECT:[ UseTime:0.002000s ] mysql:dbname=location_data;host=127.0.0.1;port=3306;charset=utf8
[ sql ] [ SQL ] SHOW COLUMNS FROM `floor` [ RunTime:0.005001s ]
[ sql ] [ SQL ] SELECT * FROM `floor` WHERE  `floor_id` = 1 LIMIT 1 [ RunTime:0.016001s ]
[ sql ] [ DB ] CONNECT:[ UseTime:0.011001s ] mysql:dbname=location_data;host=127.0.0.1;port=3306;charset=utf8
[ sql ] [ SQL ] SHOW COLUMNS FROM `square` [ RunTime:0.005000s ]
[ sql ] [ SQL ] SELECT `floor`.*,`square`.`campus_name`,`square`.`location_id`,`square`.`campus_address` FROM `square` INNER JOIN `floor` `floor` ON `square`.`id`=`floor`.`campus_id` WHERE  (  floor.id=1 ) LIMIT 1 [ RunTime:0.004000s ]
[ sql ] [ DB ] CONNECT:[ UseTime:0.012001s ] mysql:dbname=location_data;host=127.0.0.1;port=3306;charset=utf8
[ sql ] [ SQL ] SHOW COLUMNS FROM `aps` [ RunTime:0.003000s ]
[ sql ] [ SQL ] SELECT `apname`,`id`,`mac`,`posX` AS `Xcor`,`posY` AS `Ycor`,`status`,`ip`,`vender`,timestampdiff(minute,up_time,now()) AS `off_minute` FROM `aps` WHERE  `floor_id` = 1 [ RunTime:0.001001s ]
[ sql ] [ SQL ] SELECT `mac`,`apname`,`ip`,`vender`,`posX`,`posY` FROM `aps` ORDER BY id desc LIMIT 1 [ RunTime:0.003000s ]

---------------------------------------------------------------
[ 2017-07-24T13:24:46+08:00 ] ::1 ::1 GET /ib5/index.php/index/place/floor.html
[ log ] localhost/ib5/index.php/index/place/floor.html [运行时间：0.272016s][吞吐率：3.68req/s] [内存消耗：4,741.31kb] [文件加载：59]
[ info ] [ LANG ] G:\wamp64\www\ib5\thinkphp\lang\zh-cn.php
[ info ] [ ROUTE ] array (
  'type' => 'module',
  'module' => 
  array (
    0 => 'index',
    1 => 'place',
    2 => 'floor',
  ),
)
[ info ] [ HEADER ] array (
  'host' => 'localhost',
  'connection' => 'keep-alive',
  'upgrade-insecure-requests' => '1',
  'user-agent' => 'Mozilla/5.0 (Windows NT 6.1; WOW64) AppleWebKit/537.36 (KHTML, like Gecko) Chrome/59.0.3071.104 Safari/537.36',
  'accept' => 'text/html,application/xhtml+xml,application/xml;q=0.9,image/webp,image/apng,*/*;q=0.8',
  'referer' => 'http://localhost/ib5/index.php/index/apposition/position.html?floor_id=1',
  'accept-encoding' => 'gzip, deflate, br',
  'accept-language' => 'zh-CN,zh;q=0.8',
  'cookie' => 'a0537_times=3; UM_distinctid=15d02e2e01f6-0f4ab884e85d8a-474b0421-100200-15d02e2e020fe; CNZZDATA1260520261=1135890009-1498991043-%7C1498991043; Hm_lvt_58347d769d009bcf6074e9a0ab7ba05e=1498282664,1499393186,1499415898,1499837253; auth=c863588c1c0e9a14c4ad1c4697100848; userName=admin; userPass=admin; PHPSESSID=69mbtbol6orp1jg2mc58llsui3',
)
[ info ] [ PARAM ] array (
)
[ info ] [ SESSION ] INIT array (
  'id' => '',
  'var_session_id' => '',
  'prefix' => 'think',
  'type' => '',
  'auto_start' => true,
)
[ info ] [ RUN ] app\index\controller\Place->floor[ G:\wamp64\www\ib5\application\index\controller\Place.php ]
[ info ] [ DB ] INIT mysql
[ info ] [ DB ] INIT mysql
[ info ] [ DB ] INIT mysql
[ info ] [ VIEW ] G:\wamp64\www\ib5/application/index\view\place\floor.html [ array (
  0 => 'page',
  1 => 'squarelist',
  2 => 'floorlist',
) ]
[ info ] [ LOG ] INIT File
[ sql ] [ DB ] CONNECT:[ UseTime:0.010001s ] mysql:dbname=location_data;host=127.0.0.1;port=3306;charset=utf8
[ sql ] [ SQL ] SHOW COLUMNS FROM `square` [ RunTime:0.005000s ]
[ sql ] [ SQL ] SELECT * FROM `square` [ RunTime:0.001000s ]
[ sql ] [ DB ] CONNECT:[ UseTime:0.011000s ] mysql:dbname=location_data;host=127.0.0.1;port=3306;charset=utf8
[ sql ] [ SQL ] SHOW COLUMNS FROM `aps` [ RunTime:0.003000s ]
[ sql ] [ DB ] CONNECT:[ UseTime:0.011001s ] mysql:dbname=location_data;host=127.0.0.1;port=3306;charset=utf8
[ sql ] [ SQL ] SHOW COLUMNS FROM `floor` [ RunTime:0.006000s ]
[ sql ] [ SQL ] SELECT COUNT(*) AS tp_count FROM `floor` INNER JOIN `square` `s` ON `s`.`id`=`floor`.`campus_id` INNER JOIN `building` `b` ON `b`.`id`=`floor`.`building_id` INNER JOIN `sys_location_info` `sys_location_info` ON `sys_location_info`.`location_id`=`s`.`location_id` LEFT JOIN ( SELECT count(*) AS `cnt`,`floor_id` FROM `aps` GROUP BY floor_id ) `a` ON `a`.`floor_id`=`floor`.`id` LIMIT 1 [ RunTime:0.008001s ]
[ sql ] [ SQL ] SELECT `s`.`campus_name`,`floor`.`floor_name`,`b`.`building_name`,`floor`.`floor_img_X`,`floor`.`floor_img_Y`,`floor_img_path`,`sys_location_info`.`location_name`,`floor`.`building_id`,`floor`.`campus_id`,`floor`.`id`,`a`.`cnt` FROM `floor` INNER JOIN `square` `s` ON `s`.`id`=`floor`.`campus_id` INNER JOIN `building` `b` ON `b`.`id`=`floor`.`building_id` INNER JOIN `sys_location_info` `sys_location_info` ON `sys_location_info`.`location_id`=`s`.`location_id` LEFT JOIN ( SELECT count(*) AS `cnt`,`floor_id` FROM `aps` GROUP BY floor_id ) `a` ON `a`.`floor_id`=`floor`.`id` LIMIT 0,10 [ RunTime:0.004000s ]

---------------------------------------------------------------
[ 2017-07-24T13:24:46+08:00 ] ::1 ::1 POST /ib5/index.php/index/place/getbuildings.html
[ log ] localhost/ib5/index.php/index/place/getbuildings.html [运行时间：0.125007s][吞吐率：8.00req/s] [内存消耗：4,323.50kb] [文件加载：54]
[ info ] [ LANG ] G:\wamp64\www\ib5\thinkphp\lang\zh-cn.php
[ info ] [ ROUTE ] array (
  'type' => 'module',
  'module' => 
  array (
    0 => 'index',
    1 => 'place',
    2 => 'getbuildings',
  ),
)
[ info ] [ HEADER ] array (
  'host' => 'localhost',
  'connection' => 'keep-alive',
  'content-length' => '4',
  'accept' => 'application/json, text/javascript, */*; q=0.01',
  'origin' => 'http://localhost',
  'x-requested-with' => 'XMLHttpRequest',
  'user-agent' => 'Mozilla/5.0 (Windows NT 6.1; WOW64) AppleWebKit/537.36 (KHTML, like Gecko) Chrome/59.0.3071.104 Safari/537.36',
  'content-type' => 'application/x-www-form-urlencoded; charset=UTF-8',
  'referer' => 'http://localhost/ib5/index.php/index/place/floor.html',
  'accept-encoding' => 'gzip, deflate, br',
  'accept-language' => 'zh-CN,zh;q=0.8',
  'cookie' => 'a0537_times=3; UM_distinctid=15d02e2e01f6-0f4ab884e85d8a-474b0421-100200-15d02e2e020fe; CNZZDATA1260520261=1135890009-1498991043-%7C1498991043; Hm_lvt_58347d769d009bcf6074e9a0ab7ba05e=1498282664,1499393186,1499415898,1499837253; auth=c863588c1c0e9a14c4ad1c4697100848; userName=admin; userPass=admin; PHPSESSID=69mbtbol6orp1jg2mc58llsui3',
)
[ info ] [ PARAM ] array (
  'id' => '1',
)
[ info ] [ SESSION ] INIT array (
  'id' => '',
  'var_session_id' => '',
  'prefix' => 'think',
  'type' => '',
  'auto_start' => true,
)
[ info ] [ RUN ] app\index\controller\Place->getbuildings[ G:\wamp64\www\ib5\application\index\controller\Place.php ]
[ info ] [ DB ] INIT mysql
[ info ] [ LOG ] INIT File
[ sql ] [ DB ] CONNECT:[ UseTime:0.002000s ] mysql:dbname=location_data;host=127.0.0.1;port=3306;charset=utf8
[ sql ] [ SQL ] SHOW COLUMNS FROM `building` [ RunTime:0.003001s ]
[ sql ] [ SQL ] SELECT * FROM `building` WHERE  (  campusId=1 ) [ RunTime:0.001000s ]

---------------------------------------------------------------
[ 2017-07-24T13:24:46+08:00 ] ::1 ::1 POST /ib5/index.php/index/place/getbuilding.html
[ log ] localhost/ib5/index.php/index/place/getbuilding.html [运行时间：0.199012s][吞吐率：5.02req/s] [内存消耗：4,323.46kb] [文件加载：54]
[ info ] [ LANG ] G:\wamp64\www\ib5\thinkphp\lang\zh-cn.php
[ info ] [ ROUTE ] array (
  'type' => 'module',
  'module' => 
  array (
    0 => 'index',
    1 => 'place',
    2 => 'getbuilding',
  ),
)
[ info ] [ HEADER ] array (
  'host' => 'localhost',
  'connection' => 'keep-alive',
  'content-length' => '4',
  'accept' => 'application/json, text/javascript, */*; q=0.01',
  'origin' => 'http://localhost',
  'x-requested-with' => 'XMLHttpRequest',
  'user-agent' => 'Mozilla/5.0 (Windows NT 6.1; WOW64) AppleWebKit/537.36 (KHTML, like Gecko) Chrome/59.0.3071.104 Safari/537.36',
  'content-type' => 'application/x-www-form-urlencoded; charset=UTF-8',
  'referer' => 'http://localhost/ib5/index.php/index/place/floor.html',
  'accept-encoding' => 'gzip, deflate, br',
  'accept-language' => 'zh-CN,zh;q=0.8',
  'cookie' => 'a0537_times=3; UM_distinctid=15d02e2e01f6-0f4ab884e85d8a-474b0421-100200-15d02e2e020fe; CNZZDATA1260520261=1135890009-1498991043-%7C1498991043; Hm_lvt_58347d769d009bcf6074e9a0ab7ba05e=1498282664,1499393186,1499415898,1499837253; auth=c863588c1c0e9a14c4ad1c4697100848; userName=admin; userPass=admin; PHPSESSID=69mbtbol6orp1jg2mc58llsui3',
)
[ info ] [ PARAM ] array (
  'id' => '1',
)
[ info ] [ SESSION ] INIT array (
  'id' => '',
  'var_session_id' => '',
  'prefix' => 'think',
  'type' => '',
  'auto_start' => true,
)
[ info ] [ RUN ] app\index\controller\Place->getbuilding[ G:\wamp64\www\ib5\application\index\controller\Place.php ]
[ info ] [ DB ] INIT mysql
[ info ] [ LOG ] INIT File
[ sql ] [ DB ] CONNECT:[ UseTime:0.001000s ] mysql:dbname=location_data;host=127.0.0.1;port=3306;charset=utf8
[ sql ] [ SQL ] SHOW COLUMNS FROM `building` [ RunTime:0.002000s ]
[ sql ] [ SQL ] SELECT * FROM `building` WHERE  (  campusId=1 ) [ RunTime:0.001000s ]

---------------------------------------------------------------
[ 2017-07-24T13:25:34+08:00 ] ::1 ::1 GET /ib5/index.php/index/place/floor.html
[ log ] localhost/ib5/index.php/index/place/floor.html [运行时间：0.289016s][吞吐率：3.46req/s] [内存消耗：5,035.37kb] [文件加载：61]
[ info ] [ LANG ] G:\wamp64\www\ib5\thinkphp\lang\zh-cn.php
[ info ] [ ROUTE ] array (
  'type' => 'module',
  'module' => 
  array (
    0 => 'index',
    1 => 'place',
    2 => 'floor',
  ),
)
[ info ] [ HEADER ] array (
  'host' => 'localhost',
  'connection' => 'keep-alive',
  'cache-control' => 'max-age=0',
  'upgrade-insecure-requests' => '1',
  'user-agent' => 'Mozilla/5.0 (Windows NT 6.1; WOW64) AppleWebKit/537.36 (KHTML, like Gecko) Chrome/59.0.3071.104 Safari/537.36',
  'accept' => 'text/html,application/xhtml+xml,application/xml;q=0.9,image/webp,image/apng,*/*;q=0.8',
  'referer' => 'http://localhost/ib5/index.php/index/apposition/position.html?floor_id=1',
  'accept-encoding' => 'gzip, deflate, br',
  'accept-language' => 'zh-CN,zh;q=0.8',
  'cookie' => 'a0537_times=3; UM_distinctid=15d02e2e01f6-0f4ab884e85d8a-474b0421-100200-15d02e2e020fe; CNZZDATA1260520261=1135890009-1498991043-%7C1498991043; Hm_lvt_58347d769d009bcf6074e9a0ab7ba05e=1498282664,1499393186,1499415898,1499837253; auth=c863588c1c0e9a14c4ad1c4697100848; userName=admin; userPass=admin; PHPSESSID=69mbtbol6orp1jg2mc58llsui3',
)
[ info ] [ PARAM ] array (
)
[ info ] [ SESSION ] INIT array (
  'id' => '',
  'var_session_id' => '',
  'prefix' => 'think',
  'type' => '',
  'auto_start' => true,
)
[ info ] [ RUN ] app\index\controller\Place->floor[ G:\wamp64\www\ib5\application\index\controller\Place.php ]
[ info ] [ DB ] INIT mysql
[ info ] [ DB ] INIT mysql
[ info ] [ DB ] INIT mysql
[ info ] [ VIEW ] G:\wamp64\www\ib5/application/index\view\place\floor.html [ array (
  0 => 'page',
  1 => 'squarelist',
  2 => 'floorlist',
) ]
[ info ] [ LOG ] INIT File
[ sql ] [ DB ] CONNECT:[ UseTime:0.010001s ] mysql:dbname=location_data;host=127.0.0.1;port=3306;charset=utf8
[ sql ] [ SQL ] SHOW COLUMNS FROM `square` [ RunTime:0.005000s ]
[ sql ] [ SQL ] SELECT * FROM `square` [ RunTime:0.001000s ]
[ sql ] [ DB ] CONNECT:[ UseTime:0.011001s ] mysql:dbname=location_data;host=127.0.0.1;port=3306;charset=utf8
[ sql ] [ SQL ] SHOW COLUMNS FROM `aps` [ RunTime:0.003000s ]
[ sql ] [ DB ] CONNECT:[ UseTime:0.010001s ] mysql:dbname=location_data;host=127.0.0.1;port=3306;charset=utf8
[ sql ] [ SQL ] SHOW COLUMNS FROM `floor` [ RunTime:0.006000s ]
[ sql ] [ SQL ] SELECT COUNT(*) AS tp_count FROM `floor` INNER JOIN `square` `s` ON `s`.`id`=`floor`.`campus_id` INNER JOIN `building` `b` ON `b`.`id`=`floor`.`building_id` INNER JOIN `sys_location_info` `sys_location_info` ON `sys_location_info`.`location_id`=`s`.`location_id` LEFT JOIN ( SELECT count(*) AS `cnt`,`floor_id` FROM `aps` GROUP BY floor_id ) `a` ON `a`.`floor_id`=`floor`.`id` LIMIT 1 [ RunTime:0.006001s ]
[ sql ] [ SQL ] SELECT `s`.`campus_name`,`floor`.`floor_name`,`b`.`building_name`,`floor`.`floor_img_X`,`floor`.`floor_img_Y`,`floor_img_path`,`sys_location_info`.`location_name`,`floor`.`building_id`,`floor`.`campus_id`,`floor`.`id`,`a`.`cnt` FROM `floor` INNER JOIN `square` `s` ON `s`.`id`=`floor`.`campus_id` INNER JOIN `building` `b` ON `b`.`id`=`floor`.`building_id` INNER JOIN `sys_location_info` `sys_location_info` ON `sys_location_info`.`location_id`=`s`.`location_id` LEFT JOIN ( SELECT count(*) AS `cnt`,`floor_id` FROM `aps` GROUP BY floor_id ) `a` ON `a`.`floor_id`=`floor`.`id` LIMIT 0,10 [ RunTime:0.002000s ]

---------------------------------------------------------------
[ 2017-07-24T13:25:34+08:00 ] ::1 ::1 POST /ib5/index.php/index/place/getbuildings.html
[ log ] localhost/ib5/index.php/index/place/getbuildings.html [运行时间：0.163009s][吞吐率：6.13req/s] [内存消耗：4,323.50kb] [文件加载：54]
[ info ] [ LANG ] G:\wamp64\www\ib5\thinkphp\lang\zh-cn.php
[ info ] [ ROUTE ] array (
  'type' => 'module',
  'module' => 
  array (
    0 => 'index',
    1 => 'place',
    2 => 'getbuildings',
  ),
)
[ info ] [ HEADER ] array (
  'host' => 'localhost',
  'connection' => 'keep-alive',
  'content-length' => '4',
  'accept' => 'application/json, text/javascript, */*; q=0.01',
  'origin' => 'http://localhost',
  'x-requested-with' => 'XMLHttpRequest',
  'user-agent' => 'Mozilla/5.0 (Windows NT 6.1; WOW64) AppleWebKit/537.36 (KHTML, like Gecko) Chrome/59.0.3071.104 Safari/537.36',
  'content-type' => 'application/x-www-form-urlencoded; charset=UTF-8',
  'referer' => 'http://localhost/ib5/index.php/index/place/floor.html',
  'accept-encoding' => 'gzip, deflate, br',
  'accept-language' => 'zh-CN,zh;q=0.8',
  'cookie' => 'a0537_times=3; UM_distinctid=15d02e2e01f6-0f4ab884e85d8a-474b0421-100200-15d02e2e020fe; CNZZDATA1260520261=1135890009-1498991043-%7C1498991043; Hm_lvt_58347d769d009bcf6074e9a0ab7ba05e=1498282664,1499393186,1499415898,1499837253; auth=c863588c1c0e9a14c4ad1c4697100848; userName=admin; userPass=admin; PHPSESSID=69mbtbol6orp1jg2mc58llsui3',
)
[ info ] [ PARAM ] array (
  'id' => '1',
)
[ info ] [ SESSION ] INIT array (
  'id' => '',
  'var_session_id' => '',
  'prefix' => 'think',
  'type' => '',
  'auto_start' => true,
)
[ info ] [ RUN ] app\index\controller\Place->getbuildings[ G:\wamp64\www\ib5\application\index\controller\Place.php ]
[ info ] [ DB ] INIT mysql
[ info ] [ LOG ] INIT File
[ sql ] [ DB ] CONNECT:[ UseTime:0.015001s ] mysql:dbname=location_data;host=127.0.0.1;port=3306;charset=utf8
[ sql ] [ SQL ] SHOW COLUMNS FROM `building` [ RunTime:0.007001s ]
[ sql ] [ SQL ] SELECT * FROM `building` WHERE  (  campusId=1 ) [ RunTime:0.001000s ]

---------------------------------------------------------------
[ 2017-07-24T13:25:35+08:00 ] ::1 ::1 POST /ib5/index.php/index/place/getbuilding.html
[ log ] localhost/ib5/index.php/index/place/getbuilding.html [运行时间：0.266015s][吞吐率：3.76req/s] [内存消耗：4,323.46kb] [文件加载：54]
[ info ] [ LANG ] G:\wamp64\www\ib5\thinkphp\lang\zh-cn.php
[ info ] [ ROUTE ] array (
  'type' => 'module',
  'module' => 
  array (
    0 => 'index',
    1 => 'place',
    2 => 'getbuilding',
  ),
)
[ info ] [ HEADER ] array (
  'host' => 'localhost',
  'connection' => 'keep-alive',
  'content-length' => '4',
  'accept' => 'application/json, text/javascript, */*; q=0.01',
  'origin' => 'http://localhost',
  'x-requested-with' => 'XMLHttpRequest',
  'user-agent' => 'Mozilla/5.0 (Windows NT 6.1; WOW64) AppleWebKit/537.36 (KHTML, like Gecko) Chrome/59.0.3071.104 Safari/537.36',
  'content-type' => 'application/x-www-form-urlencoded; charset=UTF-8',
  'referer' => 'http://localhost/ib5/index.php/index/place/floor.html',
  'accept-encoding' => 'gzip, deflate, br',
  'accept-language' => 'zh-CN,zh;q=0.8',
  'cookie' => 'a0537_times=3; UM_distinctid=15d02e2e01f6-0f4ab884e85d8a-474b0421-100200-15d02e2e020fe; CNZZDATA1260520261=1135890009-1498991043-%7C1498991043; Hm_lvt_58347d769d009bcf6074e9a0ab7ba05e=1498282664,1499393186,1499415898,1499837253; auth=c863588c1c0e9a14c4ad1c4697100848; userName=admin; userPass=admin; PHPSESSID=69mbtbol6orp1jg2mc58llsui3',
)
[ info ] [ PARAM ] array (
  'id' => '1',
)
[ info ] [ SESSION ] INIT array (
  'id' => '',
  'var_session_id' => '',
  'prefix' => 'think',
  'type' => '',
  'auto_start' => true,
)
[ info ] [ RUN ] app\index\controller\Place->getbuilding[ G:\wamp64\www\ib5\application\index\controller\Place.php ]
[ info ] [ DB ] INIT mysql
[ info ] [ LOG ] INIT File
[ sql ] [ DB ] CONNECT:[ UseTime:0.002000s ] mysql:dbname=location_data;host=127.0.0.1;port=3306;charset=utf8
[ sql ] [ SQL ] SHOW COLUMNS FROM `building` [ RunTime:0.002000s ]
[ sql ] [ SQL ] SELECT * FROM `building` WHERE  (  campusId=1 ) [ RunTime:0.001000s ]

---------------------------------------------------------------
[ 2017-07-24T17:06:39+08:00 ] ::1 ::1 GET /ib5/index.php/index/apposition/position.html?floor_id=1
[ log ] localhost/ib5/index.php/index/apposition/position.html?floor_id=1 [运行时间：0.241014s][吞吐率：4.15req/s] [内存消耗：4,527.88kb] [文件加载：56]
[ info ] [ LANG ] G:\wamp64\www\ib5\thinkphp\lang\zh-cn.php
[ info ] [ ROUTE ] array (
  'type' => 'module',
  'module' => 
  array (
    0 => 'index',
    1 => 'apposition',
    2 => 'position',
  ),
)
[ info ] [ HEADER ] array (
  'host' => 'localhost',
  'connection' => 'keep-alive',
  'upgrade-insecure-requests' => '1',
  'user-agent' => 'Mozilla/5.0 (Windows NT 6.1; WOW64) AppleWebKit/537.36 (KHTML, like Gecko) Chrome/59.0.3071.104 Safari/537.36',
  'accept' => 'text/html,application/xhtml+xml,application/xml;q=0.9,image/webp,image/apng,*/*;q=0.8',
  'referer' => 'http://localhost/ib5/index.php/index/place/floor.html',
  'accept-encoding' => 'gzip, deflate, br',
  'accept-language' => 'zh-CN,zh;q=0.8',
  'cookie' => 'a0537_times=3; UM_distinctid=15d02e2e01f6-0f4ab884e85d8a-474b0421-100200-15d02e2e020fe; CNZZDATA1260520261=1135890009-1498991043-%7C1498991043; Hm_lvt_58347d769d009bcf6074e9a0ab7ba05e=1498282664,1499393186,1499415898,1499837253; auth=c863588c1c0e9a14c4ad1c4697100848; PHPSESSID=69mbtbol6orp1jg2mc58llsui3; userName=admin; userPass=admin',
)
[ info ] [ PARAM ] array (
  'floor_id' => '1',
)
[ info ] [ SESSION ] INIT array (
  'id' => '',
  'var_session_id' => '',
  'prefix' => 'think',
  'type' => '',
  'auto_start' => true,
)
[ info ] [ RUN ] app\index\controller\Apposition->position[ G:\wamp64\www\ib5\application\index\controller\Apposition.php ]
[ info ] [ DB ] INIT mysql
[ info ] [ DB ] INIT mysql
[ info ] [ DB ] INIT mysql
[ info ] [ VIEW ] G:\wamp64\www\ib5/application/index\view\apposition\position.html [ array (
  0 => 'aplist',
  1 => 'apinfo',
  2 => 'map',
) ]
[ info ] [ LOG ] INIT File
[ sql ] [ DB ] CONNECT:[ UseTime:0.004000s ] mysql:dbname=location_data;host=127.0.0.1;port=3306;charset=utf8
[ sql ] [ SQL ] SHOW COLUMNS FROM `floor` [ RunTime:0.002000s ]
[ sql ] [ SQL ] SELECT * FROM `floor` WHERE  `floor_id` = 1 LIMIT 1 [ RunTime:0.001000s ]
[ sql ] [ DB ] CONNECT:[ UseTime:0.002000s ] mysql:dbname=location_data;host=127.0.0.1;port=3306;charset=utf8
[ sql ] [ SQL ] SHOW COLUMNS FROM `square` [ RunTime:0.003000s ]
[ sql ] [ SQL ] SELECT `floor`.*,`square`.`campus_name`,`square`.`location_id`,`square`.`campus_address` FROM `square` INNER JOIN `floor` `floor` ON `square`.`id`=`floor`.`campus_id` WHERE  (  floor.id=1 ) LIMIT 1 [ RunTime:0.001000s ]
[ sql ] [ DB ] CONNECT:[ UseTime:0.003000s ] mysql:dbname=location_data;host=127.0.0.1;port=3306;charset=utf8
[ sql ] [ SQL ] SHOW COLUMNS FROM `aps` [ RunTime:0.003000s ]
[ sql ] [ SQL ] SELECT `apname`,`id`,`mac`,`posX` AS `Xcor`,`posY` AS `Ycor`,`status`,`ip`,`vender`,timestampdiff(minute,up_time,now()) AS `off_minute` FROM `aps` WHERE  `floor_id` = 1 [ RunTime:0.002000s ]
[ sql ] [ SQL ] SELECT `mac`,`apname`,`ip`,`vender`,`posX`,`posY` FROM `aps` ORDER BY id desc LIMIT 1 [ RunTime:0.001000s ]

---------------------------------------------------------------
